{"C:\\00Project\\ProjectGray\\00VueProject\\00VueAPI\\config\\db.config.js": {"path":"C:\\00Project\\ProjectGray\\00VueProject\\00VueAPI\\config\\db.config.js","statementMap":{"0":{"start":{"line":2,"column":14},"end":{"line":2,"column":35}},"1":{"start":{"line":4,"column":15},"end":{"line":4,"column":32}},"2":{"start":{"line":5,"column":0},"end":{"line":5,"column":16}},"3":{"start":{"line":9,"column":15},"end":{"line":15,"column":2}},"4":{"start":{"line":17,"column":11},"end":{"line":17,"column":24}},"5":{"start":{"line":19,"column":0},"end":{"line":19,"column":24}}},"fnMap":{},"branchMap":{"0":{"loc":{"start":{"line":10,"column":10},"end":{"line":10,"column":71}},"type":"cond-expr","locations":[{"start":{"line":10,"column":35},"end":{"line":10,"column":57}},{"start":{"line":10,"column":60},"end":{"line":10,"column":71}}],"line":10},"1":{"loc":{"start":{"line":11,"column":10},"end":{"line":11,"column":64}},"type":"cond-expr","locations":[{"start":{"line":11,"column":35},"end":{"line":11,"column":57}},{"start":{"line":11,"column":60},"end":{"line":11,"column":64}}],"line":11},"2":{"loc":{"start":{"line":12,"column":10},"end":{"line":12,"column":66}},"type":"cond-expr","locations":[{"start":{"line":12,"column":35},"end":{"line":12,"column":57}},{"start":{"line":12,"column":60},"end":{"line":12,"column":66}}],"line":12},"3":{"loc":{"start":{"line":13,"column":14},"end":{"line":13,"column":74}},"type":"cond-expr","locations":[{"start":{"line":13,"column":43},"end":{"line":13,"column":69}},{"start":{"line":13,"column":72},"end":{"line":13,"column":74}}],"line":13},"4":{"loc":{"start":{"line":14,"column":14},"end":{"line":14,"column":80}},"type":"cond-expr","locations":[{"start":{"line":14,"column":43},"end":{"line":14,"column":69}},{"start":{"line":14,"column":72},"end":{"line":14,"column":80}}],"line":14}},"s":{"0":2,"1":2,"2":2,"3":2,"4":2,"5":2},"f":{},"b":{"0":[2,0],"1":[0,2],"2":[0,2],"3":[0,2],"4":[0,2]},"_coverageSchema":"1a1c01bbd47fc00a2c39e90264f33305004495a9","hash":"31abf097d717838eb124d23db17fecdf6e9b310a"}
,"C:\\00Project\\ProjectGray\\00VueProject\\00VueAPI\\config\\secret.js": {"path":"C:\\00Project\\ProjectGray\\00VueProject\\00VueAPI\\config\\secret.js","statementMap":{"0":{"start":{"line":1,"column":19},"end":{"line":1,"column":94}},"1":{"start":{"line":2,"column":0},"end":{"line":2,"column":28}}},"fnMap":{},"branchMap":{},"s":{"0":2,"1":2},"f":{},"b":{},"_coverageSchema":"1a1c01bbd47fc00a2c39e90264f33305004495a9","hash":"09a2d2dfbc5b03b5f655785c7dfd163b84a503c4"}
,"C:\\00Project\\ProjectGray\\00VueProject\\00VueAPI\\src\\models\\adminbanklist.model.js": {"path":"C:\\00Project\\ProjectGray\\00VueProject\\00VueAPI\\src\\models\\adminbanklist.model.js","statementMap":{"0":{"start":{"line":3,"column":13},"end":{"line":3,"column":46}},"1":{"start":{"line":5,"column":16},"end":{"line":5,"column":42}},"2":{"start":{"line":7,"column":12},"end":{"line":7,"column":35}},"3":{"start":{"line":8,"column":18},"end":{"line":8,"column":30}},"4":{"start":{"line":9,"column":17},"end":{"line":9,"column":21}},"5":{"start":{"line":12,"column":20},"end":{"line":21,"column":1}},"6":{"start":{"line":23,"column":0},"end":{"line":36,"column":2}},"7":{"start":{"line":25,"column":4},"end":{"line":25,"column":40}},"8":{"start":{"line":27,"column":17},"end":{"line":27,"column":59}},"9":{"start":{"line":28,"column":4},"end":{"line":28,"column":34}},"10":{"start":{"line":29,"column":4},"end":{"line":29,"column":77}},"11":{"start":{"line":30,"column":4},"end":{"line":30,"column":133}},"12":{"start":{"line":32,"column":18},"end":{"line":32,"column":38}},"13":{"start":{"line":34,"column":4},"end":{"line":34,"column":15}},"14":{"start":{"line":35,"column":4},"end":{"line":35,"column":17}},"15":{"start":{"line":38,"column":0},"end":{"line":48,"column":2}},"16":{"start":{"line":39,"column":17},"end":{"line":39,"column":29}},"17":{"start":{"line":40,"column":4},"end":{"line":40,"column":33}},"18":{"start":{"line":41,"column":4},"end":{"line":41,"column":56}},"19":{"start":{"line":44,"column":18},"end":{"line":44,"column":38}},"20":{"start":{"line":46,"column":4},"end":{"line":46,"column":15}},"21":{"start":{"line":47,"column":4},"end":{"line":47,"column":32}},"22":{"start":{"line":50,"column":0},"end":{"line":61,"column":2}},"23":{"start":{"line":52,"column":17},"end":{"line":52,"column":28}},"24":{"start":{"line":53,"column":4},"end":{"line":53,"column":34}},"25":{"start":{"line":54,"column":4},"end":{"line":54,"column":28}},"26":{"start":{"line":55,"column":4},"end":{"line":55,"column":24}},"27":{"start":{"line":57,"column":18},"end":{"line":57,"column":38}},"28":{"start":{"line":59,"column":4},"end":{"line":59,"column":15}},"29":{"start":{"line":60,"column":4},"end":{"line":60,"column":17}},"30":{"start":{"line":68,"column":4},"end":{"line":71,"column":5}},"31":{"start":{"line":70,"column":8},"end":{"line":70,"column":49}},"32":{"start":{"line":73,"column":4},"end":{"line":73,"column":21}},"33":{"start":{"line":76,"column":0},"end":{"line":162,"column":2}},"34":{"start":{"line":78,"column":17},"end":{"line":78,"column":29}},"35":{"start":{"line":79,"column":4},"end":{"line":79,"column":33}},"36":{"start":{"line":80,"column":25},"end":{"line":80,"column":45}},"37":{"start":{"line":82,"column":23},"end":{"line":103,"column":5}},"38":{"start":{"line":105,"column":4},"end":{"line":105,"column":80}},"39":{"start":{"line":106,"column":4},"end":{"line":106,"column":89}},"40":{"start":{"line":107,"column":4},"end":{"line":107,"column":95}},"41":{"start":{"line":108,"column":4},"end":{"line":108,"column":65}},"42":{"start":{"line":110,"column":4},"end":{"line":110,"column":30}},"43":{"start":{"line":111,"column":24},"end":{"line":111,"column":52}},"44":{"start":{"line":112,"column":20},"end":{"line":124,"column":5}},"45":{"start":{"line":126,"column":4},"end":{"line":159,"column":5}},"46":{"start":{"line":129,"column":22},"end":{"line":150,"column":10}},"47":{"start":{"line":154,"column":8},"end":{"line":154,"column":19}},"48":{"start":{"line":155,"column":8},"end":{"line":155,"column":21}},"49":{"start":{"line":157,"column":8},"end":{"line":157,"column":27}},"50":{"start":{"line":158,"column":8},"end":{"line":158,"column":21}},"51":{"start":{"line":164,"column":0},"end":{"line":257,"column":2}},"52":{"start":{"line":166,"column":18},"end":{"line":166,"column":28}},"53":{"start":{"line":168,"column":17},"end":{"line":168,"column":40}},"54":{"start":{"line":169,"column":4},"end":{"line":169,"column":34}},"55":{"start":{"line":170,"column":4},"end":{"line":170,"column":44}},"56":{"start":{"line":172,"column":21},"end":{"line":172,"column":41}},"57":{"start":{"line":174,"column":19},"end":{"line":174,"column":52}},"58":{"start":{"line":176,"column":23},"end":{"line":197,"column":5}},"59":{"start":{"line":199,"column":4},"end":{"line":199,"column":80}},"60":{"start":{"line":200,"column":4},"end":{"line":200,"column":89}},"61":{"start":{"line":201,"column":4},"end":{"line":201,"column":95}},"62":{"start":{"line":202,"column":4},"end":{"line":202,"column":65}},"63":{"start":{"line":204,"column":24},"end":{"line":204,"column":52}},"64":{"start":{"line":205,"column":20},"end":{"line":217,"column":5}},"65":{"start":{"line":219,"column":4},"end":{"line":252,"column":5}},"66":{"start":{"line":222,"column":22},"end":{"line":243,"column":21}},"67":{"start":{"line":247,"column":8},"end":{"line":247,"column":19}},"68":{"start":{"line":248,"column":8},"end":{"line":248,"column":21}},"69":{"start":{"line":250,"column":8},"end":{"line":250,"column":27}},"70":{"start":{"line":251,"column":8},"end":{"line":251,"column":21}},"71":{"start":{"line":259,"column":0},"end":{"line":278,"column":2}},"72":{"start":{"line":261,"column":4},"end":{"line":276,"column":5}},"73":{"start":{"line":265,"column":19},"end":{"line":265,"column":43}},"74":{"start":{"line":266,"column":8},"end":{"line":266,"column":27}},"75":{"start":{"line":267,"column":22},"end":{"line":267,"column":87}},"76":{"start":{"line":271,"column":8},"end":{"line":271,"column":19}},"77":{"start":{"line":272,"column":8},"end":{"line":272,"column":21}},"78":{"start":{"line":274,"column":8},"end":{"line":274,"column":27}},"79":{"start":{"line":275,"column":8},"end":{"line":275,"column":21}},"80":{"start":{"line":280,"column":0},"end":{"line":290,"column":2}},"81":{"start":{"line":283,"column":17},"end":{"line":283,"column":29}},"82":{"start":{"line":284,"column":4},"end":{"line":284,"column":33}},"83":{"start":{"line":286,"column":18},"end":{"line":286,"column":38}},"84":{"start":{"line":288,"column":4},"end":{"line":288,"column":15}},"85":{"start":{"line":289,"column":4},"end":{"line":289,"column":17}},"86":{"start":{"line":293,"column":0},"end":{"line":293,"column":31}}},"fnMap":{"0":{"name":"(anonymous_0)","decl":{"start":{"line":12,"column":20},"end":{"line":12,"column":21}},"loc":{"start":{"line":12,"column":44},"end":{"line":21,"column":1}},"line":12},"1":{"name":"(anonymous_1)","decl":{"start":{"line":23,"column":24},"end":{"line":23,"column":25}},"loc":{"start":{"line":23,"column":53},"end":{"line":36,"column":1}},"line":23},"2":{"name":"(anonymous_2)","decl":{"start":{"line":38,"column":25},"end":{"line":38,"column":26}},"loc":{"start":{"line":38,"column":46},"end":{"line":48,"column":1}},"line":38},"3":{"name":"(anonymous_3)","decl":{"start":{"line":50,"column":32},"end":{"line":50,"column":33}},"loc":{"start":{"line":50,"column":60},"end":{"line":61,"column":1}},"line":50},"4":{"name":"compareMeta","decl":{"start":{"line":63,"column":9},"end":{"line":63,"column":20}},"loc":{"start":{"line":64,"column":0},"end":{"line":74,"column":1}},"line":64},"5":{"name":"(anonymous_5)","decl":{"start":{"line":76,"column":23},"end":{"line":76,"column":24}},"loc":{"start":{"line":76,"column":49},"end":{"line":162,"column":1}},"line":76},"6":{"name":"(anonymous_6)","decl":{"start":{"line":164,"column":27},"end":{"line":164,"column":28}},"loc":{"start":{"line":164,"column":53},"end":{"line":257,"column":1}},"line":164},"7":{"name":"(anonymous_7)","decl":{"start":{"line":259,"column":27},"end":{"line":259,"column":28}},"loc":{"start":{"line":259,"column":53},"end":{"line":278,"column":1}},"line":259},"8":{"name":"(anonymous_8)","decl":{"start":{"line":280,"column":28},"end":{"line":280,"column":29}},"loc":{"start":{"line":280,"column":45},"end":{"line":290,"column":1}},"line":280}},"branchMap":{"0":{"loc":{"start":{"line":25,"column":15},"end":{"line":25,"column":39}},"type":"cond-expr","locations":[{"start":{"line":25,"column":26},"end":{"line":25,"column":36}},{"start":{"line":25,"column":37},"end":{"line":25,"column":39}}],"line":25},"1":{"loc":{"start":{"line":47,"column":11},"end":{"line":47,"column":31}},"type":"cond-expr","locations":[{"start":{"line":47,"column":20},"end":{"line":47,"column":28}},{"start":{"line":47,"column":29},"end":{"line":47,"column":31}}],"line":47},"2":{"loc":{"start":{"line":68,"column":4},"end":{"line":71,"column":5}},"type":"if","locations":[{"start":{"line":68,"column":4},"end":{"line":71,"column":5}},{"start":{},"end":{}}],"line":68},"3":{"loc":{"start":{"line":68,"column":8},"end":{"line":68,"column":44}},"type":"binary-expr","locations":[{"start":{"line":68,"column":8},"end":{"line":68,"column":21}},{"start":{"line":68,"column":25},"end":{"line":68,"column":44}}],"line":68},"4":{"loc":{"start":{"line":85,"column":27},"end":{"line":85,"column":62}},"type":"cond-expr","locations":[{"start":{"line":85,"column":59},"end":{"line":85,"column":60}},{"start":{"line":85,"column":61},"end":{"line":85,"column":62}}],"line":85},"5":{"loc":{"start":{"line":86,"column":26},"end":{"line":86,"column":59}},"type":"cond-expr","locations":[{"start":{"line":86,"column":56},"end":{"line":86,"column":57}},{"start":{"line":86,"column":58},"end":{"line":86,"column":59}}],"line":86},"6":{"loc":{"start":{"line":179,"column":27},"end":{"line":179,"column":62}},"type":"cond-expr","locations":[{"start":{"line":179,"column":59},"end":{"line":179,"column":60}},{"start":{"line":179,"column":61},"end":{"line":179,"column":62}}],"line":179},"7":{"loc":{"start":{"line":180,"column":26},"end":{"line":180,"column":59}},"type":"cond-expr","locations":[{"start":{"line":180,"column":56},"end":{"line":180,"column":57}},{"start":{"line":180,"column":58},"end":{"line":180,"column":59}}],"line":180},"8":{"loc":{"start":{"line":189,"column":24},"end":{"line":189,"column":76}},"type":"cond-expr","locations":[{"start":{"line":189,"column":49},"end":{"line":189,"column":73}},{"start":{"line":189,"column":74},"end":{"line":189,"column":76}}],"line":189},"9":{"loc":{"start":{"line":190,"column":22},"end":{"line":190,"column":70}},"type":"cond-expr","locations":[{"start":{"line":190,"column":45},"end":{"line":190,"column":67}},{"start":{"line":190,"column":68},"end":{"line":190,"column":70}}],"line":190},"10":{"loc":{"start":{"line":191,"column":19},"end":{"line":191,"column":61}},"type":"cond-expr","locations":[{"start":{"line":191,"column":39},"end":{"line":191,"column":58}},{"start":{"line":191,"column":59},"end":{"line":191,"column":61}}],"line":191},"11":{"loc":{"start":{"line":193,"column":20},"end":{"line":193,"column":64}},"type":"cond-expr","locations":[{"start":{"line":193,"column":41},"end":{"line":193,"column":61}},{"start":{"line":193,"column":62},"end":{"line":193,"column":64}}],"line":193},"12":{"loc":{"start":{"line":194,"column":27},"end":{"line":194,"column":84}},"type":"cond-expr","locations":[{"start":{"line":194,"column":55},"end":{"line":194,"column":82}},{"start":{"line":194,"column":83},"end":{"line":194,"column":84}}],"line":194},"13":{"loc":{"start":{"line":195,"column":22},"end":{"line":195,"column":70}},"type":"cond-expr","locations":[{"start":{"line":195,"column":45},"end":{"line":195,"column":67}},{"start":{"line":195,"column":68},"end":{"line":195,"column":70}}],"line":195},"14":{"loc":{"start":{"line":196,"column":32},"end":{"line":196,"column":100}},"type":"cond-expr","locations":[{"start":{"line":196,"column":65},"end":{"line":196,"column":97}},{"start":{"line":196,"column":98},"end":{"line":196,"column":100}}],"line":196}},"s":{"0":1,"1":1,"2":1,"3":1,"4":1,"5":1,"6":1,"7":0,"8":0,"9":0,"10":0,"11":0,"12":0,"13":0,"14":0,"15":1,"16":0,"17":0,"18":0,"19":0,"20":0,"21":0,"22":1,"23":1,"24":1,"25":1,"26":1,"27":1,"28":1,"29":1,"30":0,"31":0,"32":0,"33":1,"34":0,"35":0,"36":0,"37":0,"38":0,"39":0,"40":0,"41":0,"42":0,"43":0,"44":0,"45":0,"46":0,"47":0,"48":0,"49":0,"50":0,"51":1,"52":0,"53":0,"54":0,"55":0,"56":0,"57":0,"58":0,"59":0,"60":0,"61":0,"62":0,"63":0,"64":0,"65":0,"66":0,"67":0,"68":0,"69":0,"70":0,"71":1,"72":0,"73":0,"74":0,"75":0,"76":0,"77":0,"78":0,"79":0,"80":1,"81":0,"82":0,"83":0,"84":0,"85":0,"86":1},"f":{"0":0,"1":0,"2":0,"3":1,"4":0,"5":0,"6":0,"7":0,"8":0},"b":{"0":[0,0],"1":[0,0],"2":[0,0],"3":[0,0],"4":[0,0],"5":[0,0],"6":[0,0],"7":[0,0],"8":[0,0],"9":[0,0],"10":[0,0],"11":[0,0],"12":[0,0],"13":[0,0],"14":[0,0]},"_coverageSchema":"1a1c01bbd47fc00a2c39e90264f33305004495a9","hash":"9948de667c0ba991494fc01a965094cd165dedf3"}
,"C:\\00Project\\ProjectGray\\00VueProject\\00VueAPI\\src\\models\\adminsetting.model.js": {"path":"C:\\00Project\\ProjectGray\\00VueProject\\00VueAPI\\src\\models\\adminsetting.model.js","statementMap":{"0":{"start":{"line":3,"column":13},"end":{"line":3,"column":46}},"1":{"start":{"line":6,"column":16},"end":{"line":6,"column":42}},"2":{"start":{"line":8,"column":12},"end":{"line":8,"column":35}},"3":{"start":{"line":9,"column":18},"end":{"line":9,"column":32}},"4":{"start":{"line":10,"column":17},"end":{"line":10,"column":23}},"5":{"start":{"line":13,"column":19},"end":{"line":22,"column":1}},"6":{"start":{"line":24,"column":0},"end":{"line":36,"column":2}},"7":{"start":{"line":26,"column":4},"end":{"line":26,"column":40}},"8":{"start":{"line":28,"column":17},"end":{"line":28,"column":30}},"9":{"start":{"line":29,"column":4},"end":{"line":29,"column":36}},"10":{"start":{"line":32,"column":18},"end":{"line":32,"column":38}},"11":{"start":{"line":34,"column":4},"end":{"line":34,"column":15}},"12":{"start":{"line":35,"column":4},"end":{"line":35,"column":17}},"13":{"start":{"line":38,"column":0},"end":{"line":48,"column":2}},"14":{"start":{"line":39,"column":17},"end":{"line":39,"column":28}},"15":{"start":{"line":40,"column":4},"end":{"line":40,"column":33}},"16":{"start":{"line":41,"column":4},"end":{"line":41,"column":58}},"17":{"start":{"line":44,"column":18},"end":{"line":44,"column":38}},"18":{"start":{"line":46,"column":4},"end":{"line":46,"column":15}},"19":{"start":{"line":47,"column":4},"end":{"line":47,"column":32}},"20":{"start":{"line":55,"column":4},"end":{"line":58,"column":5}},"21":{"start":{"line":57,"column":8},"end":{"line":57,"column":49}},"22":{"start":{"line":60,"column":4},"end":{"line":60,"column":21}},"23":{"start":{"line":63,"column":0},"end":{"line":94,"column":2}},"24":{"start":{"line":65,"column":18},"end":{"line":65,"column":28}},"25":{"start":{"line":67,"column":24},"end":{"line":67,"column":53}},"26":{"start":{"line":68,"column":20},"end":{"line":70,"column":5}},"27":{"start":{"line":72,"column":4},"end":{"line":89,"column":5}},"28":{"start":{"line":75,"column":22},"end":{"line":80,"column":21}},"29":{"start":{"line":84,"column":8},"end":{"line":84,"column":19}},"30":{"start":{"line":85,"column":8},"end":{"line":85,"column":21}},"31":{"start":{"line":87,"column":8},"end":{"line":87,"column":27}},"32":{"start":{"line":88,"column":8},"end":{"line":88,"column":21}},"33":{"start":{"line":97,"column":0},"end":{"line":97,"column":30}}},"fnMap":{"0":{"name":"(anonymous_0)","decl":{"start":{"line":13,"column":19},"end":{"line":13,"column":20}},"loc":{"start":{"line":13,"column":42},"end":{"line":22,"column":1}},"line":13},"1":{"name":"(anonymous_1)","decl":{"start":{"line":24,"column":23},"end":{"line":24,"column":24}},"loc":{"start":{"line":24,"column":52},"end":{"line":36,"column":1}},"line":24},"2":{"name":"(anonymous_2)","decl":{"start":{"line":38,"column":24},"end":{"line":38,"column":25}},"loc":{"start":{"line":38,"column":45},"end":{"line":48,"column":1}},"line":38},"3":{"name":"compareMeta","decl":{"start":{"line":50,"column":9},"end":{"line":50,"column":20}},"loc":{"start":{"line":51,"column":0},"end":{"line":61,"column":1}},"line":51},"4":{"name":"(anonymous_4)","decl":{"start":{"line":63,"column":26},"end":{"line":63,"column":27}},"loc":{"start":{"line":63,"column":52},"end":{"line":94,"column":1}},"line":63}},"branchMap":{"0":{"loc":{"start":{"line":26,"column":15},"end":{"line":26,"column":39}},"type":"cond-expr","locations":[{"start":{"line":26,"column":26},"end":{"line":26,"column":36}},{"start":{"line":26,"column":37},"end":{"line":26,"column":39}}],"line":26},"1":{"loc":{"start":{"line":47,"column":11},"end":{"line":47,"column":31}},"type":"cond-expr","locations":[{"start":{"line":47,"column":20},"end":{"line":47,"column":28}},{"start":{"line":47,"column":29},"end":{"line":47,"column":31}}],"line":47},"2":{"loc":{"start":{"line":55,"column":4},"end":{"line":58,"column":5}},"type":"if","locations":[{"start":{"line":55,"column":4},"end":{"line":58,"column":5}},{"start":{},"end":{}}],"line":55},"3":{"loc":{"start":{"line":55,"column":8},"end":{"line":55,"column":44}},"type":"binary-expr","locations":[{"start":{"line":55,"column":8},"end":{"line":55,"column":21}},{"start":{"line":55,"column":25},"end":{"line":55,"column":44}}],"line":55}},"s":{"0":2,"1":2,"2":2,"3":2,"4":2,"5":2,"6":2,"7":0,"8":0,"9":0,"10":0,"11":0,"12":0,"13":2,"14":1,"15":1,"16":1,"17":1,"18":1,"19":1,"20":0,"21":0,"22":0,"23":2,"24":0,"25":0,"26":0,"27":0,"28":0,"29":0,"30":0,"31":0,"32":0,"33":2},"f":{"0":0,"1":0,"2":1,"3":0,"4":0},"b":{"0":[0,0],"1":[1,0],"2":[0,0],"3":[0,0]},"_coverageSchema":"1a1c01bbd47fc00a2c39e90264f33305004495a9","hash":"eb5cf1db495734fbe17e288acb914847c9d068a9"}
,"C:\\00Project\\ProjectGray\\00VueProject\\00VueAPI\\src\\models\\affmanage.model.js": {"path":"C:\\00Project\\ProjectGray\\00VueProject\\00VueAPI\\src\\models\\affmanage.model.js","statementMap":{"0":{"start":{"line":1,"column":13},"end":{"line":1,"column":46}},"1":{"start":{"line":3,"column":19},"end":{"line":3,"column":48}},"2":{"start":{"line":4,"column":24},"end":{"line":4,"column":58}},"3":{"start":{"line":5,"column":26},"end":{"line":5,"column":62}},"4":{"start":{"line":6,"column":21},"end":{"line":6,"column":52}},"5":{"start":{"line":9,"column":10},"end":{"line":11,"column":1}},"6":{"start":{"line":13,"column":0},"end":{"line":113,"column":1}},"7":{"start":{"line":15,"column":23},"end":{"line":18,"column":5}},"8":{"start":{"line":19,"column":4},"end":{"line":111,"column":5}},"9":{"start":{"line":21,"column":24},"end":{"line":21,"column":58}},"10":{"start":{"line":22,"column":29},"end":{"line":22,"column":54}},"11":{"start":{"line":24,"column":8},"end":{"line":99,"column":9}},"12":{"start":{"line":26,"column":32},"end":{"line":26,"column":57}},"13":{"start":{"line":27,"column":28},"end":{"line":27,"column":47}},"14":{"start":{"line":28,"column":28},"end":{"line":28,"column":47}},"15":{"start":{"line":29,"column":33},"end":{"line":29,"column":60}},"16":{"start":{"line":30,"column":31},"end":{"line":30,"column":54}},"17":{"start":{"line":31,"column":32},"end":{"line":31,"column":65}},"18":{"start":{"line":33,"column":34},"end":{"line":33,"column":73}},"19":{"start":{"line":34,"column":12},"end":{"line":98,"column":13}},"20":{"start":{"line":36,"column":16},"end":{"line":97,"column":17}},"21":{"start":{"line":38,"column":20},"end":{"line":55,"column":21}},"22":{"start":{"line":44,"column":24},"end":{"line":44,"column":57}},"23":{"start":{"line":45,"column":24},"end":{"line":48,"column":25}},"24":{"start":{"line":47,"column":28},"end":{"line":47,"column":48}},"25":{"start":{"line":50,"column":24},"end":{"line":50,"column":57}},"26":{"start":{"line":51,"column":24},"end":{"line":54,"column":25}},"27":{"start":{"line":53,"column":28},"end":{"line":53,"column":48}},"28":{"start":{"line":57,"column":35},"end":{"line":57,"column":59}},"29":{"start":{"line":58,"column":41},"end":{"line":58,"column":70}},"30":{"start":{"line":60,"column":20},"end":{"line":96,"column":21}},"31":{"start":{"line":62,"column":44},"end":{"line":62,"column":80}},"32":{"start":{"line":63,"column":24},"end":{"line":95,"column":25}},"33":{"start":{"line":65,"column":28},"end":{"line":68,"column":30}},"34":{"start":{"line":70,"column":44},"end":{"line":70,"column":76}},"35":{"start":{"line":71,"column":42},"end":{"line":71,"column":90}},"36":{"start":{"line":72,"column":28},"end":{"line":76,"column":75}},"37":{"start":{"line":78,"column":28},"end":{"line":78,"column":75}},"38":{"start":{"line":80,"column":49},"end":{"line":80,"column":75}},"39":{"start":{"line":81,"column":28},"end":{"line":93,"column":29}},"40":{"start":{"line":83,"column":49},"end":{"line":83,"column":82}},"41":{"start":{"line":84,"column":47},"end":{"line":84,"column":96}},"42":{"start":{"line":85,"column":32},"end":{"line":89,"column":75}},"43":{"start":{"line":92,"column":32},"end":{"line":92,"column":80}},"44":{"start":{"line":101,"column":8},"end":{"line":101,"column":28}},"45":{"start":{"line":106,"column":8},"end":{"line":106,"column":27}},"46":{"start":{"line":107,"column":8},"end":{"line":110,"column":10}},"47":{"start":{"line":117,"column":0},"end":{"line":117,"column":21}}},"fnMap":{"0":{"name":"(anonymous_0)","decl":{"start":{"line":9,"column":10},"end":{"line":9,"column":11}},"loc":{"start":{"line":9,"column":21},"end":{"line":11,"column":1}},"line":9},"1":{"name":"(anonymous_1)","decl":{"start":{"line":13,"column":19},"end":{"line":13,"column":20}},"loc":{"start":{"line":13,"column":59},"end":{"line":113,"column":1}},"line":13}},"branchMap":{"0":{"loc":{"start":{"line":24,"column":8},"end":{"line":99,"column":9}},"type":"if","locations":[{"start":{"line":24,"column":8},"end":{"line":99,"column":9}},{"start":{},"end":{}}],"line":24},"1":{"loc":{"start":{"line":26,"column":32},"end":{"line":26,"column":57}},"type":"cond-expr","locations":[{"start":{"line":26,"column":43},"end":{"line":26,"column":53}},{"start":{"line":26,"column":56},"end":{"line":26,"column":57}}],"line":26},"2":{"loc":{"start":{"line":27,"column":28},"end":{"line":27,"column":47}},"type":"cond-expr","locations":[{"start":{"line":27,"column":36},"end":{"line":27,"column":43}},{"start":{"line":27,"column":46},"end":{"line":27,"column":47}}],"line":27},"3":{"loc":{"start":{"line":28,"column":28},"end":{"line":28,"column":47}},"type":"cond-expr","locations":[{"start":{"line":28,"column":36},"end":{"line":28,"column":43}},{"start":{"line":28,"column":46},"end":{"line":28,"column":47}}],"line":28},"4":{"loc":{"start":{"line":29,"column":33},"end":{"line":29,"column":60}},"type":"cond-expr","locations":[{"start":{"line":29,"column":45},"end":{"line":29,"column":56}},{"start":{"line":29,"column":59},"end":{"line":29,"column":60}}],"line":29},"5":{"loc":{"start":{"line":30,"column":31},"end":{"line":30,"column":54}},"type":"cond-expr","locations":[{"start":{"line":30,"column":41},"end":{"line":30,"column":50}},{"start":{"line":30,"column":53},"end":{"line":30,"column":54}}],"line":30},"6":{"loc":{"start":{"line":31,"column":32},"end":{"line":31,"column":65}},"type":"cond-expr","locations":[{"start":{"line":31,"column":43},"end":{"line":31,"column":53}},{"start":{"line":31,"column":56},"end":{"line":31,"column":65}}],"line":31},"7":{"loc":{"start":{"line":34,"column":12},"end":{"line":98,"column":13}},"type":"if","locations":[{"start":{"line":34,"column":12},"end":{"line":98,"column":13}},{"start":{},"end":{}}],"line":34},"8":{"loc":{"start":{"line":36,"column":16},"end":{"line":97,"column":17}},"type":"if","locations":[{"start":{"line":36,"column":16},"end":{"line":97,"column":17}},{"start":{},"end":{}}],"line":36},"9":{"loc":{"start":{"line":38,"column":20},"end":{"line":55,"column":21}},"type":"if","locations":[{"start":{"line":38,"column":20},"end":{"line":55,"column":21}},{"start":{"line":43,"column":20},"end":{"line":55,"column":21}}],"line":38},"10":{"loc":{"start":{"line":45,"column":24},"end":{"line":48,"column":25}},"type":"if","locations":[{"start":{"line":45,"column":24},"end":{"line":48,"column":25}},{"start":{},"end":{}}],"line":45},"11":{"loc":{"start":{"line":51,"column":24},"end":{"line":54,"column":25}},"type":"if","locations":[{"start":{"line":51,"column":24},"end":{"line":54,"column":25}},{"start":{},"end":{}}],"line":51},"12":{"loc":{"start":{"line":60,"column":20},"end":{"line":96,"column":21}},"type":"if","locations":[{"start":{"line":60,"column":20},"end":{"line":96,"column":21}},{"start":{},"end":{}}],"line":60},"13":{"loc":{"start":{"line":62,"column":44},"end":{"line":62,"column":80}},"type":"cond-expr","locations":[{"start":{"line":62,"column":61},"end":{"line":62,"column":77}},{"start":{"line":62,"column":78},"end":{"line":62,"column":80}}],"line":62},"14":{"loc":{"start":{"line":63,"column":24},"end":{"line":95,"column":25}},"type":"if","locations":[{"start":{"line":63,"column":24},"end":{"line":95,"column":25}},{"start":{},"end":{}}],"line":63},"15":{"loc":{"start":{"line":80,"column":49},"end":{"line":80,"column":75}},"type":"cond-expr","locations":[{"start":{"line":80,"column":61},"end":{"line":80,"column":72}},{"start":{"line":80,"column":73},"end":{"line":80,"column":75}}],"line":80},"16":{"loc":{"start":{"line":81,"column":28},"end":{"line":93,"column":29}},"type":"if","locations":[{"start":{"line":81,"column":28},"end":{"line":93,"column":29}},{"start":{},"end":{}}],"line":81}},"s":{"0":1,"1":1,"2":1,"3":1,"4":1,"5":1,"6":1,"7":0,"8":0,"9":0,"10":0,"11":0,"12":0,"13":0,"14":0,"15":0,"16":0,"17":0,"18":0,"19":0,"20":0,"21":0,"22":0,"23":0,"24":0,"25":0,"26":0,"27":0,"28":0,"29":0,"30":0,"31":0,"32":0,"33":0,"34":0,"35":0,"36":0,"37":0,"38":0,"39":0,"40":0,"41":0,"42":0,"43":0,"44":0,"45":0,"46":0,"47":1},"f":{"0":0,"1":0},"b":{"0":[0,0],"1":[0,0],"2":[0,0],"3":[0,0],"4":[0,0],"5":[0,0],"6":[0,0],"7":[0,0],"8":[0,0],"9":[0,0],"10":[0,0],"11":[0,0],"12":[0,0],"13":[0,0],"14":[0,0],"15":[0,0],"16":[0,0]},"_coverageSchema":"1a1c01bbd47fc00a2c39e90264f33305004495a9","hash":"68aaf7a6134984921f555d1b200d614523854672"}
,"C:\\00Project\\ProjectGray\\00VueProject\\00VueAPI\\src\\models\\creditmanage.model.js": {"path":"C:\\00Project\\ProjectGray\\00VueProject\\00VueAPI\\src\\models\\creditmanage.model.js","statementMap":{"0":{"start":{"line":1,"column":13},"end":{"line":1,"column":46}},"1":{"start":{"line":3,"column":19},"end":{"line":3,"column":48}},"2":{"start":{"line":4,"column":18},"end":{"line":4,"column":55}},"3":{"start":{"line":5,"column":18},"end":{"line":5,"column":46}},"4":{"start":{"line":6,"column":24},"end":{"line":6,"column":58}},"5":{"start":{"line":7,"column":24},"end":{"line":7,"column":58}},"6":{"start":{"line":8,"column":26},"end":{"line":8,"column":62}},"7":{"start":{"line":9,"column":21},"end":{"line":9,"column":52}},"8":{"start":{"line":10,"column":21},"end":{"line":10,"column":52}},"9":{"start":{"line":12,"column":20},"end":{"line":12,"column":54}},"10":{"start":{"line":13,"column":25},"end":{"line":13,"column":60}},"11":{"start":{"line":14,"column":19},"end":{"line":14,"column":48}},"12":{"start":{"line":16,"column":19},"end":{"line":18,"column":1}},"13":{"start":{"line":21,"column":0},"end":{"line":242,"column":1}},"14":{"start":{"line":23,"column":16},"end":{"line":23,"column":17}},"15":{"start":{"line":24,"column":19},"end":{"line":24,"column":20}},"16":{"start":{"line":25,"column":31},"end":{"line":25,"column":32}},"17":{"start":{"line":26,"column":24},"end":{"line":26,"column":26}},"18":{"start":{"line":27,"column":14},"end":{"line":27,"column":16}},"19":{"start":{"line":29,"column":17},"end":{"line":29,"column":39}},"20":{"start":{"line":30,"column":4},"end":{"line":49,"column":5}},"21":{"start":{"line":31,"column":35},"end":{"line":31,"column":82}},"22":{"start":{"line":32,"column":8},"end":{"line":32,"column":60}},"23":{"start":{"line":34,"column":8},"end":{"line":34,"column":84}},"24":{"start":{"line":35,"column":8},"end":{"line":35,"column":68}},"25":{"start":{"line":36,"column":8},"end":{"line":36,"column":77}},"26":{"start":{"line":37,"column":8},"end":{"line":37,"column":118}},"27":{"start":{"line":40,"column":8},"end":{"line":40,"column":84}},"28":{"start":{"line":41,"column":8},"end":{"line":41,"column":68}},"29":{"start":{"line":42,"column":8},"end":{"line":42,"column":77}},"30":{"start":{"line":43,"column":8},"end":{"line":43,"column":118}},"31":{"start":{"line":47,"column":8},"end":{"line":47,"column":55}},"32":{"start":{"line":51,"column":13},"end":{"line":51,"column":57}},"33":{"start":{"line":52,"column":14},"end":{"line":52,"column":16}},"34":{"start":{"line":53,"column":4},"end":{"line":53,"column":59}},"35":{"start":{"line":62,"column":22},"end":{"line":62,"column":24}},"36":{"start":{"line":63,"column":20},"end":{"line":63,"column":22}},"37":{"start":{"line":64,"column":4},"end":{"line":72,"column":5}},"38":{"start":{"line":65,"column":21},"end":{"line":65,"column":77}},"39":{"start":{"line":66,"column":25},"end":{"line":66,"column":45}},"40":{"start":{"line":67,"column":8},"end":{"line":67,"column":35}},"41":{"start":{"line":68,"column":8},"end":{"line":68,"column":81}},"42":{"start":{"line":70,"column":8},"end":{"line":70,"column":46}},"43":{"start":{"line":71,"column":8},"end":{"line":71,"column":42}},"44":{"start":{"line":74,"column":4},"end":{"line":241,"column":5}},"45":{"start":{"line":75,"column":8},"end":{"line":77,"column":9}},"46":{"start":{"line":76,"column":12},"end":{"line":76,"column":71}},"47":{"start":{"line":79,"column":8},"end":{"line":79,"column":56}},"48":{"start":{"line":80,"column":8},"end":{"line":82,"column":9}},"49":{"start":{"line":84,"column":8},"end":{"line":89,"column":9}},"50":{"start":{"line":85,"column":12},"end":{"line":85,"column":58}},"51":{"start":{"line":86,"column":12},"end":{"line":88,"column":13}},"52":{"start":{"line":91,"column":27},"end":{"line":91,"column":66}},"53":{"start":{"line":92,"column":8},"end":{"line":94,"column":9}},"54":{"start":{"line":93,"column":12},"end":{"line":93,"column":29}},"55":{"start":{"line":95,"column":8},"end":{"line":95,"column":33}},"56":{"start":{"line":96,"column":8},"end":{"line":96,"column":52}},"57":{"start":{"line":97,"column":8},"end":{"line":97,"column":92}},"58":{"start":{"line":99,"column":8},"end":{"line":99,"column":209}},"59":{"start":{"line":100,"column":8},"end":{"line":100,"column":210}},"60":{"start":{"line":102,"column":29},"end":{"line":102,"column":68}},"61":{"start":{"line":103,"column":8},"end":{"line":159,"column":9}},"62":{"start":{"line":104,"column":28},"end":{"line":104,"column":60}},"63":{"start":{"line":105,"column":12},"end":{"line":132,"column":13}},"64":{"start":{"line":106,"column":32},"end":{"line":106,"column":59}},"65":{"start":{"line":107,"column":34},"end":{"line":116,"column":17}},"66":{"start":{"line":118,"column":16},"end":{"line":120,"column":17}},"67":{"start":{"line":119,"column":20},"end":{"line":119,"column":62}},"68":{"start":{"line":122,"column":36},"end":{"line":122,"column":71}},"69":{"start":{"line":123,"column":16},"end":{"line":131,"column":17}},"70":{"start":{"line":124,"column":34},"end":{"line":124,"column":63}},"71":{"start":{"line":125,"column":39},"end":{"line":125,"column":55}},"72":{"start":{"line":127,"column":35},"end":{"line":127,"column":37}},"73":{"start":{"line":128,"column":20},"end":{"line":130,"column":21}},"74":{"start":{"line":129,"column":24},"end":{"line":129,"column":86}},"75":{"start":{"line":134,"column":32},"end":{"line":134,"column":67}},"76":{"start":{"line":135,"column":12},"end":{"line":158,"column":13}},"77":{"start":{"line":136,"column":30},"end":{"line":136,"column":59}},"78":{"start":{"line":137,"column":35},"end":{"line":137,"column":51}},"79":{"start":{"line":139,"column":32},"end":{"line":139,"column":34}},"80":{"start":{"line":140,"column":16},"end":{"line":140,"column":47}},"81":{"start":{"line":141,"column":16},"end":{"line":141,"column":55}},"82":{"start":{"line":142,"column":16},"end":{"line":142,"column":64}},"83":{"start":{"line":143,"column":16},"end":{"line":143,"column":71}},"84":{"start":{"line":144,"column":16},"end":{"line":144,"column":67}},"85":{"start":{"line":145,"column":16},"end":{"line":145,"column":69}},"86":{"start":{"line":146,"column":16},"end":{"line":146,"column":77}},"87":{"start":{"line":147,"column":16},"end":{"line":147,"column":55}},"88":{"start":{"line":148,"column":16},"end":{"line":148,"column":101}},"89":{"start":{"line":149,"column":16},"end":{"line":149,"column":80}},"90":{"start":{"line":150,"column":16},"end":{"line":150,"column":59}},"91":{"start":{"line":151,"column":16},"end":{"line":151,"column":85}},"92":{"start":{"line":152,"column":16},"end":{"line":152,"column":47}},"93":{"start":{"line":154,"column":31},"end":{"line":154,"column":33}},"94":{"start":{"line":155,"column":16},"end":{"line":157,"column":17}},"95":{"start":{"line":156,"column":20},"end":{"line":156,"column":82}},"96":{"start":{"line":161,"column":18},"end":{"line":164,"column":9}},"97":{"start":{"line":166,"column":8},"end":{"line":166,"column":17}},"98":{"start":{"line":170,"column":8},"end":{"line":170,"column":55}},"99":{"start":{"line":172,"column":8},"end":{"line":174,"column":9}},"100":{"start":{"line":176,"column":8},"end":{"line":176,"column":143}},"101":{"start":{"line":177,"column":8},"end":{"line":177,"column":144}},"102":{"start":{"line":179,"column":29},"end":{"line":179,"column":68}},"103":{"start":{"line":180,"column":8},"end":{"line":232,"column":9}},"104":{"start":{"line":181,"column":28},"end":{"line":181,"column":60}},"105":{"start":{"line":182,"column":12},"end":{"line":210,"column":13}},"106":{"start":{"line":183,"column":32},"end":{"line":183,"column":59}},"107":{"start":{"line":184,"column":34},"end":{"line":193,"column":17}},"108":{"start":{"line":195,"column":16},"end":{"line":197,"column":17}},"109":{"start":{"line":196,"column":20},"end":{"line":196,"column":62}},"110":{"start":{"line":199,"column":36},"end":{"line":199,"column":71}},"111":{"start":{"line":200,"column":16},"end":{"line":208,"column":17}},"112":{"start":{"line":201,"column":34},"end":{"line":201,"column":63}},"113":{"start":{"line":202,"column":39},"end":{"line":202,"column":55}},"114":{"start":{"line":204,"column":35},"end":{"line":204,"column":37}},"115":{"start":{"line":205,"column":20},"end":{"line":207,"column":21}},"116":{"start":{"line":206,"column":24},"end":{"line":206,"column":86}},"117":{"start":{"line":212,"column":32},"end":{"line":212,"column":67}},"118":{"start":{"line":213,"column":12},"end":{"line":231,"column":13}},"119":{"start":{"line":214,"column":30},"end":{"line":214,"column":59}},"120":{"start":{"line":215,"column":35},"end":{"line":215,"column":51}},"121":{"start":{"line":217,"column":32},"end":{"line":217,"column":34}},"122":{"start":{"line":218,"column":16},"end":{"line":218,"column":32}},"123":{"start":{"line":219,"column":16},"end":{"line":219,"column":80}},"124":{"start":{"line":220,"column":16},"end":{"line":220,"column":67}},"125":{"start":{"line":221,"column":16},"end":{"line":221,"column":60}},"126":{"start":{"line":222,"column":16},"end":{"line":222,"column":70}},"127":{"start":{"line":223,"column":16},"end":{"line":223,"column":74}},"128":{"start":{"line":224,"column":16},"end":{"line":224,"column":60}},"129":{"start":{"line":225,"column":16},"end":{"line":225,"column":52}},"130":{"start":{"line":227,"column":31},"end":{"line":227,"column":33}},"131":{"start":{"line":228,"column":16},"end":{"line":230,"column":17}},"132":{"start":{"line":229,"column":20},"end":{"line":229,"column":82}},"133":{"start":{"line":234,"column":18},"end":{"line":237,"column":9}},"134":{"start":{"line":239,"column":8},"end":{"line":239,"column":17}},"135":{"start":{"line":244,"column":0},"end":{"line":324,"column":1}},"136":{"start":{"line":246,"column":17},"end":{"line":246,"column":29}},"137":{"start":{"line":247,"column":4},"end":{"line":247,"column":33}},"138":{"start":{"line":248,"column":25},"end":{"line":248,"column":45}},"139":{"start":{"line":250,"column":13},"end":{"line":250,"column":61}},"140":{"start":{"line":251,"column":19},"end":{"line":259,"column":5}},"141":{"start":{"line":261,"column":22},"end":{"line":261,"column":24}},"142":{"start":{"line":262,"column":20},"end":{"line":262,"column":22}},"143":{"start":{"line":263,"column":4},"end":{"line":271,"column":5}},"144":{"start":{"line":264,"column":21},"end":{"line":264,"column":77}},"145":{"start":{"line":265,"column":25},"end":{"line":265,"column":45}},"146":{"start":{"line":266,"column":8},"end":{"line":266,"column":35}},"147":{"start":{"line":267,"column":8},"end":{"line":267,"column":81}},"148":{"start":{"line":269,"column":8},"end":{"line":269,"column":45}},"149":{"start":{"line":270,"column":8},"end":{"line":270,"column":49}},"150":{"start":{"line":275,"column":17},"end":{"line":275,"column":39}},"151":{"start":{"line":277,"column":22},"end":{"line":286,"column":5}},"152":{"start":{"line":288,"column":4},"end":{"line":321,"column":5}},"153":{"start":{"line":290,"column":28},"end":{"line":290,"column":63}},"154":{"start":{"line":291,"column":8},"end":{"line":310,"column":9}},"155":{"start":{"line":292,"column":26},"end":{"line":292,"column":55}},"156":{"start":{"line":293,"column":31},"end":{"line":293,"column":47}},"157":{"start":{"line":295,"column":28},"end":{"line":295,"column":30}},"158":{"start":{"line":296,"column":12},"end":{"line":296,"column":28}},"159":{"start":{"line":297,"column":12},"end":{"line":297,"column":62}},"160":{"start":{"line":298,"column":12},"end":{"line":298,"column":63}},"161":{"start":{"line":299,"column":12},"end":{"line":299,"column":56}},"162":{"start":{"line":300,"column":12},"end":{"line":300,"column":66}},"163":{"start":{"line":301,"column":12},"end":{"line":301,"column":70}},"164":{"start":{"line":302,"column":12},"end":{"line":302,"column":53}},"165":{"start":{"line":303,"column":12},"end":{"line":303,"column":74}},"166":{"start":{"line":304,"column":12},"end":{"line":304,"column":48}},"167":{"start":{"line":306,"column":27},"end":{"line":306,"column":29}},"168":{"start":{"line":307,"column":12},"end":{"line":309,"column":13}},"169":{"start":{"line":308,"column":16},"end":{"line":308,"column":78}},"170":{"start":{"line":312,"column":8},"end":{"line":315,"column":10}},"171":{"start":{"line":317,"column":8},"end":{"line":320,"column":10}},"172":{"start":{"line":326,"column":0},"end":{"line":392,"column":1}},"173":{"start":{"line":328,"column":17},"end":{"line":328,"column":29}},"174":{"start":{"line":329,"column":4},"end":{"line":329,"column":33}},"175":{"start":{"line":330,"column":25},"end":{"line":330,"column":45}},"176":{"start":{"line":332,"column":13},"end":{"line":332,"column":57}},"177":{"start":{"line":334,"column":22},"end":{"line":334,"column":24}},"178":{"start":{"line":335,"column":20},"end":{"line":335,"column":22}},"179":{"start":{"line":336,"column":4},"end":{"line":344,"column":5}},"180":{"start":{"line":337,"column":21},"end":{"line":337,"column":77}},"181":{"start":{"line":338,"column":25},"end":{"line":338,"column":45}},"182":{"start":{"line":339,"column":8},"end":{"line":339,"column":35}},"183":{"start":{"line":340,"column":8},"end":{"line":340,"column":81}},"184":{"start":{"line":342,"column":8},"end":{"line":342,"column":46}},"185":{"start":{"line":343,"column":8},"end":{"line":343,"column":42}},"186":{"start":{"line":346,"column":17},"end":{"line":346,"column":39}},"187":{"start":{"line":348,"column":22},"end":{"line":356,"column":5}},"188":{"start":{"line":358,"column":4},"end":{"line":390,"column":5}},"189":{"start":{"line":360,"column":28},"end":{"line":360,"column":63}},"190":{"start":{"line":361,"column":8},"end":{"line":379,"column":9}},"191":{"start":{"line":362,"column":26},"end":{"line":362,"column":55}},"192":{"start":{"line":363,"column":31},"end":{"line":363,"column":47}},"193":{"start":{"line":365,"column":28},"end":{"line":365,"column":30}},"194":{"start":{"line":366,"column":12},"end":{"line":366,"column":28}},"195":{"start":{"line":367,"column":12},"end":{"line":367,"column":67}},"196":{"start":{"line":368,"column":12},"end":{"line":368,"column":68}},"197":{"start":{"line":369,"column":12},"end":{"line":369,"column":61}},"198":{"start":{"line":370,"column":12},"end":{"line":370,"column":71}},"199":{"start":{"line":371,"column":12},"end":{"line":371,"column":75}},"200":{"start":{"line":372,"column":12},"end":{"line":372,"column":63}},"201":{"start":{"line":373,"column":12},"end":{"line":373,"column":53}},"202":{"start":{"line":375,"column":27},"end":{"line":375,"column":29}},"203":{"start":{"line":376,"column":12},"end":{"line":378,"column":13}},"204":{"start":{"line":377,"column":16},"end":{"line":377,"column":78}},"205":{"start":{"line":381,"column":8},"end":{"line":384,"column":10}},"206":{"start":{"line":386,"column":8},"end":{"line":389,"column":10}},"207":{"start":{"line":394,"column":0},"end":{"line":465,"column":1}},"208":{"start":{"line":396,"column":17},"end":{"line":396,"column":29}},"209":{"start":{"line":397,"column":4},"end":{"line":397,"column":33}},"210":{"start":{"line":398,"column":25},"end":{"line":398,"column":45}},"211":{"start":{"line":400,"column":13},"end":{"line":400,"column":57}},"212":{"start":{"line":401,"column":19},"end":{"line":409,"column":5}},"213":{"start":{"line":411,"column":19},"end":{"line":411,"column":21}},"214":{"start":{"line":412,"column":4},"end":{"line":417,"column":7}},"215":{"start":{"line":413,"column":8},"end":{"line":416,"column":12}},"216":{"start":{"line":419,"column":22},"end":{"line":419,"column":24}},"217":{"start":{"line":420,"column":20},"end":{"line":420,"column":22}},"218":{"start":{"line":422,"column":17},"end":{"line":422,"column":39}},"219":{"start":{"line":424,"column":22},"end":{"line":432,"column":5}},"220":{"start":{"line":434,"column":4},"end":{"line":464,"column":5}},"221":{"start":{"line":436,"column":28},"end":{"line":436,"column":63}},"222":{"start":{"line":437,"column":8},"end":{"line":453,"column":9}},"223":{"start":{"line":438,"column":26},"end":{"line":438,"column":55}},"224":{"start":{"line":439,"column":31},"end":{"line":439,"column":47}},"225":{"start":{"line":441,"column":28},"end":{"line":441,"column":30}},"226":{"start":{"line":442,"column":12},"end":{"line":442,"column":28}},"227":{"start":{"line":443,"column":12},"end":{"line":443,"column":65}},"228":{"start":{"line":444,"column":12},"end":{"line":444,"column":76}},"229":{"start":{"line":445,"column":12},"end":{"line":445,"column":68}},"230":{"start":{"line":446,"column":12},"end":{"line":446,"column":73}},"231":{"start":{"line":447,"column":12},"end":{"line":447,"column":53}},"232":{"start":{"line":449,"column":27},"end":{"line":449,"column":29}},"233":{"start":{"line":450,"column":12},"end":{"line":452,"column":13}},"234":{"start":{"line":451,"column":16},"end":{"line":451,"column":78}},"235":{"start":{"line":455,"column":8},"end":{"line":458,"column":10}},"236":{"start":{"line":460,"column":8},"end":{"line":463,"column":10}},"237":{"start":{"line":467,"column":0},"end":{"line":467,"column":30}}},"fnMap":{"0":{"name":"(anonymous_0)","decl":{"start":{"line":16,"column":19},"end":{"line":16,"column":20}},"loc":{"start":{"line":16,"column":30},"end":{"line":18,"column":1}},"line":16},"1":{"name":"(anonymous_1)","decl":{"start":{"line":21,"column":23},"end":{"line":21,"column":24}},"loc":{"start":{"line":21,"column":150},"end":{"line":242,"column":1}},"line":21},"2":{"name":"(anonymous_2)","decl":{"start":{"line":244,"column":28},"end":{"line":244,"column":29}},"loc":{"start":{"line":244,"column":130},"end":{"line":324,"column":1}},"line":244},"3":{"name":"(anonymous_3)","decl":{"start":{"line":326,"column":26},"end":{"line":326,"column":27}},"loc":{"start":{"line":326,"column":135},"end":{"line":392,"column":1}},"line":326},"4":{"name":"(anonymous_4)","decl":{"start":{"line":394,"column":27},"end":{"line":394,"column":28}},"loc":{"start":{"line":394,"column":135},"end":{"line":465,"column":1}},"line":394},"5":{"name":"(anonymous_5)","decl":{"start":{"line":412,"column":21},"end":{"line":412,"column":22}},"loc":{"start":{"line":412,"column":32},"end":{"line":417,"column":5}},"line":412}},"branchMap":{"0":{"loc":{"start":{"line":21,"column":101},"end":{"line":21,"column":119}},"type":"default-arg","locations":[{"start":{"line":21,"column":109},"end":{"line":21,"column":119}}],"line":21},"1":{"loc":{"start":{"line":21,"column":121},"end":{"line":21,"column":140}},"type":"default-arg","locations":[{"start":{"line":21,"column":135},"end":{"line":21,"column":140}}],"line":21},"2":{"loc":{"start":{"line":30,"column":4},"end":{"line":49,"column":5}},"type":"if","locations":[{"start":{"line":30,"column":4},"end":{"line":49,"column":5}},{"start":{"line":38,"column":11},"end":{"line":49,"column":5}}],"line":30},"3":{"loc":{"start":{"line":35,"column":16},"end":{"line":35,"column":67}},"type":"cond-expr","locations":[{"start":{"line":35,"column":41},"end":{"line":35,"column":63}},{"start":{"line":35,"column":66},"end":{"line":35,"column":67}}],"line":35},"4":{"loc":{"start":{"line":36,"column":19},"end":{"line":36,"column":76}},"type":"cond-expr","locations":[{"start":{"line":36,"column":47},"end":{"line":36,"column":72}},{"start":{"line":36,"column":75},"end":{"line":36,"column":76}}],"line":36},"5":{"loc":{"start":{"line":37,"column":31},"end":{"line":37,"column":117}},"type":"cond-expr","locations":[{"start":{"line":37,"column":71},"end":{"line":37,"column":108}},{"start":{"line":37,"column":111},"end":{"line":37,"column":117}}],"line":37},"6":{"loc":{"start":{"line":41,"column":16},"end":{"line":41,"column":67}},"type":"cond-expr","locations":[{"start":{"line":41,"column":41},"end":{"line":41,"column":63}},{"start":{"line":41,"column":66},"end":{"line":41,"column":67}}],"line":41},"7":{"loc":{"start":{"line":42,"column":19},"end":{"line":42,"column":76}},"type":"cond-expr","locations":[{"start":{"line":42,"column":47},"end":{"line":42,"column":72}},{"start":{"line":42,"column":75},"end":{"line":42,"column":76}}],"line":42},"8":{"loc":{"start":{"line":43,"column":31},"end":{"line":43,"column":117}},"type":"cond-expr","locations":[{"start":{"line":43,"column":71},"end":{"line":43,"column":108}},{"start":{"line":43,"column":111},"end":{"line":43,"column":117}}],"line":43},"9":{"loc":{"start":{"line":64,"column":4},"end":{"line":72,"column":5}},"type":"if","locations":[{"start":{"line":64,"column":4},"end":{"line":72,"column":5}},{"start":{"line":69,"column":11},"end":{"line":72,"column":5}}],"line":64},"10":{"loc":{"start":{"line":68,"column":20},"end":{"line":68,"column":80}},"type":"cond-expr","locations":[{"start":{"line":68,"column":44},"end":{"line":68,"column":65}},{"start":{"line":68,"column":68},"end":{"line":68,"column":80}}],"line":68},"11":{"loc":{"start":{"line":74,"column":4},"end":{"line":241,"column":5}},"type":"if","locations":[{"start":{"line":74,"column":4},"end":{"line":241,"column":5}},{"start":{"line":168,"column":11},"end":{"line":241,"column":5}}],"line":74},"12":{"loc":{"start":{"line":75,"column":8},"end":{"line":77,"column":9}},"type":"if","locations":[{"start":{"line":75,"column":8},"end":{"line":77,"column":9}},{"start":{},"end":{}}],"line":75},"13":{"loc":{"start":{"line":81,"column":164},"end":{"line":81,"column":220}},"type":"cond-expr","locations":[{"start":{"line":81,"column":191},"end":{"line":81,"column":215}},{"start":{"line":81,"column":218},"end":{"line":81,"column":220}}],"line":81},"14":{"loc":{"start":{"line":81,"column":222},"end":{"line":81,"column":352}},"type":"cond-expr","locations":[{"start":{"line":81,"column":285},"end":{"line":81,"column":345}},{"start":{"line":81,"column":348},"end":{"line":81,"column":352}}],"line":81},"15":{"loc":{"start":{"line":81,"column":354},"end":{"line":81,"column":478}},"type":"cond-expr","locations":[{"start":{"line":81,"column":414},"end":{"line":81,"column":471}},{"start":{"line":81,"column":474},"end":{"line":81,"column":478}}],"line":81},"16":{"loc":{"start":{"line":84,"column":8},"end":{"line":89,"column":9}},"type":"if","locations":[{"start":{"line":84,"column":8},"end":{"line":89,"column":9}},{"start":{},"end":{}}],"line":84},"17":{"loc":{"start":{"line":87,"column":164},"end":{"line":87,"column":220}},"type":"cond-expr","locations":[{"start":{"line":87,"column":191},"end":{"line":87,"column":215}},{"start":{"line":87,"column":218},"end":{"line":87,"column":220}}],"line":87},"18":{"loc":{"start":{"line":87,"column":222},"end":{"line":87,"column":352}},"type":"cond-expr","locations":[{"start":{"line":87,"column":285},"end":{"line":87,"column":345}},{"start":{"line":87,"column":348},"end":{"line":87,"column":352}}],"line":87},"19":{"loc":{"start":{"line":87,"column":354},"end":{"line":87,"column":478}},"type":"cond-expr","locations":[{"start":{"line":87,"column":414},"end":{"line":87,"column":471}},{"start":{"line":87,"column":474},"end":{"line":87,"column":478}}],"line":87},"20":{"loc":{"start":{"line":91,"column":27},"end":{"line":91,"column":66}},"type":"cond-expr","locations":[{"start":{"line":91,"column":46},"end":{"line":91,"column":62}},{"start":{"line":91,"column":65},"end":{"line":91,"column":66}}],"line":91},"21":{"loc":{"start":{"line":92,"column":8},"end":{"line":94,"column":9}},"type":"if","locations":[{"start":{"line":92,"column":8},"end":{"line":94,"column":9}},{"start":{},"end":{}}],"line":92},"22":{"loc":{"start":{"line":103,"column":8},"end":{"line":159,"column":9}},"type":"if","locations":[{"start":{"line":103,"column":8},"end":{"line":159,"column":9}},{"start":{"line":133,"column":15},"end":{"line":159,"column":9}}],"line":103},"23":{"loc":{"start":{"line":105,"column":12},"end":{"line":132,"column":13}},"type":"if","locations":[{"start":{"line":105,"column":12},"end":{"line":132,"column":13}},{"start":{},"end":{}}],"line":105},"24":{"loc":{"start":{"line":123,"column":16},"end":{"line":131,"column":17}},"type":"if","locations":[{"start":{"line":123,"column":16},"end":{"line":131,"column":17}},{"start":{},"end":{}}],"line":123},"25":{"loc":{"start":{"line":128,"column":20},"end":{"line":130,"column":21}},"type":"if","locations":[{"start":{"line":128,"column":20},"end":{"line":130,"column":21}},{"start":{},"end":{}}],"line":128},"26":{"loc":{"start":{"line":135,"column":12},"end":{"line":158,"column":13}},"type":"if","locations":[{"start":{"line":135,"column":12},"end":{"line":158,"column":13}},{"start":{},"end":{}}],"line":135},"27":{"loc":{"start":{"line":155,"column":16},"end":{"line":157,"column":17}},"type":"if","locations":[{"start":{"line":155,"column":16},"end":{"line":157,"column":17}},{"start":{},"end":{}}],"line":155},"28":{"loc":{"start":{"line":173,"column":126},"end":{"line":173,"column":182}},"type":"cond-expr","locations":[{"start":{"line":173,"column":153},"end":{"line":173,"column":177}},{"start":{"line":173,"column":180},"end":{"line":173,"column":182}}],"line":173},"29":{"loc":{"start":{"line":173,"column":184},"end":{"line":173,"column":314}},"type":"cond-expr","locations":[{"start":{"line":173,"column":247},"end":{"line":173,"column":307}},{"start":{"line":173,"column":310},"end":{"line":173,"column":314}}],"line":173},"30":{"loc":{"start":{"line":173,"column":316},"end":{"line":173,"column":440}},"type":"cond-expr","locations":[{"start":{"line":173,"column":376},"end":{"line":173,"column":433}},{"start":{"line":173,"column":436},"end":{"line":173,"column":440}}],"line":173},"31":{"loc":{"start":{"line":173,"column":442},"end":{"line":173,"column":550}},"type":"cond-expr","locations":[{"start":{"line":173,"column":497},"end":{"line":173,"column":543}},{"start":{"line":173,"column":546},"end":{"line":173,"column":550}}],"line":173},"32":{"loc":{"start":{"line":180,"column":8},"end":{"line":232,"column":9}},"type":"if","locations":[{"start":{"line":180,"column":8},"end":{"line":232,"column":9}},{"start":{"line":211,"column":15},"end":{"line":232,"column":9}}],"line":180},"33":{"loc":{"start":{"line":182,"column":12},"end":{"line":210,"column":13}},"type":"if","locations":[{"start":{"line":182,"column":12},"end":{"line":210,"column":13}},{"start":{},"end":{}}],"line":182},"34":{"loc":{"start":{"line":200,"column":16},"end":{"line":208,"column":17}},"type":"if","locations":[{"start":{"line":200,"column":16},"end":{"line":208,"column":17}},{"start":{},"end":{}}],"line":200},"35":{"loc":{"start":{"line":205,"column":20},"end":{"line":207,"column":21}},"type":"if","locations":[{"start":{"line":205,"column":20},"end":{"line":207,"column":21}},{"start":{},"end":{}}],"line":205},"36":{"loc":{"start":{"line":213,"column":12},"end":{"line":231,"column":13}},"type":"if","locations":[{"start":{"line":213,"column":12},"end":{"line":231,"column":13}},{"start":{},"end":{}}],"line":213},"37":{"loc":{"start":{"line":228,"column":16},"end":{"line":230,"column":17}},"type":"if","locations":[{"start":{"line":228,"column":16},"end":{"line":230,"column":17}},{"start":{},"end":{}}],"line":228},"38":{"loc":{"start":{"line":244,"column":102},"end":{"line":244,"column":120}},"type":"default-arg","locations":[{"start":{"line":244,"column":110},"end":{"line":244,"column":120}}],"line":244},"39":{"loc":{"start":{"line":263,"column":4},"end":{"line":271,"column":5}},"type":"if","locations":[{"start":{"line":263,"column":4},"end":{"line":271,"column":5}},{"start":{"line":268,"column":11},"end":{"line":271,"column":5}}],"line":263},"40":{"loc":{"start":{"line":267,"column":20},"end":{"line":267,"column":80}},"type":"cond-expr","locations":[{"start":{"line":267,"column":44},"end":{"line":267,"column":65}},{"start":{"line":267,"column":68},"end":{"line":267,"column":80}}],"line":267},"41":{"loc":{"start":{"line":280,"column":10},"end":{"line":280,"column":66}},"type":"cond-expr","locations":[{"start":{"line":280,"column":37},"end":{"line":280,"column":61}},{"start":{"line":280,"column":64},"end":{"line":280,"column":66}}],"line":280},"42":{"loc":{"start":{"line":288,"column":4},"end":{"line":321,"column":5}},"type":"if","locations":[{"start":{"line":288,"column":4},"end":{"line":321,"column":5}},{"start":{"line":316,"column":11},"end":{"line":321,"column":5}}],"line":288},"43":{"loc":{"start":{"line":291,"column":8},"end":{"line":310,"column":9}},"type":"if","locations":[{"start":{"line":291,"column":8},"end":{"line":310,"column":9}},{"start":{},"end":{}}],"line":291},"44":{"loc":{"start":{"line":307,"column":12},"end":{"line":309,"column":13}},"type":"if","locations":[{"start":{"line":307,"column":12},"end":{"line":309,"column":13}},{"start":{},"end":{}}],"line":307},"45":{"loc":{"start":{"line":326,"column":107},"end":{"line":326,"column":125}},"type":"default-arg","locations":[{"start":{"line":326,"column":115},"end":{"line":326,"column":125}}],"line":326},"46":{"loc":{"start":{"line":336,"column":4},"end":{"line":344,"column":5}},"type":"if","locations":[{"start":{"line":336,"column":4},"end":{"line":344,"column":5}},{"start":{"line":341,"column":11},"end":{"line":344,"column":5}}],"line":336},"47":{"loc":{"start":{"line":340,"column":20},"end":{"line":340,"column":80}},"type":"cond-expr","locations":[{"start":{"line":340,"column":44},"end":{"line":340,"column":65}},{"start":{"line":340,"column":68},"end":{"line":340,"column":80}}],"line":340},"48":{"loc":{"start":{"line":351,"column":10},"end":{"line":351,"column":66}},"type":"cond-expr","locations":[{"start":{"line":351,"column":37},"end":{"line":351,"column":61}},{"start":{"line":351,"column":64},"end":{"line":351,"column":66}}],"line":351},"49":{"loc":{"start":{"line":358,"column":4},"end":{"line":390,"column":5}},"type":"if","locations":[{"start":{"line":358,"column":4},"end":{"line":390,"column":5}},{"start":{"line":385,"column":11},"end":{"line":390,"column":5}}],"line":358},"50":{"loc":{"start":{"line":361,"column":8},"end":{"line":379,"column":9}},"type":"if","locations":[{"start":{"line":361,"column":8},"end":{"line":379,"column":9}},{"start":{},"end":{}}],"line":361},"51":{"loc":{"start":{"line":376,"column":12},"end":{"line":378,"column":13}},"type":"if","locations":[{"start":{"line":376,"column":12},"end":{"line":378,"column":13}},{"start":{},"end":{}}],"line":376},"52":{"loc":{"start":{"line":394,"column":107},"end":{"line":394,"column":125}},"type":"default-arg","locations":[{"start":{"line":394,"column":115},"end":{"line":394,"column":125}}],"line":394},"53":{"loc":{"start":{"line":427,"column":10},"end":{"line":427,"column":66}},"type":"cond-expr","locations":[{"start":{"line":427,"column":37},"end":{"line":427,"column":61}},{"start":{"line":427,"column":64},"end":{"line":427,"column":66}}],"line":427},"54":{"loc":{"start":{"line":434,"column":4},"end":{"line":464,"column":5}},"type":"if","locations":[{"start":{"line":434,"column":4},"end":{"line":464,"column":5}},{"start":{"line":459,"column":11},"end":{"line":464,"column":5}}],"line":434},"55":{"loc":{"start":{"line":437,"column":8},"end":{"line":453,"column":9}},"type":"if","locations":[{"start":{"line":437,"column":8},"end":{"line":453,"column":9}},{"start":{},"end":{}}],"line":437},"56":{"loc":{"start":{"line":450,"column":12},"end":{"line":452,"column":13}},"type":"if","locations":[{"start":{"line":450,"column":12},"end":{"line":452,"column":13}},{"start":{},"end":{}}],"line":450}},"s":{"0":1,"1":1,"2":1,"3":1,"4":1,"5":1,"6":1,"7":1,"8":1,"9":1,"10":1,"11":1,"12":1,"13":1,"14":0,"15":0,"16":0,"17":0,"18":0,"19":0,"20":0,"21":0,"22":0,"23":0,"24":0,"25":0,"26":0,"27":0,"28":0,"29":0,"30":0,"31":0,"32":0,"33":0,"34":0,"35":0,"36":0,"37":0,"38":0,"39":0,"40":0,"41":0,"42":0,"43":0,"44":0,"45":0,"46":0,"47":0,"48":0,"49":0,"50":0,"51":0,"52":0,"53":0,"54":0,"55":0,"56":0,"57":0,"58":0,"59":0,"60":0,"61":0,"62":0,"63":0,"64":0,"65":0,"66":0,"67":0,"68":0,"69":0,"70":0,"71":0,"72":0,"73":0,"74":0,"75":0,"76":0,"77":0,"78":0,"79":0,"80":0,"81":0,"82":0,"83":0,"84":0,"85":0,"86":0,"87":0,"88":0,"89":0,"90":0,"91":0,"92":0,"93":0,"94":0,"95":0,"96":0,"97":0,"98":0,"99":0,"100":0,"101":0,"102":0,"103":0,"104":0,"105":0,"106":0,"107":0,"108":0,"109":0,"110":0,"111":0,"112":0,"113":0,"114":0,"115":0,"116":0,"117":0,"118":0,"119":0,"120":0,"121":0,"122":0,"123":0,"124":0,"125":0,"126":0,"127":0,"128":0,"129":0,"130":0,"131":0,"132":0,"133":0,"134":0,"135":1,"136":0,"137":0,"138":0,"139":0,"140":0,"141":0,"142":0,"143":0,"144":0,"145":0,"146":0,"147":0,"148":0,"149":0,"150":0,"151":0,"152":0,"153":0,"154":0,"155":0,"156":0,"157":0,"158":0,"159":0,"160":0,"161":0,"162":0,"163":0,"164":0,"165":0,"166":0,"167":0,"168":0,"169":0,"170":0,"171":0,"172":1,"173":0,"174":0,"175":0,"176":0,"177":0,"178":0,"179":0,"180":0,"181":0,"182":0,"183":0,"184":0,"185":0,"186":0,"187":0,"188":0,"189":0,"190":0,"191":0,"192":0,"193":0,"194":0,"195":0,"196":0,"197":0,"198":0,"199":0,"200":0,"201":0,"202":0,"203":0,"204":0,"205":0,"206":0,"207":1,"208":1,"209":1,"210":1,"211":1,"212":1,"213":1,"214":1,"215":3,"216":1,"217":1,"218":1,"219":1,"220":1,"221":1,"222":1,"223":1,"224":1,"225":1,"226":1,"227":1,"228":1,"229":1,"230":1,"231":1,"232":1,"233":1,"234":1,"235":0,"236":0,"237":1},"f":{"0":0,"1":0,"2":0,"3":0,"4":1,"5":3},"b":{"0":[0],"1":[0],"2":[0,0],"3":[0,0],"4":[0,0],"5":[0,0],"6":[0,0],"7":[0,0],"8":[0,0],"9":[0,0],"10":[0,0],"11":[0,0],"12":[0,0],"13":[0,0],"14":[0,0],"15":[0,0],"16":[0,0],"17":[0,0],"18":[0,0],"19":[0,0],"20":[0,0],"21":[0,0],"22":[0,0],"23":[0,0],"24":[0,0],"25":[0,0],"26":[0,0],"27":[0,0],"28":[0,0],"29":[0,0],"30":[0,0],"31":[0,0],"32":[0,0],"33":[0,0],"34":[0,0],"35":[0,0],"36":[0,0],"37":[0,0],"38":[0],"39":[0,0],"40":[0,0],"41":[0,0],"42":[0,0],"43":[0,0],"44":[0,0],"45":[0],"46":[0,0],"47":[0,0],"48":[0,0],"49":[0,0],"50":[0,0],"51":[0,0],"52":[0],"53":[1,0],"54":[1,0],"55":[1,0],"56":[1,0]},"_coverageSchema":"1a1c01bbd47fc00a2c39e90264f33305004495a9","hash":"0cf0fef0ebd52933861cdaba6437b30f1d9e4041"}
,"C:\\00Project\\ProjectGray\\00VueProject\\00VueAPI\\src\\models\\cryptof.model.js": {"path":"C:\\00Project\\ProjectGray\\00VueProject\\00VueAPI\\src\\models\\cryptof.model.js","statementMap":{"0":{"start":{"line":3,"column":13},"end":{"line":3,"column":46}},"1":{"start":{"line":4,"column":15},"end":{"line":4,"column":45}},"2":{"start":{"line":6,"column":15},"end":{"line":6,"column":32}},"3":{"start":{"line":8,"column":18},"end":{"line":8,"column":31}},"4":{"start":{"line":9,"column":13},"end":{"line":9,"column":22}},"5":{"start":{"line":13,"column":13},"end":{"line":13,"column":29}},"6":{"start":{"line":15,"column":11},"end":{"line":15,"column":33}},"7":{"start":{"line":18,"column":21},"end":{"line":20,"column":1}},"8":{"start":{"line":22,"column":0},"end":{"line":30,"column":2}},"9":{"start":{"line":24,"column":19},"end":{"line":24,"column":60}},"10":{"start":{"line":25,"column":20},"end":{"line":25,"column":59}},"11":{"start":{"line":26,"column":4},"end":{"line":26,"column":37}},"12":{"start":{"line":28,"column":4},"end":{"line":28,"column":21}},"13":{"start":{"line":32,"column":0},"end":{"line":39,"column":2}},"14":{"start":{"line":34,"column":19},"end":{"line":34,"column":62}},"15":{"start":{"line":35,"column":20},"end":{"line":35,"column":61}},"16":{"start":{"line":36,"column":4},"end":{"line":36,"column":40}},"17":{"start":{"line":38,"column":4},"end":{"line":38,"column":21}},"18":{"start":{"line":41,"column":0},"end":{"line":41,"column":32}}},"fnMap":{"0":{"name":"(anonymous_0)","decl":{"start":{"line":18,"column":21},"end":{"line":18,"column":22}},"loc":{"start":{"line":18,"column":32},"end":{"line":20,"column":1}},"line":18},"1":{"name":"(anonymous_1)","decl":{"start":{"line":22,"column":28},"end":{"line":22,"column":29}},"loc":{"start":{"line":22,"column":48},"end":{"line":30,"column":1}},"line":22},"2":{"name":"(anonymous_2)","decl":{"start":{"line":32,"column":28},"end":{"line":32,"column":29}},"loc":{"start":{"line":32,"column":48},"end":{"line":39,"column":1}},"line":32}},"branchMap":{},"s":{"0":2,"1":2,"2":2,"3":2,"4":2,"5":2,"6":2,"7":2,"8":2,"9":0,"10":0,"11":0,"12":0,"13":2,"14":0,"15":0,"16":0,"17":0,"18":2},"f":{"0":0,"1":0,"2":0},"b":{},"_coverageSchema":"1a1c01bbd47fc00a2c39e90264f33305004495a9","hash":"a3b1c55a2d47539b2a00aaef687c4fed1a107d0b"}
,"C:\\00Project\\ProjectGray\\00VueProject\\00VueAPI\\src\\models\\linemanage.model.js": {"path":"C:\\00Project\\ProjectGray\\00VueProject\\00VueAPI\\src\\models\\linemanage.model.js","statementMap":{"0":{"start":{"line":3,"column":13},"end":{"line":3,"column":46}},"1":{"start":{"line":4,"column":15},"end":{"line":4,"column":45}},"2":{"start":{"line":6,"column":14},"end":{"line":6,"column":30}},"3":{"start":{"line":7,"column":15},"end":{"line":7,"column":35}},"4":{"start":{"line":8,"column":20},"end":{"line":8,"column":42}},"5":{"start":{"line":10,"column":16},"end":{"line":14,"column":1}},"6":{"start":{"line":16,"column":0},"end":{"line":70,"column":1}},"7":{"start":{"line":18,"column":4},"end":{"line":68,"column":5}},"8":{"start":{"line":19,"column":20},"end":{"line":19,"column":59}},"9":{"start":{"line":21,"column":23},"end":{"line":25,"column":9}},"10":{"start":{"line":27,"column":21},"end":{"line":33,"column":9}},"11":{"start":{"line":37,"column":22},"end":{"line":37,"column":24}},"12":{"start":{"line":39,"column":8},"end":{"line":48,"column":9}},"13":{"start":{"line":46,"column":16},"end":{"line":46,"column":37}},"14":{"start":{"line":50,"column":8},"end":{"line":62,"column":9}},"15":{"start":{"line":54,"column":12},"end":{"line":54,"column":36}},"16":{"start":{"line":59,"column":12},"end":{"line":61,"column":13}},"17":{"start":{"line":65,"column":8},"end":{"line":67,"column":9}},"18":{"start":{"line":72,"column":0},"end":{"line":72,"column":27}}},"fnMap":{"0":{"name":"(anonymous_0)","decl":{"start":{"line":10,"column":16},"end":{"line":10,"column":17}},"loc":{"start":{"line":11,"column":0},"end":{"line":14,"column":1}},"line":11},"1":{"name":"(anonymous_1)","decl":{"start":{"line":16,"column":23},"end":{"line":16,"column":24}},"loc":{"start":{"line":16,"column":55},"end":{"line":70,"column":1}},"line":16},"2":{"name":"(anonymous_2)","decl":{"start":{"line":44,"column":12},"end":{"line":44,"column":13}},"loc":{"start":{"line":45,"column":12},"end":{"line":47,"column":13}},"line":45}},"branchMap":{"0":{"loc":{"start":{"line":50,"column":8},"end":{"line":62,"column":9}},"type":"if","locations":[{"start":{"line":50,"column":8},"end":{"line":62,"column":9}},{"start":{"line":57,"column":8},"end":{"line":62,"column":9}}],"line":50}},"s":{"0":2,"1":2,"2":2,"3":2,"4":2,"5":2,"6":2,"7":1,"8":1,"9":1,"10":1,"11":1,"12":1,"13":0,"14":0,"15":0,"16":0,"17":0,"18":2},"f":{"0":0,"1":1,"2":0},"b":{"0":[0,0]},"_coverageSchema":"1a1c01bbd47fc00a2c39e90264f33305004495a9","hash":"5a3bfb6678112e6fb2e7b520598fd51f91eb5749"}
,"C:\\00Project\\ProjectGray\\00VueProject\\00VueAPI\\src\\models\\memberlist.model.js": {"path":"C:\\00Project\\ProjectGray\\00VueProject\\00VueAPI\\src\\models\\memberlist.model.js","statementMap":{"0":{"start":{"line":3,"column":13},"end":{"line":3,"column":46}},"1":{"start":{"line":4,"column":15},"end":{"line":4,"column":45}},"2":{"start":{"line":6,"column":12},"end":{"line":6,"column":35}},"3":{"start":{"line":7,"column":20},"end":{"line":7,"column":52}},"4":{"start":{"line":8,"column":18},"end":{"line":8,"column":28}},"5":{"start":{"line":9,"column":17},"end":{"line":9,"column":21}},"6":{"start":{"line":12,"column":17},"end":{"line":21,"column":1}},"7":{"start":{"line":23,"column":0},"end":{"line":34,"column":2}},"8":{"start":{"line":24,"column":4},"end":{"line":24,"column":42}},"9":{"start":{"line":25,"column":17},"end":{"line":25,"column":107}},"10":{"start":{"line":26,"column":4},"end":{"line":26,"column":58}},"11":{"start":{"line":27,"column":4},"end":{"line":27,"column":32}},"12":{"start":{"line":28,"column":4},"end":{"line":28,"column":77}},"13":{"start":{"line":29,"column":4},"end":{"line":29,"column":68}},"14":{"start":{"line":31,"column":18},"end":{"line":31,"column":38}},"15":{"start":{"line":33,"column":4},"end":{"line":33,"column":17}},"16":{"start":{"line":36,"column":0},"end":{"line":47,"column":2}},"17":{"start":{"line":37,"column":17},"end":{"line":37,"column":107}},"18":{"start":{"line":38,"column":4},"end":{"line":38,"column":41}},"19":{"start":{"line":39,"column":4},"end":{"line":39,"column":58}},"20":{"start":{"line":40,"column":4},"end":{"line":40,"column":32}},"21":{"start":{"line":41,"column":4},"end":{"line":41,"column":77}},"22":{"start":{"line":42,"column":4},"end":{"line":42,"column":84}},"23":{"start":{"line":44,"column":18},"end":{"line":44,"column":38}},"24":{"start":{"line":46,"column":4},"end":{"line":46,"column":32}},"25":{"start":{"line":49,"column":0},"end":{"line":57,"column":2}},"26":{"start":{"line":50,"column":17},"end":{"line":50,"column":119}},"27":{"start":{"line":51,"column":4},"end":{"line":51,"column":32}},"28":{"start":{"line":52,"column":4},"end":{"line":52,"column":84}},"29":{"start":{"line":54,"column":18},"end":{"line":54,"column":38}},"30":{"start":{"line":56,"column":4},"end":{"line":56,"column":32}},"31":{"start":{"line":59,"column":0},"end":{"line":84,"column":2}},"32":{"start":{"line":61,"column":18},"end":{"line":61,"column":28}},"33":{"start":{"line":66,"column":18},"end":{"line":77,"column":17}},"34":{"start":{"line":81,"column":4},"end":{"line":81,"column":15}},"35":{"start":{"line":82,"column":4},"end":{"line":82,"column":17}},"36":{"start":{"line":86,"column":0},"end":{"line":107,"column":2}},"37":{"start":{"line":89,"column":33},"end":{"line":89,"column":72}},"38":{"start":{"line":89,"column":60},"end":{"line":89,"column":71}},"39":{"start":{"line":90,"column":32},"end":{"line":90,"column":62}},"40":{"start":{"line":97,"column":18},"end":{"line":100,"column":5}},"41":{"start":{"line":104,"column":4},"end":{"line":104,"column":15}},"42":{"start":{"line":105,"column":4},"end":{"line":105,"column":17}},"43":{"start":{"line":109,"column":0},"end":{"line":117,"column":2}},"44":{"start":{"line":110,"column":17},"end":{"line":110,"column":121}},"45":{"start":{"line":111,"column":4},"end":{"line":111,"column":362}},"46":{"start":{"line":112,"column":4},"end":{"line":112,"column":116}},"47":{"start":{"line":113,"column":4},"end":{"line":113,"column":24}},"48":{"start":{"line":114,"column":18},"end":{"line":114,"column":38}},"49":{"start":{"line":116,"column":4},"end":{"line":116,"column":32}},"50":{"start":{"line":119,"column":0},"end":{"line":228,"column":2}},"51":{"start":{"line":121,"column":17},"end":{"line":121,"column":29}},"52":{"start":{"line":122,"column":4},"end":{"line":122,"column":37}},"53":{"start":{"line":123,"column":25},"end":{"line":123,"column":45}},"54":{"start":{"line":125,"column":4},"end":{"line":125,"column":27}},"55":{"start":{"line":126,"column":4},"end":{"line":126,"column":28}},"56":{"start":{"line":127,"column":4},"end":{"line":127,"column":33}},"57":{"start":{"line":128,"column":4},"end":{"line":128,"column":25}},"58":{"start":{"line":130,"column":4},"end":{"line":130,"column":42}},"59":{"start":{"line":131,"column":4},"end":{"line":131,"column":44}},"60":{"start":{"line":132,"column":4},"end":{"line":132,"column":44}},"61":{"start":{"line":133,"column":4},"end":{"line":133,"column":20}},"62":{"start":{"line":134,"column":4},"end":{"line":134,"column":19}},"63":{"start":{"line":135,"column":4},"end":{"line":135,"column":22}},"64":{"start":{"line":136,"column":4},"end":{"line":136,"column":27}},"65":{"start":{"line":137,"column":4},"end":{"line":137,"column":26}},"66":{"start":{"line":138,"column":4},"end":{"line":138,"column":34}},"67":{"start":{"line":139,"column":4},"end":{"line":139,"column":84}},"68":{"start":{"line":140,"column":4},"end":{"line":140,"column":62}},"69":{"start":{"line":141,"column":4},"end":{"line":141,"column":63}},"70":{"start":{"line":143,"column":4},"end":{"line":143,"column":30}},"71":{"start":{"line":144,"column":4},"end":{"line":144,"column":35}},"72":{"start":{"line":145,"column":4},"end":{"line":145,"column":29}},"73":{"start":{"line":146,"column":4},"end":{"line":146,"column":34}},"74":{"start":{"line":147,"column":4},"end":{"line":147,"column":22}},"75":{"start":{"line":148,"column":4},"end":{"line":148,"column":29}},"76":{"start":{"line":150,"column":4},"end":{"line":150,"column":34}},"77":{"start":{"line":152,"column":4},"end":{"line":225,"column":5}},"78":{"start":{"line":155,"column":22},"end":{"line":216,"column":10}},"79":{"start":{"line":220,"column":8},"end":{"line":220,"column":19}},"80":{"start":{"line":221,"column":8},"end":{"line":221,"column":21}},"81":{"start":{"line":223,"column":8},"end":{"line":223,"column":27}},"82":{"start":{"line":224,"column":8},"end":{"line":224,"column":21}},"83":{"start":{"line":230,"column":0},"end":{"line":252,"column":2}},"84":{"start":{"line":231,"column":17},"end":{"line":231,"column":18}},"85":{"start":{"line":232,"column":17},"end":{"line":232,"column":77}},"86":{"start":{"line":233,"column":18},"end":{"line":233,"column":38}},"87":{"start":{"line":234,"column":4},"end":{"line":250,"column":5}},"88":{"start":{"line":236,"column":26},"end":{"line":236,"column":68}},"89":{"start":{"line":237,"column":8},"end":{"line":237,"column":25}},"90":{"start":{"line":241,"column":22},"end":{"line":241,"column":24}},"91":{"start":{"line":242,"column":21},"end":{"line":242,"column":37}},"92":{"start":{"line":243,"column":8},"end":{"line":248,"column":9}},"93":{"start":{"line":244,"column":22},"end":{"line":244,"column":90}},"94":{"start":{"line":245,"column":12},"end":{"line":245,"column":28}},"95":{"start":{"line":247,"column":12},"end":{"line":247,"column":67}},"96":{"start":{"line":249,"column":8},"end":{"line":249,"column":25}},"97":{"start":{"line":254,"column":0},"end":{"line":267,"column":2}},"98":{"start":{"line":256,"column":17},"end":{"line":256,"column":88}},"99":{"start":{"line":257,"column":18},"end":{"line":257,"column":38}},"100":{"start":{"line":258,"column":4},"end":{"line":265,"column":5}},"101":{"start":{"line":260,"column":8},"end":{"line":260,"column":20}},"102":{"start":{"line":264,"column":8},"end":{"line":264,"column":21}},"103":{"start":{"line":269,"column":0},"end":{"line":280,"column":2}},"104":{"start":{"line":271,"column":18},"end":{"line":274,"column":5}},"105":{"start":{"line":277,"column":4},"end":{"line":277,"column":15}},"106":{"start":{"line":278,"column":4},"end":{"line":278,"column":17}},"107":{"start":{"line":282,"column":0},"end":{"line":295,"column":1}},"108":{"start":{"line":284,"column":18},"end":{"line":289,"column":20}},"109":{"start":{"line":293,"column":4},"end":{"line":293,"column":15}},"110":{"start":{"line":294,"column":4},"end":{"line":294,"column":17}},"111":{"start":{"line":297,"column":0},"end":{"line":314,"column":1}},"112":{"start":{"line":299,"column":18},"end":{"line":308,"column":20}},"113":{"start":{"line":312,"column":4},"end":{"line":312,"column":15}},"114":{"start":{"line":313,"column":4},"end":{"line":313,"column":17}},"115":{"start":{"line":316,"column":0},"end":{"line":329,"column":1}},"116":{"start":{"line":318,"column":18},"end":{"line":323,"column":20}},"117":{"start":{"line":327,"column":4},"end":{"line":327,"column":15}},"118":{"start":{"line":328,"column":4},"end":{"line":328,"column":17}},"119":{"start":{"line":331,"column":0},"end":{"line":365,"column":1}},"120":{"start":{"line":333,"column":21},"end":{"line":333,"column":44}},"121":{"start":{"line":334,"column":24},"end":{"line":334,"column":44}},"122":{"start":{"line":335,"column":16},"end":{"line":335,"column":17}},"123":{"start":{"line":336,"column":4},"end":{"line":343,"column":5}},"124":{"start":{"line":337,"column":8},"end":{"line":337,"column":20}},"125":{"start":{"line":341,"column":8},"end":{"line":341,"column":82}},"126":{"start":{"line":342,"column":8},"end":{"line":342,"column":21}},"127":{"start":{"line":345,"column":24},"end":{"line":345,"column":63}},"128":{"start":{"line":347,"column":18},"end":{"line":358,"column":20}},"129":{"start":{"line":362,"column":4},"end":{"line":362,"column":15}},"130":{"start":{"line":367,"column":0},"end":{"line":382,"column":2}},"131":{"start":{"line":369,"column":4},"end":{"line":371,"column":5}},"132":{"start":{"line":370,"column":8},"end":{"line":370,"column":18}},"133":{"start":{"line":373,"column":17},"end":{"line":373,"column":28}},"134":{"start":{"line":374,"column":4},"end":{"line":374,"column":32}},"135":{"start":{"line":375,"column":4},"end":{"line":375,"column":28}},"136":{"start":{"line":376,"column":4},"end":{"line":376,"column":24}},"137":{"start":{"line":379,"column":18},"end":{"line":379,"column":38}},"138":{"start":{"line":381,"column":4},"end":{"line":381,"column":32}},"139":{"start":{"line":384,"column":0},"end":{"line":399,"column":2}},"140":{"start":{"line":386,"column":4},"end":{"line":388,"column":5}},"141":{"start":{"line":387,"column":8},"end":{"line":387,"column":18}},"142":{"start":{"line":390,"column":17},"end":{"line":390,"column":28}},"143":{"start":{"line":391,"column":4},"end":{"line":391,"column":32}},"144":{"start":{"line":392,"column":4},"end":{"line":392,"column":28}},"145":{"start":{"line":393,"column":4},"end":{"line":393,"column":24}},"146":{"start":{"line":396,"column":18},"end":{"line":396,"column":38}},"147":{"start":{"line":398,"column":4},"end":{"line":398,"column":26}},"148":{"start":{"line":401,"column":0},"end":{"line":401,"column":28}}},"fnMap":{"0":{"name":"(anonymous_0)","decl":{"start":{"line":12,"column":17},"end":{"line":12,"column":18}},"loc":{"start":{"line":12,"column":38},"end":{"line":21,"column":1}},"line":12},"1":{"name":"(anonymous_1)","decl":{"start":{"line":23,"column":21},"end":{"line":23,"column":22}},"loc":{"start":{"line":23,"column":50},"end":{"line":34,"column":1}},"line":23},"2":{"name":"(anonymous_2)","decl":{"start":{"line":36,"column":22},"end":{"line":36,"column":23}},"loc":{"start":{"line":36,"column":56},"end":{"line":47,"column":1}},"line":36},"3":{"name":"(anonymous_3)","decl":{"start":{"line":49,"column":34},"end":{"line":49,"column":35}},"loc":{"start":{"line":49,"column":61},"end":{"line":57,"column":1}},"line":49},"4":{"name":"(anonymous_4)","decl":{"start":{"line":59,"column":24},"end":{"line":59,"column":25}},"loc":{"start":{"line":59,"column":50},"end":{"line":84,"column":1}},"line":59},"5":{"name":"(anonymous_5)","decl":{"start":{"line":86,"column":26},"end":{"line":86,"column":27}},"loc":{"start":{"line":86,"column":52},"end":{"line":107,"column":1}},"line":86},"6":{"name":"(anonymous_6)","decl":{"start":{"line":89,"column":52},"end":{"line":89,"column":53}},"loc":{"start":{"line":89,"column":60},"end":{"line":89,"column":71}},"line":89},"7":{"name":"(anonymous_7)","decl":{"start":{"line":109,"column":33},"end":{"line":109,"column":34}},"loc":{"start":{"line":109,"column":60},"end":{"line":117,"column":1}},"line":109},"8":{"name":"(anonymous_8)","decl":{"start":{"line":119,"column":20},"end":{"line":119,"column":21}},"loc":{"start":{"line":119,"column":46},"end":{"line":228,"column":1}},"line":119},"9":{"name":"(anonymous_9)","decl":{"start":{"line":230,"column":30},"end":{"line":230,"column":31}},"loc":{"start":{"line":230,"column":68},"end":{"line":252,"column":1}},"line":230},"10":{"name":"(anonymous_10)","decl":{"start":{"line":254,"column":33},"end":{"line":254,"column":34}},"loc":{"start":{"line":254,"column":60},"end":{"line":267,"column":1}},"line":254},"11":{"name":"(anonymous_11)","decl":{"start":{"line":269,"column":31},"end":{"line":269,"column":32}},"loc":{"start":{"line":269,"column":48},"end":{"line":280,"column":1}},"line":269},"12":{"name":"(anonymous_12)","decl":{"start":{"line":282,"column":26},"end":{"line":282,"column":27}},"loc":{"start":{"line":283,"column":0},"end":{"line":295,"column":1}},"line":283},"13":{"name":"(anonymous_13)","decl":{"start":{"line":297,"column":37},"end":{"line":297,"column":38}},"loc":{"start":{"line":298,"column":0},"end":{"line":314,"column":1}},"line":298},"14":{"name":"(anonymous_14)","decl":{"start":{"line":316,"column":29},"end":{"line":31
[...]
":[{"start":{"line":592,"column":8},"end":{"line":597,"column":9}},{"start":{},"end":{}}],"line":592},"31":{"loc":{"start":{"line":599,"column":8},"end":{"line":603,"column":9}},"type":"if","locations":[{"start":{"line":599,"column":8},"end":{"line":603,"column":9}},{"start":{},"end":{}}],"line":599},"32":{"loc":{"start":{"line":607,"column":30},"end":{"line":607,"column":86}},"type":"cond-expr","locations":[{"start":{"line":607,"column":57},"end":{"line":607,"column":83}},{"start":{"line":607,"column":84},"end":{"line":607,"column":86}}],"line":607},"33":{"loc":{"start":{"line":608,"column":8},"end":{"line":613,"column":9}},"type":"if","locations":[{"start":{"line":608,"column":8},"end":{"line":613,"column":9}},{"start":{},"end":{}}],"line":608},"34":{"loc":{"start":{"line":617,"column":8},"end":{"line":619,"column":9}},"type":"if","locations":[{"start":{"line":617,"column":8},"end":{"line":619,"column":9}},{"start":{},"end":{}}],"line":617},"35":{"loc":{"start":{"line":644,"column":8},"end":{"line":656,"column":9}},"type":"if","locations":[{"start":{"line":644,"column":8},"end":{"line":656,"column":9}},{"start":{"line":652,"column":8},"end":{"line":656,"column":9}}],"line":644},"36":{"loc":{"start":{"line":647,"column":12},"end":{"line":649,"column":13}},"type":"if","locations":[{"start":{"line":647,"column":12},"end":{"line":649,"column":13}},{"start":{},"end":{}}],"line":647},"37":{"loc":{"start":{"line":671,"column":8},"end":{"line":676,"column":9}},"type":"if","locations":[{"start":{"line":671,"column":8},"end":{"line":676,"column":9}},{"start":{},"end":{}}],"line":671},"38":{"loc":{"start":{"line":678,"column":8},"end":{"line":682,"column":9}},"type":"if","locations":[{"start":{"line":678,"column":8},"end":{"line":682,"column":9}},{"start":{},"end":{}}],"line":678},"39":{"loc":{"start":{"line":685,"column":8},"end":{"line":692,"column":9}},"type":"if","locations":[{"start":{"line":685,"column":8},"end":{"line":692,"column":9}},{"start":{"line":690,"column":8},"end":{"line":692,"column":9}}],"line":685},"40":{"loc":{"start":{"line":694,"column":30},"end":{"line":694,"column":86}},"type":"cond-expr","locations":[{"start":{"line":694,"column":57},"end":{"line":694,"column":83}},{"start":{"line":694,"column":84},"end":{"line":694,"column":86}}],"line":694},"41":{"loc":{"start":{"line":695,"column":8},"end":{"line":700,"column":9}},"type":"if","locations":[{"start":{"line":695,"column":8},"end":{"line":700,"column":9}},{"start":{},"end":{}}],"line":695},"42":{"loc":{"start":{"line":725,"column":8},"end":{"line":737,"column":9}},"type":"if","locations":[{"start":{"line":725,"column":8},"end":{"line":737,"column":9}},{"start":{"line":733,"column":8},"end":{"line":737,"column":9}}],"line":725},"43":{"loc":{"start":{"line":728,"column":12},"end":{"line":730,"column":13}},"type":"if","locations":[{"start":{"line":728,"column":12},"end":{"line":730,"column":13}},{"start":{},"end":{}}],"line":728},"44":{"loc":{"start":{"line":752,"column":8},"end":{"line":757,"column":9}},"type":"if","locations":[{"start":{"line":752,"column":8},"end":{"line":757,"column":9}},{"start":{},"end":{}}],"line":752},"45":{"loc":{"start":{"line":759,"column":30},"end":{"line":759,"column":86}},"type":"cond-expr","locations":[{"start":{"line":759,"column":57},"end":{"line":759,"column":83}},{"start":{"line":759,"column":84},"end":{"line":759,"column":86}}],"line":759},"46":{"loc":{"start":{"line":760,"column":8},"end":{"line":765,"column":9}},"type":"if","locations":[{"start":{"line":760,"column":8},"end":{"line":765,"column":9}},{"start":{},"end":{}}],"line":760},"47":{"loc":{"start":{"line":790,"column":8},"end":{"line":802,"column":9}},"type":"if","locations":[{"start":{"line":790,"column":8},"end":{"line":802,"column":9}},{"start":{"line":798,"column":8},"end":{"line":802,"column":9}}],"line":790},"48":{"loc":{"start":{"line":793,"column":12},"end":{"line":795,"column":13}},"type":"if","locations":[{"start":{"line":793,"column":12},"end":{"line":795,"column":13}},{"start":{},"end":{}}],"line":793}},"s":{"0":1,"1":1,"2":1,"3":1,"4":1,"5":1,"6":1,"7":1,"8":0,"9":0,"10":0,"11":0,"12":0,"13":0,"14":1,"15":0,"16":0,"17":0,"18":0,"19":0,"20":0,"21":0,"22":0,"23":1,"24":0,"25":0,"26":0,"27":0,"28":0,"29":0,"30":0,"31":0,"32":0,"33":0,"34":0,"35":0,"36":0,"37":0,"38":0,"39":0,"40":0,"41":0,"42":0,"43":0,"44":0,"45":0,"46":1,"47":0,"48":0,"49":0,"50":0,"51":0,"52":0,"53":0,"54":0,"55":0,"56":0,"57":0,"58":0,"59":0,"60":0,"61":0,"62":0,"63":0,"64":0,"65":0,"66":0,"67":0,"68":0,"69":0,"70":1,"71":0,"72":0,"73":0,"74":0,"75":0,"76":0,"77":0,"78":0,"79":0,"80":0,"81":0,"82":0,"83":0,"84":0,"85":0,"86":0,"87":0,"88":0,"89":0,"90":0,"91":0,"92":0,"93":0,"94":1,"95":0,"96":0,"97":0,"98":0,"99":0,"100":0,"101":0,"102":0,"103":0,"104":0,"105":0,"106":0,"107":0,"108":0,"109":0,"110":0,"111":0,"112":0,"113":0,"114":0,"115":0,"116":0,"117":0,"118":0,"119":0,"120":1,"121":0,"122":0,"123":0,"124":0,"125":0,"126":0,"127":0,"128":0,"129":0,"130":0,"131":0,"132":0,"133":0,"134":0,"135":1,"136":0,"137":0,"138":0,"139":0,"140":0,"141":0,"142":0,"143":0,"144":0,"145":0,"146":0,"147":0,"148":0,"149":0,"150":0,"151":0,"152":0,"153":0,"154":0,"155":0,"156":0,"157":0,"158":0,"159":1,"160":0,"161":0,"162":0,"163":0,"164":0,"165":0,"166":0,"167":0,"168":0,"169":0,"170":0,"171":0,"172":0,"173":0,"174":0,"175":0,"176":0,"177":0,"178":0,"179":0,"180":0,"181":0,"182":0,"183":0,"184":0,"185":1,"186":0,"187":0,"188":0,"189":0,"190":0,"191":0,"192":0,"193":0,"194":0,"195":0,"196":0,"197":0,"198":0,"199":0,"200":0,"201":0,"202":0,"203":0,"204":0,"205":1},"f":{"0":0,"1":0,"2":0,"3":0,"4":0,"5":0,"6":0,"7":0,"8":0,"9":0,"10":0,"11":0,"12":0,"13":0,"14":0,"15":0,"16":0,"17":0,"18":0},"b":{"0":[0,0],"1":[0,0],"2":[0,0],"3":[0,0],"4":[0,0],"5":[0,0],"6":[0,0],"7":[0,0],"8":[0,0],"9":[0,0],"10":[0,0],"11":[0,0],"12":[0,0],"13":[0,0],"14":[0,0],"15":[0,0],"16":[0,0],"17":[0,0],"18":[0,0],"19":[0,0],"20":[0,0],"21":[0,0],"22":[0,0],"23":[0,0],"24":[0,0],"25":[0,0],"26":[0,0],"27":[0,0],"28":[0,0],"29":[0,0],"30":[0,0],"31":[0,0],"32":[0,0],"33":[0,0],"34":[0,0],"35":[0,0],"36":[0,0],"37":[0,0],"38":[0,0],"39":[0,0],"40":[0,0],"41":[0,0],"42":[0,0],"43":[0,0],"44":[0,0],"45":[0,0],"46":[0,0],"47":[0,0],"48":[0,0]},"_coverageSchema":"1a1c01bbd47fc00a2c39e90264f33305004495a9","hash":"508ec4775a007ec1fe1cfb5541b3ca18ac6f6372"}
,"C:\\00Project\\ProjectGray\\00VueProject\\00VueAPI\\src\\modules\\timehelper.js": {"path":"C:\\00Project\\ProjectGray\\00VueProject\\00VueAPI\\src\\modules\\timehelper.js","statementMap":{"0":{"start":{"line":2,"column":18},"end":{"line":4,"column":1}},"1":{"start":{"line":6,"column":0},"end":{"line":18,"column":1}},"2":{"start":{"line":7,"column":12},"end":{"line":7,"column":22}},"3":{"start":{"line":8,"column":16},"end":{"line":8,"column":39}},"4":{"start":{"line":9,"column":14},"end":{"line":9,"column":30}},"5":{"start":{"line":10,"column":15},"end":{"line":10,"column":34}},"6":{"start":{"line":12,"column":4},"end":{"line":13,"column":28}},"7":{"start":{"line":13,"column":8},"end":{"line":13,"column":28}},"8":{"start":{"line":14,"column":4},"end":{"line":15,"column":24}},"9":{"start":{"line":15,"column":8},"end":{"line":15,"column":24}},"10":{"start":{"line":17,"column":4},"end":{"line":17,"column":40}},"11":{"start":{"line":20,"column":0},"end":{"line":47,"column":1}},"12":{"start":{"line":21,"column":12},"end":{"line":21,"column":22}},"13":{"start":{"line":22,"column":16},"end":{"line":22,"column":39}},"14":{"start":{"line":23,"column":14},"end":{"line":23,"column":30}},"15":{"start":{"line":24,"column":14},"end":{"line":24,"column":34}},"16":{"start":{"line":25,"column":8},"end":{"line":25,"column":32}},"17":{"start":{"line":26,"column":8},"end":{"line":26,"column":33}},"18":{"start":{"line":27,"column":8},"end":{"line":27,"column":33}},"19":{"start":{"line":29,"column":4},"end":{"line":30,"column":28}},"20":{"start":{"line":30,"column":8},"end":{"line":30,"column":28}},"21":{"start":{"line":31,"column":4},"end":{"line":32,"column":24}},"22":{"start":{"line":32,"column":8},"end":{"line":32,"column":24}},"23":{"start":{"line":34,"column":4},"end":{"line":35,"column":26}},"24":{"start":{"line":35,"column":8},"end":{"line":35,"column":26}},"25":{"start":{"line":37,"column":4},"end":{"line":38,"column":24}},"26":{"start":{"line":38,"column":8},"end":{"line":38,"column":24}},"27":{"start":{"line":40,"column":4},"end":{"line":41,"column":24}},"28":{"start":{"line":41,"column":8},"end":{"line":41,"column":24}},"29":{"start":{"line":43,"column":22},"end":{"line":43,"column":50}},"30":{"start":{"line":44,"column":4},"end":{"line":44,"column":77}},"31":{"start":{"line":46,"column":4},"end":{"line":46,"column":23}},"32":{"start":{"line":49,"column":0},"end":{"line":76,"column":1}},"33":{"start":{"line":50,"column":12},"end":{"line":50,"column":22}},"34":{"start":{"line":51,"column":16},"end":{"line":51,"column":39}},"35":{"start":{"line":52,"column":14},"end":{"line":52,"column":30}},"36":{"start":{"line":53,"column":14},"end":{"line":53,"column":34}},"37":{"start":{"line":54,"column":8},"end":{"line":54,"column":32}},"38":{"start":{"line":55,"column":8},"end":{"line":55,"column":33}},"39":{"start":{"line":56,"column":8},"end":{"line":56,"column":33}},"40":{"start":{"line":58,"column":4},"end":{"line":59,"column":28}},"41":{"start":{"line":59,"column":8},"end":{"line":59,"column":28}},"42":{"start":{"line":60,"column":4},"end":{"line":61,"column":24}},"43":{"start":{"line":61,"column":8},"end":{"line":61,"column":24}},"44":{"start":{"line":63,"column":4},"end":{"line":64,"column":26}},"45":{"start":{"line":64,"column":8},"end":{"line":64,"column":26}},"46":{"start":{"line":66,"column":4},"end":{"line":67,"column":24}},"47":{"start":{"line":67,"column":8},"end":{"line":67,"column":24}},"48":{"start":{"line":69,"column":4},"end":{"line":70,"column":24}},"49":{"start":{"line":70,"column":8},"end":{"line":70,"column":24}},"50":{"start":{"line":72,"column":22},"end":{"line":72,"column":50}},"51":{"start":{"line":73,"column":4},"end":{"line":73,"column":77}},"52":{"start":{"line":75,"column":4},"end":{"line":75,"column":23}},"53":{"start":{"line":78,"column":0},"end":{"line":82,"column":1}},"54":{"start":{"line":80,"column":4},"end":{"line":80,"column":131}},"55":{"start":{"line":84,"column":0},"end":{"line":112,"column":1}},"56":{"start":{"line":86,"column":12},"end":{"line":86,"column":27}},"57":{"start":{"line":87,"column":12},"end":{"line":87,"column":35}},"58":{"start":{"line":88,"column":10},"end":{"line":88,"column":26}},"59":{"start":{"line":89,"column":11},"end":{"line":89,"column":31}},"60":{"start":{"line":90,"column":4},"end":{"line":90,"column":28}},"61":{"start":{"line":91,"column":4},"end":{"line":91,"column":29}},"62":{"start":{"line":92,"column":4},"end":{"line":92,"column":29}},"63":{"start":{"line":94,"column":4},"end":{"line":95,"column":24}},"64":{"start":{"line":95,"column":4},"end":{"line":95,"column":24}},"65":{"start":{"line":96,"column":4},"end":{"line":97,"column":24}},"66":{"start":{"line":97,"column":8},"end":{"line":97,"column":24}},"67":{"start":{"line":99,"column":4},"end":{"line":100,"column":26}},"68":{"start":{"line":100,"column":8},"end":{"line":100,"column":26}},"69":{"start":{"line":102,"column":4},"end":{"line":103,"column":24}},"70":{"start":{"line":103,"column":8},"end":{"line":103,"column":24}},"71":{"start":{"line":105,"column":4},"end":{"line":106,"column":24}},"72":{"start":{"line":106,"column":8},"end":{"line":106,"column":24}},"73":{"start":{"line":108,"column":22},"end":{"line":108,"column":50}},"74":{"start":{"line":109,"column":4},"end":{"line":109,"column":77}},"75":{"start":{"line":111,"column":4},"end":{"line":111,"column":23}},"76":{"start":{"line":114,"column":0},"end":{"line":142,"column":1}},"77":{"start":{"line":116,"column":12},"end":{"line":116,"column":27}},"78":{"start":{"line":117,"column":12},"end":{"line":117,"column":35}},"79":{"start":{"line":118,"column":10},"end":{"line":118,"column":26}},"80":{"start":{"line":119,"column":10},"end":{"line":119,"column":30}},"81":{"start":{"line":120,"column":4},"end":{"line":120,"column":28}},"82":{"start":{"line":121,"column":4},"end":{"line":121,"column":29}},"83":{"start":{"line":122,"column":4},"end":{"line":122,"column":29}},"84":{"start":{"line":124,"column":4},"end":{"line":125,"column":24}},"85":{"start":{"line":125,"column":4},"end":{"line":125,"column":24}},"86":{"start":{"line":126,"column":4},"end":{"line":127,"column":24}},"87":{"start":{"line":127,"column":8},"end":{"line":127,"column":24}},"88":{"start":{"line":129,"column":4},"end":{"line":130,"column":26}},"89":{"start":{"line":130,"column":8},"end":{"line":130,"column":26}},"90":{"start":{"line":132,"column":4},"end":{"line":133,"column":24}},"91":{"start":{"line":133,"column":8},"end":{"line":133,"column":24}},"92":{"start":{"line":135,"column":4},"end":{"line":136,"column":24}},"93":{"start":{"line":136,"column":8},"end":{"line":136,"column":24}},"94":{"start":{"line":138,"column":22},"end":{"line":138,"column":50}},"95":{"start":{"line":139,"column":4},"end":{"line":139,"column":77}},"96":{"start":{"line":141,"column":4},"end":{"line":141,"column":23}},"97":{"start":{"line":144,"column":0},"end":{"line":144,"column":29}}},"fnMap":{"0":{"name":"(anonymous_0)","decl":{"start":{"line":2,"column":18},"end":{"line":2,"column":19}},"loc":{"start":{"line":2,"column":29},"end":{"line":4,"column":1}},"line":2},"1":{"name":"(anonymous_1)","decl":{"start":{"line":6,"column":32},"end":{"line":6,"column":33}},"loc":{"start":{"line":6,"column":43},"end":{"line":18,"column":1}},"line":6},"2":{"name":"(anonymous_2)","decl":{"start":{"line":20,"column":35},"end":{"line":20,"column":36}},"loc":{"start":{"line":20,"column":47},"end":{"line":47,"column":1}},"line":20},"3":{"name":"(anonymous_3)","decl":{"start":{"line":49,"column":38},"end":{"line":49,"column":39}},"loc":{"start":{"line":49,"column":50},"end":{"line":76,"column":1}},"line":49},"4":{"name":"(anonymous_4)","decl":{"start":{"line":78,"column":38},"end":{"line":78,"column":39}},"loc":{"start":{"line":78,"column":48},"end":{"line":82,"column":1}},"line":78},"5":{"name":"(anonymous_5)","decl":{"start":{"line":84,"column":38},"end":{"line":84,"column":39}},"loc":{"start":{"line":85,"column":0},"end":{"line":112,"column":1}},"line":85},"6":{"name":"(anonymous_6)","decl":{"start":{"line":114,"column":41},"end":{"line":114,"column":42}},"loc":{"start":{"line":115,"column":0},"end":{"line":142,"column":1}},"line":115}},"branchMap":{"0":{"loc":{"start":{"line":12,"column":4},"end":{"line":13,"column":28}},"type":"if","locations":[{"start":{"line":12,"column":4},"end":{"line":13,"column":28}},{"start":{},"end":{}}],"line":12},"1":{"loc":{"start":{"line":14,"column":4},"end":{"line":15,"column":24}},"type":"if","locations":[{"start":{"line":14,"column":4},"end":{"line":15,"column":24}},{"start":{},"end":{}}],"line":14},"2":{"loc":{"start":{"line":29,"column":4},"end":{"line":30,"column":28}},"type":"if","locations":[{"start":{"line":29,"column":4},"end":{"line":30,"column":28}},{"start":{},"end":{}}],"line":29},"3":{"loc":{"start":{"line":31,"column":4},"end":{"line":32,"column":24}},"type":"if","locations":[{"start":{"line":31,"column":4},"end":{"line":32,"column":24}},{"start":{},"end":{}}],"line":31},"4":{"loc":{"start":{"line":34,"column":4},"end":{"line":35,"column":26}},"type":"if","locations":[{"start":{"line":34,"column":4},"end":{"line":35,"column":26}},{"start":{},"end":{}}],"line":34},"5":{"loc":{"start":{"line":37,"column":4},"end":{"line":38,"column":24}},"type":"if","locations":[{"start":{"line":37,"column":4},"end":{"line":38,"column":24}},{"start":{},"end":{}}],"line":37},"6":{"loc":{"start":{"line":40,"column":4},"end":{"line":41,"column":24}},"type":"if","locations":[{"start":{"line":40,"column":4},"end":{"line":41,"column":24}},{"start":{},"end":{}}],"line":40},"7":{"loc":{"start":{"line":58,"column":4},"end":{"line":59,"column":28}},"type":"if","locations":[{"start":{"line":58,"column":4},"end":{"line":59,"column":28}},{"start":{},"end":{}}],"line":58},"8":{"loc":{"start":{"line":60,"column":4},"end":{"line":61,"column":24}},"type":"if","locations":[{"start":{"line":60,"column":4},"end":{"line":61,"column":24}},{"start":{},"end":{}}],"line":60},"9":{"loc":{"start":{"line":63,"column":4},"end":{"line":64,"column":26}},"type":"if","locations":[{"start":{"line":63,"column":4},"end":{"line":64,"column":26}},{"start":{},"end":{}}],"line":63},"10":{"loc":{"start":{"line":66,"column":4},"end":{"line":67,"column":24}},"type":"if","locations":[{"start":{"line":66,"column":4},"end":{"line":67,"column":24}},{"start":{},"end":{}}],"line":66},"11":{"loc":{"start":{"line":69,"column":4},"end":{"line":70,"column":24}},"type":"if","locations":[{"start":{"line":69,"column":4},"end":{"line":70,"column":24}},{"start":{},"end":{}}],"line":69},"12":{"loc":{"start":{"line":94,"column":4},"end":{"line":95,"column":24}},"type":"if","locations":[{"start":{"line":94,"column":4},"end":{"line":95,"column":24}},{"start":{},"end":{}}],"line":94},"13":{"loc":{"start":{"line":96,"column":4},"end":{"line":97,"column":24}},"type":"if","locations":[{"start":{"line":96,"column":4},"end":{"line":97,"column":24}},{"start":{},"end":{}}],"line":96},"14":{"loc":{"start":{"line":99,"column":4},"end":{"line":100,"column":26}},"type":"if","locations":[{"start":{"line":99,"column":4},"end":{"line":100,"column":26}},{"start":{},"end":{}}],"line":99},"15":{"loc":{"start":{"line":102,"column":4},"end":{"line":103,"column":24}},"type":"if","locations":[{"start":{"line":102,"column":4},"end":{"line":103,"column":24}},{"start":{},"end":{}}],"line":102},"16":{"loc":{"start":{"line":105,"column":4},"end":{"line":106,"column":24}},"type":"if","locations":[{"start":{"line":105,"column":4},"end":{"line":106,"column":24}},{"start":{},"end":{}}],"line":105},"17":{"loc":{"start":{"line":124,"column":4},"end":{"line":125,"column":24}},"type":"if","locations":[{"start":{"line":124,"column":4},"end":{"line":125,"column":24}},{"start":{},"end":{}}],"line":124},"18":{"loc":{"start":{"line":126,"column":4},"end":{"line":127,"column":24}},"type":"if","locations":[{"start":{"line":126,"column":4},"end":{"line":127,"column":24}},{"start":{},"end":{}}],"line":126},"19":{"loc":{"start":{"line":129,"column":4},"end":{"line":130,"column":26}},"type":"if","locations":[{"start":{"line":129,"column":4},"end":{"line":130,"column":26}},{"start":{},"end":{}}],"line":129},"20":{"loc":{"start":{"line":132,"column":4},"end":{"line":133,"column":24}},"type":"if","locations":[{"start":{"line":132,"column":4},"end":{"line":133,"column":24}},{"start":{},"end":{}}],"line":132},"21":{"loc":{"start":{"line":135,"column":4},"end":{"line":136,"column":24}},"type":"if","locations":[{"start":{"line":135,"column":4},"end":{"line":136,"column":24}},{"start":{},"end":{}}],"line":135}},"s":{"0":1,"1":1,"2":1,"3":1,"4":1,"5":1,"6":1,"7":1,"8":1,"9":0,"10":1,"11":1,"12":0,"13":0,"14":0,"15":0,"16":0,"17":0,"18":0,"19":0,"20":0,"21":0,"22":0,"23":0,"24":0,"25":0,"26":0,"27":0,"28":0,"29":0,"30":0,"31":0,"32":1,"33":0,"34":0,"35":0,"36":0,"37":0,"38":0,"39":0,"40":0,"41":0,"42":0,"43":0,"44":0,"45":0,"46":0,"47":0,"48":0,"49":0,"50":0,"51":0,"52":0,"53":1,"54":0,"55":1,"56":2,"57":2,"58":2,"59":2,"60":2,"61":2,"62":2,"63":2,"64":2,"65":2,"66":0,"67":2,"68":2,"69":2,"70":0,"71":2,"72":0,"73":2,"74":2,"75":2,"76":1,"77":0,"78":0,"79":0,"80":0,"81":0,"82":0,"83":0,"84":0,"85":0,"86":0,"87":0,"88":0,"89":0,"90":0,"91":0,"92":0,"93":0,"94":0,"95":0,"96":0,"97":1},"f":{"0":0,"1":1,"2":0,"3":0,"4":0,"5":2,"6":0},"b":{"0":[1,0],"1":[0,1],"2":[0,0],"3":[0,0],"4":[0,0],"5":[0,0],"6":[0,0],"7":[0,0],"8":[0,0],"9":[0,0],"10":[0,0],"11":[0,0],"12":[2,0],"13":[0,2],"14":[2,0],"15":[0,2],"16":[0,2],"17":[0,0],"18":[0,0],"19":[0,0],"20":[0,0],"21":[0,0]},"_coverageSchema":"1a1c01bbd47fc00a2c39e90264f33305004495a9","hash":"8bd36c4d20d0095f288f5da9666dc885b075549d"}
}
