{"/Users/zend/Documents/youtubeMember/MembershipAPI/src/modules/lineReply.js": {"path":"/Users/zend/Documents/youtubeMember/MembershipAPI/src/modules/lineReply.js","statementMap":{"0":{"start":{"line":1,"column":20},"end":{"line":1,"column":44}},"1":{"start":{"line":2,"column":19},"end":{"line":2,"column":56}},"2":{"start":{"line":3,"column":20},"end":{"line":3,"column":58}},"3":{"start":{"line":12,"column":21},"end":{"line":12,"column":88}},"4":{"start":{"line":13,"column":2},"end":{"line":16,"column":4}},"5":{"start":{"line":26,"column":17},"end":{"line":26,"column":79}},"6":{"start":{"line":27,"column":2},"end":{"line":40,"column":3}},"7":{"start":{"line":28,"column":19},"end":{"line":28,"column":30}},"8":{"start":{"line":29,"column":23},"end":{"line":29,"column":97}},"9":{"start":{"line":30,"column":4},"end":{"line":33,"column":6}},"10":{"start":{"line":36,"column":4},"end":{"line":39,"column":6}},"11":{"start":{"line":49,"column":21},"end":{"line":49,"column":34}},"12":{"start":{"line":50,"column":17},"end":{"line":50,"column":79}},"13":{"start":{"line":51,"column":2},"end":{"line":72,"column":3}},"14":{"start":{"line":52,"column":19},"end":{"line":52,"column":73}},"15":{"start":{"line":53,"column":4},"end":{"line":60,"column":5}},"16":{"start":{"line":54,"column":6},"end":{"line":54,"column":24}},"17":{"start":{"line":55,"column":6},"end":{"line":59,"column":7}},"18":{"start":{"line":55,"column":23},"end":{"line":55,"column":24}},"19":{"start":{"line":56,"column":24},"end":{"line":56,"column":39}},"20":{"start":{"line":57,"column":24},"end":{"line":57,"column":106}},"21":{"start":{"line":58,"column":8},"end":{"line":58,"column":131}},"22":{"start":{"line":62,"column":4},"end":{"line":65,"column":6}},"23":{"start":{"line":68,"column":4},"end":{"line":71,"column":6}},"24":{"start":{"line":80,"column":21},"end":{"line":80,"column":100}},"25":{"start":{"line":81,"column":2},"end":{"line":84,"column":4}},"26":{"start":{"line":87,"column":0},"end":{"line":92,"column":2}}},"fnMap":{"0":{"name":"handleRegistration","decl":{"start":{"line":11,"column":15},"end":{"line":11,"column":33}},"loc":{"start":{"line":11,"column":73},"end":{"line":17,"column":1}},"line":11},"1":{"name":"handleRenewalOrPurchase","decl":{"start":{"line":25,"column":15},"end":{"line":25,"column":38}},"loc":{"start":{"line":25,"column":77},"end":{"line":41,"column":1}},"line":25},"2":{"name":"handleCheckDays","decl":{"start":{"line":48,"column":15},"end":{"line":48,"column":30}},"loc":{"start":{"line":48,"column":57},"end":{"line":73,"column":1}},"line":48},"3":{"name":"handleDefaultMessage","decl":{"start":{"line":79,"column":9},"end":{"line":79,"column":29}},"loc":{"start":{"line":79,"column":43},"end":{"line":85,"column":1}},"line":79}},"branchMap":{"0":{"loc":{"start":{"line":27,"column":2},"end":{"line":40,"column":3}},"type":"if","locations":[{"start":{"line":27,"column":2},"end":{"line":40,"column":3}},{"start":{"line":35,"column":7},"end":{"line":40,"column":3}}],"line":27},"1":{"loc":{"start":{"line":51,"column":2},"end":{"line":72,"column":3}},"type":"if","locations":[{"start":{"line":51,"column":2},"end":{"line":72,"column":3}},{"start":{"line":67,"column":7},"end":{"line":72,"column":3}}],"line":51},"2":{"loc":{"start":{"line":53,"column":4},"end":{"line":60,"column":5}},"type":"if","locations":[{"start":{"line":53,"column":4},"end":{"line":60,"column":5}},{"start":{},"end":{}}],"line":53},"3":{"loc":{"start":{"line":57,"column":24},"end":{"line":57,"column":106}},"type":"cond-expr","locations":[{"start":{"line":57,"column":51},"end":{"line":57,"column":62}},{"start":{"line":57,"column":65},"end":{"line":57,"column":106}}],"line":57}},"s":{"0":1,"1":1,"2":1,"3":2,"4":2,"5":4,"6":3,"7":2,"8":2,"9":2,"10":1,"11":5,"12":5,"13":4,"14":3,"15":3,"16":2,"17":2,"18":2,"19":3,"20":3,"21":3,"22":3,"23":1,"24":2,"25":2,"26":1},"f":{"0":2,"1":4,"2":5,"3":2},"b":{"0":[2,1],"1":[3,1],"2":[2,1],"3":[1,2]},"_coverageSchema":"1a1c01bbd47fc00a2c39e90264f33305004495a9","hash":"8588cd94b3e9477e6606d981df719cb7225ae11e"}
}
