TN:
SF:config\db.config.js
FNF:0
FNH:0
DA:2,2
DA:4,2
DA:5,2
DA:9,2
DA:17,2
DA:19,2
LF:6
LH:6
BRDA:10,0,0,2
BRDA:10,0,1,0
BRDA:11,1,0,0
BRDA:11,1,1,2
BRDA:12,2,0,0
BRDA:12,2,1,2
BRDA:13,3,0,0
BRDA:13,3,1,2
BRDA:14,4,0,0
BRDA:14,4,1,2
BRF:10
BRH:5
end_of_record
TN:
SF:config\secret.js
FNF:0
FNH:0
DA:1,2
DA:2,2
LF:2
LH:2
BRF:0
BRH:0
end_of_record
TN:
SF:src\models\adminbanklist.model.js
FN:12,(anonymous_0)
FN:23,(anonymous_1)
FN:38,(anonymous_2)
FN:50,(anonymous_3)
FN:63,compareMeta
FN:76,(anonymous_5)
FN:164,(anonymous_6)
FN:259,(anonymous_7)
FN:280,(anonymous_8)
FNF:9
FNH:1
FNDA:0,(anonymous_0)
FNDA:0,(anonymous_1)
FNDA:0,(anonymous_2)
FNDA:1,(anonymous_3)
FNDA:0,compareMeta
FNDA:0,(anonymous_5)
FNDA:0,(anonymous_6)
FNDA:0,(anonymous_7)
FNDA:0,(anonymous_8)
DA:3,1
DA:5,1
DA:7,1
DA:8,1
DA:9,1
DA:12,1
DA:23,1
DA:25,0
DA:27,0
DA:28,0
DA:29,0
DA:30,0
DA:32,0
DA:34,0
DA:35,0
DA:38,1
DA:39,0
DA:40,0
DA:41,0
DA:44,0
DA:46,0
DA:47,0
DA:50,1
DA:52,1
DA:53,1
DA:54,1
DA:55,1
DA:57,1
DA:59,1
DA:60,1
DA:68,0
DA:70,0
DA:73,0
DA:76,1
DA:78,0
DA:79,0
DA:80,0
DA:82,0
DA:105,0
DA:106,0
DA:107,0
DA:108,0
DA:110,0
DA:111,0
DA:112,0
DA:126,0
DA:129,0
DA:154,0
DA:155,0
DA:157,0
DA:158,0
DA:164,1
DA:166,0
DA:168,0
DA:169,0
DA:170,0
DA:172,0
DA:174,0
DA:176,0
DA:199,0
DA:200,0
DA:201,0
DA:202,0
DA:204,0
DA:205,0
DA:219,0
DA:222,0
DA:247,0
DA:248,0
DA:250,0
DA:251,0
DA:259,1
DA:261,0
DA:265,0
DA:266,0
DA:267,0
DA:271,0
DA:272,0
DA:274,0
DA:275,0
DA:280,1
DA:283,0
DA:284,0
DA:286,0
DA:288,0
DA:289,0
DA:293,1
LF:87
LH:21
BRDA:25,0,0,0
BRDA:25,0,1,0
BRDA:47,1,0,0
BRDA:47,1,1,0
BRDA:68,2,0,0
BRDA:68,2,1,0
BRDA:68,3,0,0
BRDA:68,3,1,0
BRDA:85,4,0,0
BRDA:85,4,1,0
BRDA:86,5,0,0
BRDA:86,5,1,0
BRDA:179,6,0,0
BRDA:179,6,1,0
BRDA:180,7,0,0
BRDA:180,7,1,0
BRDA:189,8,0,0
BRDA:189,8,1,0
BRDA:190,9,0,0
BRDA:190,9,1,0
BRDA:191,10,0,0
BRDA:191,10,1,0
BRDA:193,11,0,0
BRDA:193,11,1,0
BRDA:194,12,0,0
BRDA:194,12,1,0
BRDA:195,13,0,0
BRDA:195,13,1,0
BRDA:196,14,0,0
BRDA:196,14,1,0
BRF:30
BRH:0
end_of_record
TN:
SF:src\models\adminsetting.model.js
FN:13,(anonymous_0)
FN:24,(anonymous_1)
FN:38,(anonymous_2)
FN:50,compareMeta
FN:63,(anonymous_4)
FNF:5
FNH:1
FNDA:0,(anonymous_0)
FNDA:0,(anonymous_1)
FNDA:1,(anonymous_2)
FNDA:0,compareMeta
FNDA:0,(anonymous_4)
DA:3,2
DA:6,2
DA:8,2
DA:9,2
DA:10,2
DA:13,2
DA:24,2
DA:26,0
DA:28,0
DA:29,0
DA:32,0
DA:34,0
DA:35,0
DA:38,2
DA:39,1
DA:40,1
DA:41,1
DA:44,1
DA:46,1
DA:47,1
DA:55,0
DA:57,0
DA:60,0
DA:63,2
DA:65,0
DA:67,0
DA:68,0
DA:72,0
DA:75,0
DA:84,0
DA:85,0
DA:87,0
DA:88,0
DA:97,2
LF:34
LH:16
BRDA:26,0,0,0
BRDA:26,0,1,0
BRDA:47,1,0,1
BRDA:47,1,1,0
BRDA:55,2,0,0
BRDA:55,2,1,0
BRDA:55,3,0,0
BRDA:55,3,1,0
BRF:8
BRH:1
end_of_record
TN:
SF:src\models\affmanage.model.js
FN:9,(anonymous_0)
FN:13,(anonymous_1)
FNF:2
FNH:0
FNDA:0,(anonymous_0)
FNDA:0,(anonymous_1)
DA:1,1
DA:3,1
DA:4,1
DA:5,1
DA:6,1
DA:9,1
DA:13,1
DA:15,0
DA:19,0
DA:21,0
DA:22,0
DA:24,0
DA:26,0
DA:27,0
DA:28,0
DA:29,0
DA:30,0
DA:31,0
DA:33,0
DA:34,0
DA:36,0
DA:38,0
DA:44,0
DA:45,0
DA:47,0
DA:50,0
DA:51,0
DA:53,0
DA:57,0
DA:58,0
DA:60,0
DA:62,0
DA:63,0
DA:65,0
DA:70,0
DA:71,0
DA:72,0
DA:78,0
DA:80,0
DA:81,0
DA:83,0
DA:84,0
DA:85,0
DA:92,0
DA:101,0
DA:106,0
DA:107,0
DA:117,1
LF:48
LH:8
BRDA:24,0,0,0
BRDA:24,0,1,0
BRDA:26,1,0,0
BRDA:26,1,1,0
BRDA:27,2,0,0
BRDA:27,2,1,0
BRDA:28,3,0,0
BRDA:28,3,1,0
BRDA:29,4,0,0
BRDA:29,4,1,0
BRDA:30,5,0,0
BRDA:30,5,1,0
BRDA:31,6,0,0
BRDA:31,6,1,0
BRDA:34,7,0,0
BRDA:34,7,1,0
BRDA:36,8,0,0
BRDA:36,8,1,0
BRDA:38,9,0,0
BRDA:38,9,1,0
BRDA:45,10,0,0
BRDA:45,10,1,0
BRDA:51,11,0,0
BRDA:51,11,1,0
BRDA:60,12,0,0
BRDA:60,12,1,0
BRDA:62,13,0,0
BRDA:62,13,1,0
BRDA:63,14,0,0
BRDA:63,14,1,0
BRDA:80,15,0,0
BRDA:80,15,1,0
BRDA:81,16,0,0
BRDA:81,16,1,0
BRF:34
BRH:0
end_of_record
TN:
SF:src\models\creditmanage.model.js
FN:16,(anonymous_0)
FN:21,(anonymous_1)
FN:244,(anonymous_2)
FN:326,(anonymous_3)
FN:394,(anonymous_4)
FN:412,(anonymous_5)
FNF:6
FNH:2
FNDA:0,(anonymous_0)
FNDA:0,(anonymous_1)
FNDA:0,(anonymous_2)
FNDA:0,(anonymous_3)
FNDA:1,(anonymous_4)
FNDA:3,(anonymous_5)
DA:1,1
DA:3,1
DA:4,1
DA:5,1
DA:6,1
DA:7,1
DA:8,1
DA:9,1
DA:10,1
DA:12,1
DA:13,1
DA:14,1
DA:16,1
DA:21,1
DA:23,0
DA:24,0
DA:25,0
DA:26,0
DA:27,0
DA:29,0
DA:30,0
DA:31,0
DA:32,0
DA:34,0
DA:35,0
DA:36,0
DA:37,0
DA:40,0
DA:41,0
DA:42,0
DA:43,0
DA:47,0
DA:51,0
DA:52,0
DA:53,0
DA:62,0
DA:63,0
DA:64,0
DA:65,0
DA:66,0
DA:67,0
DA:68,0
DA:70,0
DA:71,0
DA:74,0
DA:75,0
DA:76,0
DA:79,0
DA:80,0
DA:84,0
DA:85,0
DA:86,0
DA:91,0
DA:92,0
DA:93,0
DA:95,0
DA:96,0
DA:97,0
DA:99,0
DA:100,0
DA:102,0
DA:103,0
DA:104,0
DA:105,0
DA:106,0
DA:107,0
DA:118,0
DA:119,0
DA:122,0
DA:123,0
DA:124,0
DA:125,0
DA:127,0
DA:128,0
DA:129,0
DA:134,0
DA:135,0
DA:136,0
DA:137,0
DA:139,0
DA:140,0
DA:141,0
DA:142,0
DA:143,0
DA:144,0
DA:145,0
DA:146,0
DA:147,0
DA:148,0
DA:149,0
DA:150,0
DA:151,0
DA:152,0
DA:154,0
DA:155,0
DA:156,0
DA:161,0
DA:166,0
DA:170,0
DA:172,0
DA:176,0
DA:177,0
DA:179,0
DA:180,0
DA:181,0
DA:182,0
DA:183,0
DA:184,0
DA:195,0
DA:196,0
DA:199,0
DA:200,0
DA:201,0
DA:202,0
DA:204,0
DA:205,0
DA:206,0
DA:212,0
DA:213,0
DA:214,0
DA:215,0
DA:217,0
DA:218,0
DA:219,0
DA:220,0
DA:221,0
DA:222,0
DA:223,0
DA:224,0
DA:225,0
DA:227,0
DA:228,0
DA:229,0
DA:234,0
DA:239,0
DA:244,1
DA:246,0
DA:247,0
DA:248,0
DA:250,0
DA:251,0
DA:261,0
DA:262,0
DA:263,0
DA:264,0
DA:265,0
DA:266,0
DA:267,0
DA:269,0
DA:270,0
DA:275,0
DA:277,0
DA:288,0
DA:290,0
DA:291,0
DA:292,0
DA:293,0
DA:295,0
DA:296,0
DA:297,0
DA:298,0
DA:299,0
DA:300,0
DA:301,0
DA:302,0
DA:303,0
DA:304,0
DA:306,0
DA:307,0
DA:308,0
DA:312,0
DA:317,0
DA:326,1
DA:328,0
DA:329,0
DA:330,0
DA:332,0
DA:334,0
DA:335,0
DA:336,0
DA:337,0
DA:338,0
DA:339,0
DA:340,0
DA:342,0
DA:343,0
DA:346,0
DA:348,0
DA:358,0
DA:360,0
DA:361,0
DA:362,0
DA:363,0
DA:365,0
DA:366,0
DA:367,0
DA:368,0
DA:369,0
DA:370,0
DA:371,0
DA:372,0
DA:373,0
DA:375,0
DA:376,0
DA:377,0
DA:381,0
DA:386,0
DA:394,1
DA:396,1
DA:397,1
DA:398,1
DA:400,1
DA:401,1
DA:411,1
DA:412,1
DA:413,3
DA:419,1
DA:420,1
DA:422,1
DA:424,1
DA:434,1
DA:436,1
DA:437,1
DA:438,1
DA:439,1
DA:441,1
DA:442,1
DA:443,1
DA:444,1
DA:445,1
DA:446,1
DA:447,1
DA:449,1
DA:450,1
DA:451,1
DA:455,0
DA:460,0
DA:467,1
LF:238
LH:45
BRDA:21,0,0,0
BRDA:21,1,0,0
BRDA:30,2,0,0
BRDA:30,2,1,0
BRDA:35,3,0,0
BRDA:35,3,1,0
BRDA:36,4,0,0
BRDA:36,4,1,0
BRDA:37,5,0,0
BRDA:37,5,1,0
BRDA:41,6,0,0
BRDA:41,6,1,0
BRDA:42,7,0,0
BRDA:42,7,1,0
BRDA:43,8,0,0
BRDA:43,8,1,0
BRDA:64,9,0,0
BRDA:64,9,1,0
BRDA:68,10,0,0
BRDA:68,10,1,0
BRDA:74,11,0,0
BRDA:74,11,1,0
BRDA:75,12,0,0
BRDA:75,12,1,0
BRDA:81,13,0,0
BRDA:81,13,1,0
BRDA:81,14,0,0
BRDA:81,14,1,0
BRDA:81,15,0,0
BRDA:81,15,1,0
BRDA:84,16,0,0
BRDA:84,16,1,0
BRDA:87,17,0,0
BRDA:87,17,1,0
BRDA:87,18,0,0
BRDA:87,18,1,0
BRDA:87,19,0,0
BRDA:87,19,1,0
BRDA:91,20,0,0
BRDA:91,20,1,0
BRDA:92,21,0,0
BRDA:92,21,1,0
BRDA:103,22,0,0
BRDA:103,22,1,0
BRDA:105,23,0,0
BRDA:105,23,1,0
BRDA:123,24,0,0
BRDA:123,24,1,0
BRDA:128,25,0,0
BRDA:128,25,1,0
BRDA:135,26,0,0
BRDA:135,26,1,0
BRDA:155,27,0,0
BRDA:155,27,1,0
BRDA:173,28,0,0
BRDA:173,28,1,0
BRDA:173,29,0,0
BRDA:173,29,1,0
BRDA:173,30,0,0
BRDA:173,30,1,0
BRDA:173,31,0,0
BRDA:173,31,1,0
BRDA:180,32,0,0
BRDA:180,32,1,0
BRDA:182,33,0,0
BRDA:182,33,1,0
BRDA:200,34,0,0
BRDA:200,34,1,0
BRDA:205,35,0,0
BRDA:205,35,1,0
BRDA:213,36,0,0
BRDA:213,36,1,0
BRDA:228,37,0,0
BRDA:228,37,1,0
BRDA:244,38,0,0
BRDA:263,39,0,0
BRDA:263,39,1,0
BRDA:267,40,0,0
BRDA:267,40,1,0
BRDA:280,41,0,0
BRDA:280,41,1,0
BRDA:288,42,0,0
BRDA:288,42,1,0
BRDA:291,43,0,0
BRDA:291,43,1,0
BRDA:307,44,0,0
BRDA:307,44,1,0
BRDA:326,45,0,0
BRDA:336,46,0,0
BRDA:336,46,1,0
BRDA:340,47,0,0
BRDA:340,47,1,0
BRDA:351,48,0,0
BRDA:351,48,1,0
BRDA:358,49,0,0
BRDA:358,49,1,0
BRDA:361,50,0,0
BRDA:361,50,1,0
BRDA:376,51,0,0
BRDA:376,51,1,0
BRDA:394,52,0,0
BRDA:427,53,0,1
BRDA:427,53,1,0
BRDA:434,54,0,1
BRDA:434,54,1,0
BRDA:437,55,0,1
BRDA:437,55,1,0
BRDA:450,56,0,1
BRDA:450,56,1,0
BRF:109
BRH:4
end_of_record
TN:
SF:src\models\cryptof.model.js
FN:18,(anonymous_0)
FN:22,(anonymous_1)
FN:32,(anonymous_2)
FNF:3
FNH:0
FNDA:0,(anonymous_0)
FNDA:0,(anonymous_1)
FNDA:0,(anonymous_2)
DA:3,2
DA:4,2
DA:6,2
DA:8,2
DA:9,2
DA:13,2
DA:15,2
DA:18,2
DA:22,2
DA:24,0
DA:25,0
DA:26,0
DA:28,0
DA:32,2
DA:34,0
DA:35,0
DA:36,0
DA:38,0
DA:41,2
LF:19
LH:11
BRF:0
BRH:0
end_of_record
TN:
SF:src\models\linemanage.model.js
FN:10,(anonymous_0)
FN:16,(anonymous_1)
FN:44,(anonymous_2)
FNF:3
FNH:1
FNDA:0,(anonymous_0)
FNDA:1,(anonymous_1)
FNDA:0,(anonymous_2)
DA:3,2
DA:4,2
DA:6,2
DA:7,2
DA:8,2
DA:10,2
DA:16,2
DA:18,1
DA:19,1
DA:21,1
DA:27,1
DA:37,1
DA:39,1
DA:46,0
DA:50,0
DA:54,0
DA:59,0
DA:65,0
DA:72,2
LF:19
LH:14
BRDA:50,0,0,0
BRDA:50,0,1,0
BRF:2
BRH:0
end_of_record
TN:
SF:src\models\memberlist.model.js
FN:12,(anonymous_0)
FN:23,(anonymous_1)
FN:36,(anonymous_2)
FN:49,(anonymous_3)
FN:59,(anonymous_4)
FN:86,(anonymous_5)
FN:89,(anonymous_6)
FN:109,(anonymous_7)
FN:119,(anonymous_8)
FN:230,(anonymous_9)
FN:254,(anonymous_10)
FN:269,(anonymous_11)
FN:282,(anonymous_12)
FN:297,(anonymous_13)
FN:316,(anonymous_14)
FN:331,(anonymous_15)
FN:367,(anonymous_16)
FN:384,(anonymous_17)
FNF:18
FNH:1
FNDA:0,(anonymous_0)
FNDA:0,(anonymous_1)
FNDA:0,(anonymous_2)
FNDA:0,(anonymous_3)
FNDA:0,(anonymous_4)
FNDA:0,(anonymous_5)
FNDA:0,(anonymous_6)
FNDA:0,(anonymous_7)
FNDA:0,(anonymous_8)
FNDA:0,(anonymous_9)
FNDA:0,(anonymous_10)
FNDA:0,(anonymous_11)
FNDA:0,(anonymous_12)
FNDA:0,(anonymous_13)
FNDA:0,(anonymous_14)
FNDA:0,(anonymous_15)
FNDA:0,(anonymous_16)
FNDA:2,(anonymous_17)
DA:3,1
DA:4,1
DA:6,1
DA:7,1
DA:8,1
DA:9,1
DA:12,1
DA:23,1
DA:24,0
DA:25,0
DA:26,0
DA:27,0
DA:28,0
DA:29,0
DA:31,0
DA:33,0
DA:36,1
DA:37,0
DA:38,0
DA:39,0
DA:40,0
DA:41,0
DA:42,0
DA:44,0
DA:46,0
DA:49,1
DA:50,0
DA:51,0
DA:52,0
DA:54,0
DA:56,0
DA:59,1
DA:61,0
DA:66,0
DA:81,0
DA:82,0
DA:86,1
DA:89,0
DA:90,0
DA:97,0
DA:104,0
DA:105,0
DA:109,1
DA:110,0
DA:111,0
DA:112,0
DA:113,0
DA:114,0
DA:116,0
DA:119,1
DA:121,0
DA:122,0
DA:123,0
DA:125,0
DA:126,0
DA:127,0
DA:128,0
DA:130,0
DA:131,0
DA:132,0
DA:133,0
DA:134,0
DA:135,0
DA:136,0
DA:137,0
DA:138,0
DA:139,0
DA:140,0
DA:141,0
DA:143,0
DA:144,0
DA:145,0
DA:146,0
DA:147,0
DA:148,0
DA:150,0
DA:152,0
DA:155,0
DA:220,0
DA:221,0
DA:223,0
DA:224,0
DA:230,1
DA:231,0
DA:232,0
DA:233,0
DA:234,0
DA:236,0
DA:237,0
DA:241,0
DA:242,0
DA:243,0
DA:244,0
DA:245,0
DA:247,0
DA:249,0
DA:254,1
DA:256,0
DA:257,0
DA:258,0
DA:260,0
DA:264,0
DA:269,1
DA:271,0
DA:277,0
DA:278,0
DA:282,1
DA:284,0
DA:293,0
DA:294,0
DA:297,1
DA:299,0
DA:312,0
DA:313,0
DA:316,1
DA:318,0
DA:327,0
DA:328,0
DA:331,1
DA:333,0
DA:334,0
DA:335,0
DA:336,0
DA:337,0
DA:341,0
DA:342,0
DA:345,0
DA:347,0
DA:362,0
DA:367,1
DA:369,0
DA:370,0
DA:373,0
DA:374,0
DA:375,0
DA:376,0
DA:379,0
DA:381,0
DA:384,1
DA:386,2
DA:387,0
DA:390,2
DA:391,2
DA:392,2
DA:393,2
DA:396,2
DA:398,2
DA:401,1
LF:148
LH:31
BRDA:24,0,0,0
BRDA:24,0,1,0
BRDA:46,1,0,0
BRDA:46,1,1,0
BRDA:56,2,0,0
BRDA:56,2,1,0
BRDA:116,3,0,0
BRDA:116,3,1,0
BRDA:234,4,0,0
BRDA:234,4,1,0
BRDA:243,5,0,0
BRDA:243,5,1,0
BRDA:258,6,0,0
BRDA:258,6,1,0
BRDA:336,7,0,0
BRDA:336,7,1,0
BRDA:369,8,0,0
BRDA:369,8,1,0
BRDA:381,9,0,0
BRDA:381,9,1,0
BRDA:386,10,0,0
BRDA:386,10,1,2
BRDA:398,11,0,2
BRDA:398,11,1,0
BRF:24
BRH:2
end_of_record
TN:
SF:src\models\noticemanage.model.js
FN:6,(anonymous_0)
FN:10,(anonymous_1)
FN:63,(anonymous_2)
FN:117,(anonymous_3)
FN:145,(anonymous_4)
FNF:5
FNH:0
FNDA:0,(anonymous_0)
FNDA:0,(anonymous_1)
FNDA:0,(anonymous_2)
FNDA:0,(anonymous_3)
FNDA:0,(anonymous_4)
DA:1,1
DA:2,1
DA:3,1
DA:4,1
DA:6,1
DA:10,1
DA:12,0
DA:13,0
DA:14,0
DA:16,0
DA:27,0
DA:30,0
DA:54,0
DA:55,0
DA:57,0
DA:58,0
DA:63,1
DA:66,0
DA:67,0
DA:68,0
DA:70,0
DA:81,0
DA:84,0
DA:108,0
DA:109,0
DA:111,0
DA:112,0
DA:117,1
DA:119,0
DA:124,0
DA:127,0
DA:136,0
DA:137,0
DA:139,0
DA:140,0
DA:145,1
DA:147,0
DA:152,0
DA:155,0
DA:164,0
DA:165,0
DA:167,0
DA:168,0
DA:174,1
LF:44
LH:10
BRDA:21,0,0,0
BRDA:21,0,1,0
BRDA:22,1,0,0
BRDA:22,1,1,0
BRDA:23,2,0,0
BRDA:23,2,1,0
BRDA:75,3,0,0
BRDA:75,3,1,0
BRDA:76,4,0,0
BRDA:76,4,1,0
BRDA:77,5,0,0
BRDA:77,5,1,0
BRF:12
BRH:0
end_of_record
TN:
SF:src\models\promotionmanage.model.js
FN:8,(anonymous_0)
FN:14,(anonymous_1)
FN:121,(anonymous_2)
FN:157,(anonymous_3)
FN:188,(anonymous_4)
FN:209,(anonymous_5)
FN:234,(anonymous_6)
FN:265,(anonymous_7)
FN:277,(anonymous_8)
FN:420,(anonymous_9)
FNF:10
FNH:0
FNDA:0,(anonymous_0)
FNDA:0,(anonymous_1)
FNDA:0,(anonymous_2)
FNDA:0,(anonymous_3)
FNDA:0,(anonymous_4)
FNDA:0,(anonymous_5)
FNDA:0,(anonymous_6)
FNDA:0,(anonymous_7)
FNDA:0,(anonymous_8)
FNDA:0,(anonymous_9)
DA:1,1
DA:2,1
DA:3,1
DA:4,1
DA:5,1
DA:6,1
DA:8,1
DA:14,1
DA:15,0
DA:16,0
DA:17,0
DA:18,0
DA:20,0
DA:21,0
DA:23,0
DA:24,0
DA:26,0
DA:27,0
DA:30,0
DA:32,0
DA:33,0
DA:34,0
DA:35,0
DA:37,0
DA:39,0
DA:41,0
DA:42,0
DA:43,0
DA:44,0
DA:45,0
DA:46,0
DA:47,0
DA:50,0
DA:52,0
DA:53,0
DA:55,0
DA:57,0
DA:58,0
DA:60,0
DA:63,0
DA:64,0
DA:67,0
DA:69,0
DA:70,0
DA:71,0
DA:75,0
DA:77,0
DA:79,0
DA:81,0
DA:83,0
DA:85,0
DA:88,0
DA:90,0
DA:93,0
DA:95,0
DA:105,0
DA:121,1
DA:122,0
DA:123,0
DA:124,0
DA:125,0
DA:127,0
DA:128,0
DA:147,0
DA:148,0
DA:150,0
DA:157,1
DA:158,0
DA:159,0
DA:160,0
DA:161,0
DA:162,0
DA:164,0
DA:183,0
DA:184,0
DA:188,1
DA:190,0
DA:191,0
DA:192,0
DA:200,0
DA:201,0
DA:203,0
DA:204,0
DA:209,1
DA:210,0
DA:213,0
DA:226,0
DA:227,0
DA:229,0
DA:230,0
DA:234,1
DA:235,0
DA:236,0
DA:238,0
DA:242,0
DA:243,0
DA:244,0
DA:246,0
DA:247,0
DA:248,0
DA:249,0
DA:251,0
DA:252,0
DA:253,0
DA:254,0
DA:260,0
DA:262,0
DA:265,1
DA:266,0
DA:267,0
DA:268,0
DA:271,0
DA:273,0
DA:274,0
DA:277,1
DA:278,0
DA:279,0
DA:281,0
DA:282,0
DA:284,0
DA:286,0
DA:288,0
DA:293,0
DA:295,0
DA:296,0
DA:297,0
DA:298,0
DA:299,0
DA:301,0
DA:304,0
DA:306,0
DA:310,0
DA:311,0
DA:313,0
DA:314,0
DA:317,0
DA:321,0
DA:323,0
DA:324,0
DA:325,0
DA:326,0
DA:327,0
DA:329,0
DA:332,0
DA:334,0
DA:338,0
DA:339,0
DA:341,0
DA:342,0
DA:345,0
DA:348,0
DA:350,0
DA:351,0
DA:352,0
DA:353,0
DA:354,0
DA:356,0
DA:359,0
DA:361,0
DA:365,0
DA:366,0
DA:368,0
DA:369,0
DA:372,0
DA:375,0
DA:377,0
DA:378,0
DA:379,0
DA:381,0
DA:382,0
DA:385,0
DA:387,0
DA:389,0
DA:391,0
DA:392,0
DA:393,0
DA:394,0
DA:395,0
DA:397,0
DA:400,0
DA:402,0
DA:406,0
DA:407,0
DA:409,0
DA:410,0
DA:413,0
DA:417,0
DA:420,1
DA:422,0
DA:425,0
DA:448,0
DA:449,0
DA:451,0
DA:452,0
DA:458,1
LF:195
LH:17
BRDA:14,0,0,0
BRDA:24,1,0,0
BRDA:24,1,1,0
BRDA:30,2,0,0
BRDA:30,2,1,0
BRDA:37,3,0,0
BRDA:37,3,1,0
BRDA:39,4,0,0
BRDA:39,4,1,0
BRDA:42,5,0,0
BRDA:42,5,1,0
BRDA:42,6,0,0
BRDA:42,6,1,0
BRDA:44,7,0,0
BRDA:44,7,1,0
BRDA:44,8,0,0
BRDA:44,8,1,0
BRDA:46,9,0,0
BRDA:46,9,1,0
BRDA:46,10,0,0
BRDA:46,10,1,0
BRDA:50,11,0,0
BRDA:50,11,1,0
BRDA:55,12,0,0
BRDA:55,12,1,0
BRDA:57,13,0,0
BRDA:57,13,1,0
BRDA:63,14,0,0
BRDA:63,14,1,0
BRDA:69,15,0,0
BRDA:69,15,1,0
BRDA:70,16,0,0
BRDA:70,16,1,0
BRDA:75,17,0,0
BRDA:75,17,1,0
BRDA:79,18,0,0
BRDA:79,18,1,0
BRDA:83,19,0,0
BRDA:83,19,1,0
BRDA:113,20,0,0
BRDA:113,20,1,0
BRDA:123,21,0,0
BRDA:123,21,1,0
BRDA:124,22,0,0
BRDA:124,22,1,0
BRDA:134,23,0,0
BRDA:134,23,1,0
BRDA:138,24,0,0
BRDA:138,24,1,0
BRDA:170,25,0,0
BRDA:170,25,1,0
BRDA:174,26,0,0
BRDA:174,26,1,0
BRDA:236,27,0,0
BRDA:236,27,1,0
BRDA:244,28,0,0
BRDA:244,28,1,0
BRDA:249,29,0,0
BRDA:249,29,1,0
BRDA:267,30,0,0
BRDA:267,30,1,0
BRDA:274,31,0,0
BRDA:274,31,1,0
BRDA:277,32,0,0
BRDA:279,33,0,0
BRDA:279,33,1,0
BRDA:284,34,0,0
BRDA:284,34,1,0
BRDA:286,35,0,0
BRDA:286,35,1,0
BRDA:286,36,0,0
BRDA:286,36,1,0
BRDA:293,37,0,0
BRDA:293,37,1,0
BRDA:304,38,0,0
BRDA:304,38,1,0
BRDA:310,39,0,0
BRDA:310,39,1,0
BRDA:313,40,0,0
BRDA:313,40,1,0
BRDA:313,41,0,0
BRDA:313,41,1,0
BRDA:321,42,0,0
BRDA:321,42,1,0
BRDA:332,43,0,0
BRDA:332,43,1,0
BRDA:338,44,0,0
BRDA:338,44,1,0
BRDA:341,45,0,0
BRDA:341,45,1,0
BRDA:341,46,0,0
BRDA:341,46,1,0
BRDA:348,47,0,0
BRDA:348,47,1,0
BRDA:359,48,0,0
BRDA:359,48,1,0
BRDA:365,49,0,0
BRDA:365,49,1,0
BRDA:368,50,0,0
BRDA:368,50,1,0
BRDA:368,51,0,0
BRDA:368,51,1,0
BRDA:375,52,0,0
BRDA:375,52,1,0
BRDA:381,53,0,0
BRDA:381,53,1,0
BRDA:385,54,0,0
BRDA:385,54,1,0
BRDA:389,55,0,0
BRDA:389,55,1,0
BRDA:400,56,0,0
BRDA:400,56,1,0
BRDA:406,57,0,0
BRDA:406,57,1,0
BRDA:409,58,0,0
BRDA:409,58,1,0
BRDA:409,59,0,0
BRDA:409,59,1,0
BRF:118
BRH:0
end_of_record
TN:
SF:src\models\promotionsetting.model.js
FN:12,(anonymous_0)
FN:25,(anonymous_1)
FN:39,(anonymous_2)
FN:51,compareMeta
FN:64,(anonymous_4)
FN:130,(anonymous_5)
FN:197,(anonymous_6)
FN:218,(anonymous_7)
FN:221,(anonymous_8)
FN:241,(anonymous_9)
FNF:10
FNH:0
FNDA:0,(anonymous_0)
FNDA:0,(anonymous_1)
FNDA:0,(anonymous_2)
FNDA:0,compareMeta
FNDA:0,(anonymous_4)
FNDA:0,(anonymous_5)
FNDA:0,(anonymous_6)
FNDA:0,(anonymous_7)
FNDA:0,(anonymous_8)
FNDA:0,(anonymous_9)
DA:3,1
DA:5,1
DA:7,1
DA:8,1
DA:9,1
DA:12,1
DA:25,1
DA:27,0
DA:29,0
DA:30,0
DA:31,0
DA:33,0
DA:35,0
DA:36,0
DA:39,1
DA:40,0
DA:41,0
DA:42,0
DA:45,0
DA:47,0
DA:48,0
DA:56,0
DA:58,0
DA:61,0
DA:64,1
DA:66,0
DA:67,0
DA:69,0
DA:73,0
DA:94,0
DA:95,0
DA:102,0
DA:105,0
DA:120,0
DA:121,0
DA:123,0
DA:124,0
DA:130,1
DA:132,0
DA:134,0
DA:135,0
DA:137,0
DA:141,0
DA:162,0
DA:163,0
DA:170,0
DA:173,0
DA:188,0
DA:189,0
DA:191,0
DA:192,0
DA:197,1
DA:199,0
DA:203,0
DA:204,0
DA:205,0
DA:209,0
DA:210,0
DA:212,0
DA:213,0
DA:218,1
DA:221,0
DA:222,0
DA:229,0
DA:236,0
DA:237,0
DA:241,1
DA:242,0
DA:243,0
DA:244,0
DA:247,0
DA:249,0
DA:250,0
DA:253,1
LF:74
LH:14
BRDA:27,0,0,0
BRDA:27,0,1,0
BRDA:48,1,0,0
BRDA:48,1,1,0
BRDA:56,2,0,0
BRDA:56,2,1,0
BRDA:56,3,0,0
BRDA:56,3,1,0
BRDA:74,4,0,0
BRDA:74,4,1,0
BRDA:75,5,0,0
BRDA:75,5,1,0
BRDA:76,6,0,0
BRDA:76,6,1,0
BRDA:77,7,0,0
BRDA:77,7,1,0
BRDA:78,8,0,0
BRDA:78,8,1,0
BRDA:79,9,0,0
BRDA:79,9,1,0
BRDA:80,10,0,0
BRDA:80,10,1,0
BRDA:81,11,0,0
BRDA:81,11,1,0
BRDA:82,12,0,0
BRDA:82,12,1,0
BRDA:83,13,0,0
BRDA:83,13,1,0
BRDA:84,14,0,0
BRDA:84,14,1,0
BRDA:85,15,0,0
BRDA:85,15,1,0
BRDA:86,16,0,0
BRDA:86,16,1,0
BRDA:87,17,0,0
BRDA:87,17,1,0
BRDA:88,18,0,0
BRDA:88,18,1,0
BRDA:89,19,0,0
BRDA:89,19,1,0
BRDA:90,20,0,0
BRDA:90,20,1,0
BRDA:91,21,0,0
BRDA:91,21,1,0
BRDA:98,22,0,0
BRDA:98,22,1,0
BRDA:99,23,0,0
BRDA:99,23,1,0
BRDA:142,24,0,0
BRDA:142,24,1,0
BRDA:143,25,0,0
BRDA:143,25,1,0
BRDA:144,26,0,0
BRDA:144,26,1,0
BRDA:145,27,0,0
BRDA:145,27,1,0
BRDA:146,28,0,0
BRDA:146,28,1,0
BRDA:147,29,0,0
BRDA:147,29,1,0
BRDA:148,30,0,0
BRDA:148,30,1,0
BRDA:149,31,0,0
BRDA:149,31,1,0
BRDA:150,32,0,0
BRDA:150,32,1,0
BRDA:151,33,0,0
BRDA:151,33,1,0
BRDA:152,34,0,0
BRDA:152,34,1,0
BRDA:153,35,0,0
BRDA:153,35,1,0
BRDA:154,36,0,0
BRDA:154,36,1,0
BRDA:155,37,0,0
BRDA:155,37,1,0
BRDA:156,38,0,0
BRDA:156,38,1,0
BRDA:157,39,0,0
BRDA:157,39,1,0
BRDA:158,40,0,0
BRDA:158,40,1,0
BRDA:159,41,0,0
BRDA:159,41,1,0
BRDA:166,42,0,0
BRDA:166,42,1,0
BRDA:167,43,0,0
BRDA:167,43,1,0
BRDA:250,44,0,0
BRDA:250,44,1,0
BRF:90
BRH:0
end_of_record
TN:
SF:src\models\transactionlist.model.js
FN:9,(anonymous_0)
FN:13,(anonymous_1)
FN:25,(anonymous_2)
FN:101,(anonymous_3)
FN:119,(anonymous_4)
FN:137,(anonymous_5)
FNF:6
FNH:2
FNDA:0,(anonymous_0)
FNDA:0,(anonymous_1)
FNDA:1,(anonymous_2)
FNDA:0,(anonymous_3)
FNDA:0,(anonymous_4)
FNDA:1,(anonymous_5)
DA:1,1
DA:2,1
DA:3,1
DA:5,1
DA:6,1
DA:9,1
DA:13,1
DA:14,0
DA:15,0
DA:16,0
DA:19,0
DA:21,0
DA:22,0
DA:25,1
DA:27,1
DA:28,1
DA:30,1
DA:31,1
DA:32,1
DA:37,1
DA:39,0
DA:40,0
DA:42,1
DA:44,1
DA:45,1
DA:47,0
DA:49,0
DA:50,0
DA:52,0
DA:54,0
DA:55,0
DA:57,0
DA:59,0
DA:60,0
DA:62,0
DA:64,0
DA:65,0
DA:67,0
DA:69,0
DA:70,0
DA:72,0
DA:74,0
DA:75,0
DA:77,0
DA:79,0
DA:80,0
DA:83,1
DA:85,1
DA:86,1
DA:88,1
DA:92,0
DA:93,0
DA:96,1
DA:97,1
DA:101,1
DA:103,0
DA:104,0
DA:105,0
DA:107,0
DA:108,0
DA:110,0
DA:113,0
DA:115,0
DA:116,0
DA:119,1
DA:121,0
DA:122,0
DA:123,0
DA:125,0
DA:126,0
DA:128,0
DA:131,0
DA:133,0
DA:134,0
DA:137,1
DA:139,1
DA:140,1
DA:141,1
DA:143,1
DA:144,0
DA:146,1
DA:149,1
DA:151,1
DA:152,1
DA:157,1
LF:85
LH:35
BRDA:22,0,0,0
BRDA:22,0,1,0
BRDA:25,1,0,0
BRDA:37,2,0,0
BRDA:37,2,1,1
BRDA:42,3,0,1
BRDA:42,3,1,0
BRDA:47,4,0,0
BRDA:47,4,1,0
BRDA:52,5,0,0
BRDA:52,5,1,0
BRDA:57,6,0,0
BRDA:57,6,1,0
BRDA:62,7,0,0
BRDA:62,7,1,0
BRDA:67,8,0,0
BRDA:67,8,1,0
BRDA:72,9,0,0
BRDA:72,9,1,0
BRDA:77,10,0,0
BRDA:77,10,1,0
BRDA:86,11,0,1
BRDA:86,11,1,0
BRDA:101,12,0,0
BRDA:107,13,0,0
BRDA:107,13,1,0
BRDA:116,14,0,0
BRDA:116,14,1,0
BRDA:119,15,0,0
BRDA:125,16,0,0
BRDA:125,16,1,0
BRDA:134,17,0,0
BRDA:134,17,1,0
BRDA:137,18,0,1
BRDA:143,19,0,0
BRDA:143,19,1,1
BRDA:152,20,0,1
BRDA:152,20,1,0
BRF:38
BRH:6
end_of_record
TN:
SF:src\models\transactionmanage.model.js
FN:7,(anonymous_0)
FN:11,(anonymous_1)
FN:155,(anonymous_2)
FN:161,(anonymous_3)
FN:168,(anonymous_4)
FNF:5
FNH:1
FNDA:0,(anonymous_0)
FNDA:1,(anonymous_1)
FNDA:0,(anonymous_2)
FNDA:0,(anonymous_3)
FNDA:0,(anonymous_4)
DA:1,1
DA:2,1
DA:3,1
DA:4,1
DA:7,1
DA:11,1
DA:55,1
DA:57,1
DA:146,1
DA:147,1
DA:149,0
DA:150,0
DA:155,1
DA:161,1
DA:168,1
DA:175,1
LF:16
LH:14
BRDA:15,0,0,0
BRF:1
BRH:0
end_of_record
TN:
SF:src\models\agentapi\agentbetflix.model.js
FN:9,(anonymous_0)
FN:13,(anonymous_1)
FN:23,(anonymous_2)
FN:88,(anonymous_3)
FN:136,(anonymous_4)
FN:165,(anonymous_5)
FN:220,(anonymous_6)
FN:258,(anonymous_7)
FN:299,(anonymous_8)
FN:358,(anonymous_9)
FN:405,(anonymous_10)
FN:464,(anonymous_11)
FN:511,(anonymous_12)
FN:540,(anonymous_13)
FN:603,(anonymous_14)
FN:633,(anonymous_15)
FN:684,(anonymous_16)
FN:714,(anonymous_17)
FN:749,(anonymous_18)
FNF:19
FNH:0
FNDA:0,(anonymous_0)
FNDA:0,(anonymous_1)
FNDA:0,(anonymous_2)
FNDA:0,(anonymous_3)
FNDA:0,(anonymous_4)
FNDA:0,(anonymous_5)
FNDA:0,(anonymous_6)
FNDA:0,(anonymous_7)
FNDA:0,(anonymous_8)
FNDA:0,(anonymous_9)
FNDA:0,(anonymous_10)
FNDA:0,(anonymous_11)
FNDA:0,(anonymous_12)
FNDA:0,(anonymous_13)
FNDA:0,(anonymous_14)
FNDA:0,(anonymous_15)
FNDA:0,(anonymous_16)
FNDA:0,(anonymous_17)
FNDA:0,(anonymous_18)
DA:1,1
DA:2,1
DA:4,1
DA:5,1
DA:6,1
DA:7,1
DA:9,1
DA:13,1
DA:15,0
DA:16,0
DA:17,0
DA:18,0
DA:19,0
DA:20,0
DA:23,1
DA:25,0
DA:26,0
DA:28,0
DA:33,0
DA:34,0
DA:36,0
DA:41,0
DA:81,0
DA:88,1
DA:90,0
DA:91,0
DA:93,0
DA:95,0
DA:100,0
DA:101,0
DA:103,0
DA:108,0
DA:109,0
DA:110,0
DA:111,0
DA:114,0
DA:123,0
DA:125,0
DA:127,0
DA:138,0
DA:142,0
DA:144,0
DA:145,0
DA:146,0
DA:151,0
DA:158,0
DA:165,1
DA:167,0
DA:168,0
DA:170,0
DA:175,0
DA:176,0
DA:181,0
DA:182,0
DA:184,0
DA:189,0
DA:190,0
DA:191,0
DA:192,0
DA:194,0
DA:204,0
DA:208,0
DA:210,0
DA:211,0
DA:222,0
DA:226,0
DA:228,0
DA:229,0
DA:230,0
DA:235,0
DA:240,0
DA:243,0
DA:246,0
DA:248,0
DA:249,0
DA:260,0
DA:265,0
DA:267,0
DA:268,0
DA:273,0
DA:279,0
DA:281,0
DA:285,0
DA:288,0
DA:292,0
DA:299,1
DA:301,0
DA:302,0
DA:304,0
DA:309,0
DA:310,0
DA:315,0
DA:316,0
DA:318,0
DA:323,0
DA:324,0
DA:325,0
DA:326,0
DA:328,0
DA:329,0
DA:331,0
DA:334,0
DA:335,0
DA:337,0
DA:339,0
DA:346,0
DA:348,0
DA:349,0
DA:360,0
DA:365,0
DA:367,0
DA:371,0
DA:376,0
DA:378,0
DA:388,0
DA:398,0
DA:405,1
DA:407,0
DA:408,0
DA:410,0
DA:415,0
DA:416,0
DA:421,0
DA:422,0
DA:424,0
DA:429,0
DA:430,0
DA:431,0
DA:432,0
DA:434,0
DA:435,0
DA:437,0
DA:440,0
DA:441,0
DA:443,0
DA:445,0
DA:452,0
DA:454,0
DA:455,0
DA:466,0
DA:471,0
DA:473,0
DA:477,0
DA:482,0
DA:484,0
DA:494,0
DA:504,0
DA:511,1
DA:513,0
DA:514,0
DA:516,0
DA:521,0
DA:522,0
DA:527,0
DA:533,0
DA:540,1
DA:542,0
DA:544,0
DA:546,0
DA:551,0
DA:552,0
DA:557,0
DA:558,0
DA:560,0
DA:564,0
DA:567,0
DA:568,0
DA:570,0
DA:575,0
DA:576,0
DA:577,0
DA:579,0
DA:582,0
DA:591,0
DA:593,0
DA:594,0
DA:605,0
DA:610,0
DA:612,0
DA:613,0
DA:614,0
DA:619,0
DA:626,0
DA:633,1
DA:635,0
DA:637,0
DA:639,0
DA:644,0
DA:645,0
DA:650,0
DA:651,0
DA:653,0
DA:657,0
DA:660,0
DA:661,0
DA:663,0
DA:668,0
DA:669,0
DA:670,0
DA:672,0
DA:674,0
DA:675,0
DA:686,0
DA:691,0
DA:693,0
DA:694,0
DA:695,0
DA:700,0
DA:707,0
DA:714,1
DA:716,0
DA:718,0
DA:720,0
DA:725,0
DA:726,0
DA:728,0
DA:733,0
DA:734,0
DA:735,0
DA:737,0
DA:739,0
DA:740,0
DA:751,0
DA:756,0
DA:758,0
DA:759,0
DA:760,0
DA:765,0
DA:772,0
DA:779,1
LF:230
LH:18
BRDA:16,0,0,0
BRDA:16,0,1,0
BRDA:26,1,0,0
BRDA:26,1,1,0
BRDA:33,2,0,0
BRDA:33,2,1,0
BRDA:34,3,0,0
BRDA:34,3,1,0
BRDA:93,4,0,0
BRDA:93,4,1,0
BRDA:100,5,0,0
BRDA:100,5,1,0
BRDA:101,6,0,0
BRDA:101,6,1,0
BRDA:142,7,0,0
BRDA:142,7,1,0
BRDA:145,8,0,0
BRDA:145,8,1,0
BRDA:168,9,0,0
BRDA:168,9,1,0
BRDA:175,10,0,0
BRDA:175,10,1,0
BRDA:181,11,0,0
BRDA:181,11,1,0
BRDA:182,12,0,0
BRDA:182,12,1,0
BRDA:226,13,0,0
BRDA:226,13,1,0
BRDA:229,14,0,0
BRDA:229,14,1,0
BRDA:240,15,0,0
BRDA:240,15,1,0
BRDA:240,16,0,0
BRDA:240,16,1,0
BRDA:265,17,0,0
BRDA:265,17,1,0
BRDA:267,18,0,0
BRDA:267,18,1,0
BRDA:279,19,0,0
BRDA:279,19,1,0
BRDA:302,20,0,0
BRDA:302,20,1,0
BRDA:309,21,0,0
BRDA:309,21,1,0
BRDA:315,22,0,0
BRDA:315,22,1,0
BRDA:316,23,0,0
BRDA:316,23,1,0
BRDA:329,24,0,0
BRDA:329,24,1,0
BRDA:365,25,0,0
BRDA:365,25,1,0
BRDA:376,26,0,0
BRDA:376,26,1,0
BRDA:408,27,0,0
BRDA:408,27,1,0
BRDA:415,28,0,0
BRDA:415,28,1,0
BRDA:421,29,0,0
BRDA:421,29,1,0
BRDA:422,30,0,0
BRDA:422,30,1,0
BRDA:435,31,0,0
BRDA:435,31,1,0
BRDA:471,32,0,0
BRDA:471,32,1,0
BRDA:482,33,0,0
BRDA:482,33,1,0
BRDA:514,34,0,0
BRDA:514,34,1,0
BRDA:521,35,0,0
BRDA:521,35,1,0
BRDA:544,36,0,0
BRDA:544,36,1,0
BRDA:551,37,0,0
BRDA:551,37,1,0
BRDA:558,38,0,0
BRDA:558,38,1,0
BRDA:567,39,0,0
BRDA:567,39,1,0
BRDA:568,40,0,0
BRDA:568,40,1,0
BRDA:610,41,0,0
BRDA:610,41,1,0
BRDA:613,42,0,0
BRDA:613,42,1,0
BRDA:637,43,0,0
BRDA:637,43,1,0
BRDA:644,44,0,0
BRDA:644,44,1,0
BRDA:651,45,0,0
BRDA:651,45,1,0
BRDA:660,46,0,0
BRDA:660,46,1,0
BRDA:661,47,0,0
BRDA:661,47,1,0
BRDA:691,48,0,0
BRDA:691,48,1,0
BRDA:694,49,0,0
BRDA:694,49,1,0
BRDA:718,50,0,0
BRDA:718,50,1,0
BRDA:725,51,0,0
BRDA:725,51,1,0
BRDA:726,52,0,0
BRDA:726,52,1,0
BRDA:756,53,0,0
BRDA:756,53,1,0
BRDA:759,54,0,0
BRDA:759,54,1,0
BRF:110
BRH:0
end_of_record
TN:
SF:src\models\agentapi\agentmain.model.js
FN:12,(anonymous_0)
FN:16,(anonymous_1)
FN:40,(anonymous_2)
FN:46,(anonymous_3)
FN:65,(anonymous_4)
FN:112,(anonymous_5)
FN:132,(anonymous_6)
FN:154,(anonymous_7)
FN:176,(anonymous_8)
FN:198,(anonymous_9)
FN:220,(anonymous_10)
FN:245,(anonymous_11)
FN:267,(anonymous_12)
FNF:13
FNH:0
FNDA:0,(anonymous_0)
FNDA:0,(anonymous_1)
FNDA:0,(anonymous_2)
FNDA:0,(anonymous_3)
FNDA:0,(anonymous_4)
FNDA:0,(anonymous_5)
FNDA:0,(anonymous_6)
FNDA:0,(anonymous_7)
FNDA:0,(anonymous_8)
FNDA:0,(anonymous_9)
FNDA:0,(anonymous_10)
FNDA:0,(anonymous_11)
FNDA:0,(anonymous_12)
DA:1,1
DA:2,1
DA:3,1
DA:4,1
DA:5,1
DA:6,1
DA:8,1
DA:12,1
DA:16,1
DA:18,0
DA:20,0
DA:22,0
DA:24,0
DA:26,0
DA:28,0
DA:30,0
DA:32,0
DA:36,0
DA:40,1
DA:41,0
DA:42,0
DA:43,0
DA:46,1
DA:48,0
DA:49,0
DA:51,0
DA:53,0
DA:58,0
DA:60,0
DA:61,0
DA:65,1
DA:67,0
DA:69,0
DA:71,0
DA:76,0
DA:79,0
DA:80,0
DA:81,0
DA:82,0
DA:83,0
DA:84,0
DA:85,0
DA:87,0
DA:88,0
DA:89,0
DA:90,0
DA:94,0
DA:96,0
DA:98,0
DA:101,0
DA:103,0
DA:108,0
DA:112,1
DA:114,0
DA:116,0
DA:118,0
DA:123,0
DA:125,0
DA:126,0
DA:127,0
DA:128,0
DA:132,1
DA:134,0
DA:135,0
DA:137,0
DA:138,0
DA:140,0
DA:142,0
DA:147,0
DA:149,0
DA:150,0
DA:154,1
DA:156,0
DA:157,0
DA:159,0
DA:160,0
DA:162,0
DA:164,0
DA:169,0
DA:171,0
DA:172,0
DA:176,1
DA:178,0
DA:179,0
DA:181,0
DA:182,0
DA:184,0
DA:186,0
DA:191,0
DA:193,0
DA:194,0
DA:198,1
DA:200,0
DA:201,0
DA:203,0
DA:204,0
DA:206,0
DA:208,0
DA:213,0
DA:215,0
DA:216,0
DA:220,1
DA:222,0
DA:223,0
DA:224,0
DA:225,0
DA:227,0
DA:228,0
DA:230,0
DA:232,0
DA:239,0
DA:240,0
DA:241,0
DA:245,1
DA:247,0
DA:248,0
DA:250,0
DA:251,0
DA:253,0
DA:255,0
DA:260,0
DA:262,0
DA:263,0
DA:267,1
DA:269,0
DA:271,0
DA:273,0
DA:278,0
DA:280,0
DA:281,0
DA:285,1
LF:131
LH:21
BRDA:18,0,0,0
BRDA:18,0,1,0
BRDA:22,1,0,0
BRDA:22,1,1,0
BRDA:26,2,0,0
BRDA:26,2,1,0
BRDA:30,3,0,0
BRDA:30,3,1,0
BRDA:48,4,0,0
BRDA:48,4,1,0
BRDA:51,5,0,0
BRDA:51,5,1,0
BRDA:58,6,0,0
BRDA:58,6,1,0
BRDA:69,7,0,0
BRDA:69,7,1,0
BRDA:76,8,0,0
BRDA:76,8,1,0
BRDA:83,9,0,0
BRDA:83,9,1,0
BRDA:85,10,0,0
BRDA:85,10,1,0
BRDA:88,11,0,0
BRDA:88,11,1,0
BRDA:101,12,0,0
BRDA:101,12,1,0
BRDA:116,13,0,0
BRDA:116,13,1,0
BRDA:123,14,0,0
BRDA:123,14,1,0
BRDA:134,15,0,0
BRDA:134,15,1,0
BRDA:135,16,0,0
BRDA:135,16,1,0
BRDA:140,17,0,0
BRDA:140,17,1,0
BRDA:147,18,0,0
BRDA:147,18,1,0
BRDA:156,19,0,0
BRDA:156,19,1,0
BRDA:157,20,0,0
BRDA:157,20,1,0
BRDA:162,21,0,0
BRDA:162,21,1,0
BRDA:169,22,0,0
BRDA:169,22,1,0
BRDA:178,23,0,0
BRDA:178,23,1,0
BRDA:179,24,0,0
BRDA:179,24,1,0
BRDA:184,25,0,0
BRDA:184,25,1,0
BRDA:191,26,0,0
BRDA:191,26,1,0
BRDA:200,27,0,0
BRDA:200,27,1,0
BRDA:201,28,0,0
BRDA:201,28,1,0
BRDA:206,29,0,0
BRDA:206,29,1,0
BRDA:213,30,0,0
BRDA:213,30,1,0
BRDA:222,31,0,0
BRDA:222,31,1,0
BRDA:223,32,0,0
BRDA:223,32,1,0
BRDA:224,33,0,0
BRDA:224,33,1,0
BRDA:225,34,0,0
BRDA:225,34,1,0
BRDA:230,35,0,0
BRDA:230,35,1,0
BRDA:239,36,0,0
BRDA:239,36,1,0
BRDA:247,37,0,0
BRDA:247,37,1,0
BRDA:248,38,0,0
BRDA:248,38,1,0
BRDA:253,39,0,0
BRDA:253,39,1,0
BRDA:260,40,0,0
BRDA:260,40,1,0
BRDA:271,41,0,0
BRDA:271,41,1,0
BRDA:278,42,0,0
BRDA:278,42,1,0
BRF:86
BRH:0
end_of_record
TN:
SF:src\models\agentapi\agentpgsoftlock.model.js
FN:7,(anonymous_0)
FN:11,(anonymous_1)
FN:21,(anonymous_2)
FN:52,(anonymous_3)
FN:82,(anonymous_4)
FN:119,(anonymous_5)
FN:149,(anonymous_6)
FN:194,(anonymous_7)
FN:239,(anonymous_8)
FN:284,(anonymous_9)
FN:313,(anonymous_10)
FN:361,(anonymous_11)
FN:391,(anonymous_12)
FN:430,(anonymous_13)
FN:460,(anonymous_14)
FNF:15
FNH:0
FNDA:0,(anonymous_0)
FNDA:0,(anonymous_1)
FNDA:0,(anonymous_2)
FNDA:0,(anonymous_3)
FNDA:0,(anonymous_4)
FNDA:0,(anonymous_5)
FNDA:0,(anonymous_6)
FNDA:0,(anonymous_7)
FNDA:0,(anonymous_8)
FNDA:0,(anonymous_9)
FNDA:0,(anonymous_10)
FNDA:0,(anonymous_11)
FNDA:0,(anonymous_12)
FNDA:0,(anonymous_13)
FNDA:0,(anonymous_14)
DA:1,1
DA:2,1
DA:4,1
DA:5,1
DA:7,1
DA:11,1
DA:13,0
DA:14,0
DA:15,0
DA:16,0
DA:17,0
DA:18,0
DA:21,1
DA:23,0
DA:24,0
DA:26,0
DA:31,0
DA:32,0
DA:34,0
DA:39,0
DA:40,0
DA:43,0
DA:44,0
DA:54,0
DA:59,0
DA:61,0
DA:63,0
DA:68,0
DA:75,0
DA:82,1
DA:84,0
DA:85,0
DA:86,0
DA:88,0
DA:93,0
DA:94,0
DA:96,0
DA:101,0
DA:102,0
DA:105,0
DA:110,0
DA:111,0
DA:121,0
DA:126,0
DA:128,0
DA:129,0
DA:130,0
DA:135,0
DA:142,0
DA:149,1
DA:151,0
DA:152,0
DA:154,0
DA:159,0
DA:160,0
DA:165,0
DA:167,0
DA:177,0
DA:187,0
DA:194,1
DA:196,0
DA:197,0
DA:199,0
DA:204,0
DA:205,0
DA:210,0
DA:212,0
DA:222,0
DA:232,0
DA:239,1
DA:241,0
DA:242,0
DA:244,0
DA:249,0
DA:250,0
DA:255,0
DA:257,0
DA:267,0
DA:277,0
DA:284,1
DA:286,0
DA:287,0
DA:289,0
DA:294,0
DA:295,0
DA:300,0
DA:306,0
DA:313,1
DA:315,0
DA:317,0
DA:319,0
DA:324,0
DA:325,0
DA:330,0
DA:331,0
DA:333,0
DA:337,0
DA:340,0
DA:341,0
DA:344,0
DA:352,0
DA:353,0
DA:363,0
DA:368,0
DA:370,0
DA:371,0
DA:372,0
DA:377,0
DA:384,0
DA:391,1
DA:393,0
DA:395,0
DA:397,0
DA:402,0
DA:403,0
DA:408,0
DA:409,0
DA:411,0
DA:415,0
DA:418,0
DA:419,0
DA:421,0
DA:422,0
DA:432,0
DA:437,0
DA:439,0
DA:440,0
DA:441,0
DA:446,0
DA:453,0
DA:460,1
DA:462,0
DA:467,1
LF:133
LH:16
BRDA:14,0,0,0
BRDA:14,0,1,0
BRDA:24,1,0,0
BRDA:24,1,1,0
BRDA:31,2,0,0
BRDA:31,2,1,0
BRDA:32,3,0,0
BRDA:32,3,1,0
BRDA:59,4,0,0
BRDA:59,4,1,0
BRDA:61,5,0,0
BRDA:61,5,1,0
BRDA:86,6,0,0
BRDA:86,6,1,0
BRDA:93,7,0,0
BRDA:93,7,1,0
BRDA:94,8,0,0
BRDA:94,8,1,0
BRDA:126,9,0,0
BRDA:126,9,1,0
BRDA:129,10,0,0
BRDA:129,10,1,0
BRDA:152,11,0,0
BRDA:152,11,1,0
BRDA:159,12,0,0
BRDA:159,12,1,0
BRDA:165,13,0,0
BRDA:165,13,1,0
BRDA:197,14,0,0
BRDA:197,14,1,0
BRDA:204,15,0,0
BRDA:204,15,1,0
BRDA:210,16,0,0
BRDA:210,16,1,0
BRDA:242,17,0,0
BRDA:242,17,1,0
BRDA:249,18,0,0
BRDA:249,18,1,0
BRDA:255,19,0,0
BRDA:255,19,1,0
BRDA:287,20,0,0
BRDA:287,20,1,0
BRDA:294,21,0,0
BRDA:294,21,1,0
BRDA:317,22,0,0
BRDA:317,22,1,0
BRDA:324,23,0,0
BRDA:324,23,1,0
BRDA:331,24,0,0
BRDA:331,24,1,0
BRDA:368,25,0,0
BRDA:368,25,1,0
BRDA:371,26,0,0
BRDA:371,26,1,0
BRDA:395,27,0,0
BRDA:395,27,1,0
BRDA:402,28,0,0
BRDA:402,28,1,0
BRDA:409,29,0,0
BRDA:409,29,1,0
BRDA:437,30,0,0
BRDA:437,30,1,0
BRDA:440,31,0,0
BRDA:440,31,1,0
BRF:64
BRH:0
end_of_record
TN:
SF:src\models\agentapi\agentsuperapiseamless.model.js
FN:7,(anonymous_0)
FN:11,(anonymous_1)
FN:21,(anonymous_2)
FN:52,(anonymous_3)
FN:82,(anonymous_4)
FN:119,(anonymous_5)
FN:149,(anonymous_6)
FN:194,(anonymous_7)
FN:239,(anonymous_8)
FN:284,(anonymous_9)
FN:313,(anonymous_10)
FN:361,(anonymous_11)
FN:391,(anonymous_12)
FN:430,(anonymous_13)
FN:460,(anonymous_14)
FNF:15
FNH:0
FNDA:0,(anonymous_0)
FNDA:0,(anonymous_1)
FNDA:0,(anonymous_2)
FNDA:0,(anonymous_3)
FNDA:0,(anonymous_4)
FNDA:0,(anonymous_5)
FNDA:0,(anonymous_6)
FNDA:0,(anonymous_7)
FNDA:0,(anonymous_8)
FNDA:0,(anonymous_9)
FNDA:0,(anonymous_10)
FNDA:0,(anonymous_11)
FNDA:0,(anonymous_12)
FNDA:0,(anonymous_13)
FNDA:0,(anonymous_14)
DA:1,1
DA:2,1
DA:4,1
DA:5,1
DA:7,1
DA:11,1
DA:13,0
DA:14,0
DA:15,0
DA:16,0
DA:17,0
DA:18,0
DA:21,1
DA:23,0
DA:24,0
DA:26,0
DA:31,0
DA:32,0
DA:34,0
DA:39,0
DA:40,0
DA:43,0
DA:44,0
DA:54,0
DA:59,0
DA:61,0
DA:63,0
DA:68,0
DA:75,0
DA:82,1
DA:84,0
DA:85,0
DA:86,0
DA:88,0
DA:93,0
DA:94,0
DA:96,0
DA:101,0
DA:102,0
DA:105,0
DA:110,0
DA:111,0
DA:121,0
DA:126,0
DA:128,0
DA:129,0
DA:130,0
DA:135,0
DA:142,0
DA:149,1
DA:151,0
DA:152,0
DA:154,0
DA:159,0
DA:160,0
DA:165,0
DA:167,0
DA:177,0
DA:187,0
DA:194,1
DA:196,0
DA:197,0
DA:199,0
DA:204,0
DA:205,0
DA:210,0
DA:212,0
DA:222,0
DA:232,0
DA:239,1
DA:241,0
DA:242,0
DA:244,0
DA:249,0
DA:250,0
DA:255,0
DA:257,0
DA:267,0
DA:277,0
DA:284,1
DA:286,0
DA:287,0
DA:289,0
DA:294,0
DA:295,0
DA:300,0
DA:306,0
DA:313,1
DA:315,0
DA:317,0
DA:319,0
DA:324,0
DA:325,0
DA:330,0
DA:331,0
DA:333,0
DA:337,0
DA:340,0
DA:341,0
DA:344,0
DA:352,0
DA:353,0
DA:363,0
DA:368,0
DA:370,0
DA:371,0
DA:372,0
DA:377,0
DA:384,0
DA:391,1
DA:393,0
DA:395,0
DA:397,0
DA:402,0
DA:403,0
DA:408,0
DA:409,0
DA:411,0
DA:415,0
DA:418,0
DA:419,0
DA:421,0
DA:422,0
DA:432,0
DA:437,0
DA:439,0
DA:440,0
DA:441,0
DA:446,0
DA:453,0
DA:460,1
DA:462,0
DA:467,1
LF:133
LH:16
BRDA:14,0,0,0
BRDA:14,0,1,0
BRDA:24,1,0,0
BRDA:24,1,1,0
BRDA:31,2,0,0
BRDA:31,2,1,0
BRDA:32,3,0,0
BRDA:32,3,1,0
BRDA:59,4,0,0
BRDA:59,4,1,0
BRDA:61,5,0,0
BRDA:61,5,1,0
BRDA:86,6,0,0
BRDA:86,6,1,0
BRDA:93,7,0,0
BRDA:93,7,1,0
BRDA:94,8,0,0
BRDA:94,8,1,0
BRDA:126,9,0,0
BRDA:126,9,1,0
BRDA:129,10,0,0
BRDA:129,10,1,0
BRDA:152,11,0,0
BRDA:152,11,1,0
BRDA:159,12,0,0
BRDA:159,12,1,0
BRDA:165,13,0,0
BRDA:165,13,1,0
BRDA:197,14,0,0
BRDA:197,14,1,0
BRDA:204,15,0,0
BRDA:204,15,1,0
BRDA:210,16,0,0
BRDA:210,16,1,0
BRDA:242,17,0,0
BRDA:242,17,1,0
BRDA:249,18,0,0
BRDA:249,18,1,0
BRDA:255,19,0,0
BRDA:255,19,1,0
BRDA:287,20,0,0
BRDA:287,20,1,0
BRDA:294,21,0,0
BRDA:294,21,1,0
BRDA:317,22,0,0
BRDA:317,22,1,0
BRDA:324,23,0,0
BRDA:324,23,1,0
BRDA:331,24,0,0
BRDA:331,24,1,0
BRDA:368,25,0,0
BRDA:368,25,1,0
BRDA:371,26,0,0
BRDA:371,26,1,0
BRDA:395,27,0,0
BRDA:395,27,1,0
BRDA:402,28,0,0
BRDA:402,28,1,0
BRDA:409,29,0,0
BRDA:409,29,1,0
BRDA:437,30,0,0
BRDA:437,30,1,0
BRDA:440,31,0,0
BRDA:440,31,1,0
BRF:64
BRH:0
end_of_record
TN:
SF:src\models\agentapi\agentufa.model.js
FN:9,(anonymous_0)
FN:13,(anonymous_1)
FN:23,(anonymous_2)
FN:88,(anonymous_3)
FN:138,(anonymous_4)
FN:167,(anonymous_5)
FN:224,(anonymous_6)
FN:303,(anonymous_7)
FN:361,(anonymous_8)
FN:416,(anonymous_9)
FN:474,(anonymous_10)
FN:529,(anonymous_11)
FN:568,(anonymous_12)
FN:588,(anonymous_13)
FN:638,(anonymous_14)
FN:667,(anonymous_15)
FN:718,(anonymous_16)
FN:748,(anonymous_17)
FN:783,(anonymous_18)
FNF:19
FNH:0
FNDA:0,(anonymous_0)
FNDA:0,(anonymous_1)
FNDA:0,(anonymous_2)
FNDA:0,(anonymous_3)
FNDA:0,(anonymous_4)
FNDA:0,(anonymous_5)
FNDA:0,(anonymous_6)
FNDA:0,(anonymous_7)
FNDA:0,(anonymous_8)
FNDA:0,(anonymous_9)
FNDA:0,(anonymous_10)
FNDA:0,(anonymous_11)
FNDA:0,(anonymous_12)
FNDA:0,(anonymous_13)
FNDA:0,(anonymous_14)
FNDA:0,(anonymous_15)
FNDA:0,(anonymous_16)
FNDA:0,(anonymous_17)
FNDA:0,(anonymous_18)
DA:1,1
DA:2,1
DA:4,1
DA:5,1
DA:6,1
DA:7,1
DA:9,1
DA:13,1
DA:15,0
DA:16,0
DA:17,0
DA:18,0
DA:19,0
DA:20,0
DA:23,1
DA:25,0
DA:26,0
DA:28,0
DA:33,0
DA:34,0
DA:36,0
DA:41,0
DA:81,0
DA:88,1
DA:90,0
DA:91,0
DA:93,0
DA:95,0
DA:100,0
DA:101,0
DA:103,0
DA:108,0
DA:109,0
DA:114,0
DA:116,0
DA:119,0
DA:127,0
DA:129,0
DA:131,0
DA:140,0
DA:144,0
DA:146,0
DA:147,0
DA:148,0
DA:153,0
DA:160,0
DA:167,1
DA:169,0
DA:170,0
DA:172,0
DA:177,0
DA:178,0
DA:183,0
DA:184,0
DA:186,0
DA:191,0
DA:196,0
DA:198,0
DA:208,0
DA:214,0
DA:216,0
DA:217,0
DA:226,0
DA:230,0
DA:232,0
DA:233,0
DA:234,0
DA:239,0
DA:292,0
DA:296,0
DA:303,1
DA:305,0
DA:306,0
DA:308,0
DA:313,0
DA:314,0
DA:319,0
DA:320,0
DA:322,0
DA:330,0
DA:332,0
DA:338,0
DA:339,0
DA:341,0
DA:344,0
DA:351,0
DA:353,0
DA:354,0
DA:363,0
DA:368,0
DA:370,0
DA:374,0
DA:379,0
DA:409,0
DA:416,1
DA:418,0
DA:419,0
DA:421,0
DA:426,0
DA:427,0
DA:432,0
DA:433,0
DA:435,0
DA:443,0
DA:445,0
DA:446,0
DA:448,0
DA:451,0
DA:452,0
DA:454,0
DA:457,0
DA:464,0
DA:466,0
DA:467,0
DA:476,0
DA:481,0
DA:483,0
DA:487,0
DA:492,0
DA:522,0
DA:529,1
DA:531,0
DA:532,0
DA:534,0
DA:539,0
DA:540,0
DA:545,0
DA:546,0
DA:549,0
DA:557,0
DA:559,0
DA:561,0
DA:570,0
DA:575,0
DA:581,0
DA:588,1
DA:590,0
DA:592,0
DA:594,0
DA:599,0
DA:600,0
DA:605,0
DA:607,0
DA:608,0
DA:610,0
DA:616,0
DA:617,0
DA:618,0
DA:622,0
DA:627,0
DA:629,0
DA:631,0
DA:640,0
DA:644,0
DA:646,0
DA:647,0
DA:648,0
DA:653,0
DA:660,0
DA:667,1
DA:669,0
DA:671,0
DA:673,0
DA:678,0
DA:679,0
DA:684,0
DA:685,0
DA:687,0
DA:691,0
DA:694,0
DA:695,0
DA:697,0
DA:702,0
DA:703,0
DA:704,0
DA:706,0
DA:708,0
DA:709,0
DA:720,0
DA:725,0
DA:727,0
DA:728,0
DA:729,0
DA:734,0
DA:741,0
DA:748,1
DA:750,0
DA:752,0
DA:754,0
DA:759,0
DA:760,0
DA:762,0
DA:767,0
DA:768,0
DA:769,0
DA:771,0
DA:773,0
DA:774,0
DA:785,0
DA:790,0
DA:792,0
DA:793,0
DA:794,0
DA:799,0
DA:806,0
DA:813,1
LF:206
LH:18
BRDA:16,0,0,0
BRDA:16,0,1,0
BRDA:26,1,0,0
BRDA:26,1,1,0
BRDA:33,2,0,0
BRDA:33,2,1,0
BRDA:34,3,0,0
BRDA:34,3,1,0
BRDA:93,4,0,0
BRDA:93,4,1,0
BRDA:100,5,0,0
BRDA:100,5,1,0
BRDA:101,6,0,0
BRDA:101,6,1,0
BRDA:108,7,0,0
BRDA:108,7,1,0
BRDA:109,8,0,0
BRDA:109,8,1,0
BRDA:144,9,0,0
BRDA:144,9,1,0
BRDA:147,10,0,0
BRDA:147,10,1,0
BRDA:170,11,0,0
BRDA:170,11,1,0
BRDA:177,12,0,0
BRDA:177,12,1,0
BRDA:183,13,0,0
BRDA:183,13,1,0
BRDA:184,14,0,0
BRDA:184,14,1,0
BRDA:230,15,0,0
BRDA:230,15,1,0
BRDA:233,16,0,0
BRDA:233,16,1,0
BRDA:306,17,0,0
BRDA:306,17,1,0
BRDA:313,18,0,0
BRDA:313,18,1,0
BRDA:319,19,0,0
BRDA:319,19,1,0
BRDA:320,20,0,0
BRDA:320,20,1,0
BRDA:368,21,0,0
BRDA:368,21,1,0
BRDA:419,22,0,0
BRDA:419,22,1,0
BRDA:426,23,0,0
BRDA:426,23,1,0
BRDA:432,24,0,0
BRDA:432,24,1,0
BRDA:433,25,0,0
BRDA:433,25,1,0
BRDA:446,26,0,0
BRDA:446,26,1,0
BRDA:481,27,0,0
BRDA:481,27,1,0
BRDA:532,28,0,0
BRDA:532,28,1,0
BRDA:539,29,0,0
BRDA:539,29,1,0
BRDA:592,30,0,0
BRDA:592,30,1,0
BRDA:599,31,0,0
BRDA:599,31,1,0
BRDA:607,32,0,0
BRDA:607,32,1,0
BRDA:608,33,0,0
BRDA:608,33,1,0
BRDA:617,34,0,0
BRDA:617,34,1,0
BRDA:644,35,0,0
BRDA:644,35,1,0
BRDA:647,36,0,0
BRDA:647,36,1,0
BRDA:671,37,0,0
BRDA:671,37,1,0
BRDA:678,38,0,0
BRDA:678,38,1,0
BRDA:685,39,0,0
BRDA:685,39,1,0
BRDA:694,40,0,0
BRDA:694,40,1,0
BRDA:695,41,0,0
BRDA:695,41,1,0
BRDA:725,42,0,0
BRDA:725,42,1,0
BRDA:728,43,0,0
BRDA:728,43,1,0
BRDA:752,44,0,0
BRDA:752,44,1,0
BRDA:759,45,0,0
BRDA:759,45,1,0
BRDA:760,46,0,0
BRDA:760,46,1,0
BRDA:790,47,0,0
BRDA:790,47,1,0
BRDA:793,48,0,0
BRDA:793,48,1,0
BRF:98
BRH:0
end_of_record
TN:
SF:src\modules\timehelper.js
FN:2,(anonymous_0)
FN:6,(anonymous_1)
FN:20,(anonymous_2)
FN:49,(anonymous_3)
FN:78,(anonymous_4)
FN:84,(anonymous_5)
FN:114,(anonymous_6)
FNF:7
FNH:2
FNDA:0,(anonymous_0)
FNDA:1,(anonymous_1)
FNDA:0,(anonymous_2)
FNDA:0,(anonymous_3)
FNDA:0,(anonymous_4)
FNDA:2,(anonymous_5)
FNDA:0,(anonymous_6)
DA:2,1
DA:6,1
DA:7,1
DA:8,1
DA:9,1
DA:10,1
DA:12,1
DA:13,1
DA:14,1
DA:15,0
DA:17,1
DA:20,1
DA:21,0
DA:22,0
DA:23,0
DA:24,0
DA:25,0
DA:26,0
DA:27,0
DA:29,0
DA:30,0
DA:31,0
DA:32,0
DA:34,0
DA:35,0
DA:37,0
DA:38,0
DA:40,0
DA:41,0
DA:43,0
DA:44,0
DA:46,0
DA:49,1
DA:50,0
DA:51,0
DA:52,0
DA:53,0
DA:54,0
DA:55,0
DA:56,0
DA:58,0
DA:59,0
DA:60,0
DA:61,0
DA:63,0
DA:64,0
DA:66,0
DA:67,0
DA:69,0
DA:70,0
DA:72,0
DA:73,0
DA:75,0
DA:78,1
DA:80,0
DA:84,1
DA:86,2
DA:87,2
DA:88,2
DA:89,2
DA:90,2
DA:91,2
DA:92,2
DA:94,2
DA:95,2
DA:96,2
DA:97,0
DA:99,2
DA:100,2
DA:102,2
DA:103,0
DA:105,2
DA:106,0
DA:108,2
DA:109,2
DA:111,2
DA:114,1
DA:116,0
DA:117,0
DA:118,0
DA:119,0
DA:120,0
DA:121,0
DA:122,0
DA:124,0
DA:125,0
DA:126,0
DA:127,0
DA:129,0
DA:130,0
DA:132,0
DA:133,0
DA:135,0
DA:136,0
DA:138,0
DA:139,0
DA:141,0
DA:144,1
LF:98
LH:33
BRDA:12,0,0,1
BRDA:12,0,1,0
BRDA:14,1,0,0
BRDA:14,1,1,1
BRDA:29,2,0,0
BRDA:29,2,1,0
BRDA:31,3,0,0
BRDA:31,3,1,0
BRDA:34,4,0,0
BRDA:34,4,1,0
BRDA:37,5,0,0
BRDA:37,5,1,0
BRDA:40,6,0,0
BRDA:40,6,1,0
BRDA:58,7,0,0
BRDA:58,7,1,0
BRDA:60,8,0,0
BRDA:60,8,1,0
BRDA:63,9,0,0
BRDA:63,9,1,0
BRDA:66,10,0,0
BRDA:66,10,1,0
BRDA:69,11,0,0
BRDA:69,11,1,0
BRDA:94,12,0,2
BRDA:94,12,1,0
BRDA:96,13,0,0
BRDA:96,13,1,2
BRDA:99,14,0,2
BRDA:99,14,1,0
BRDA:102,15,0,0
BRDA:102,15,1,2
BRDA:105,16,0,0
BRDA:105,16,1,2
BRDA:124,17,0,0
BRDA:124,17,1,0
BRDA:126,18,0,0
BRDA:126,18,1,0
BRDA:129,19,0,0
BRDA:129,19,1,0
BRDA:132,20,0,0
BRDA:132,20,1,0
BRDA:135,21,0,0
BRDA:135,21,1,0
BRF:44
BRH:7
end_of_record
