TN:
SF:src/controllers/adminbanklist.controller.js
FN:32,(anonymous_0)
FN:62,(anonymous_1)
FN:136,(anonymous_2)
FN:215,(anonymous_3)
FN:290,(anonymous_4)
FN:384,(anonymous_5)
FN:478,(anonymous_6)
FN:572,(anonymous_7)
FN:646,(anonymous_8)
FN:720,(anonymous_9)
FNF:10
FNH:0
FNDA:0,(anonymous_0)
FNDA:0,(anonymous_1)
FNDA:0,(anonymous_2)
FNDA:0,(anonymous_3)
FNDA:0,(anonymous_4)
FNDA:0,(anonymous_5)
FNDA:0,(anonymous_6)
FNDA:0,(anonymous_7)
FNDA:0,(anonymous_8)
FNDA:0,(anonymous_9)
DA:2,0
DA:3,0
DA:4,0
DA:5,0
DA:6,0
DA:7,0
DA:8,0
DA:10,0
DA:12,0
DA:13,0
DA:15,0
DA:23,0
DA:24,0
DA:25,0
DA:27,0
DA:29,0
DA:30,0
DA:32,0
DA:33,0
DA:34,0
DA:38,0
DA:40,0
DA:42,0
DA:46,0
DA:49,0
DA:62,0
DA:63,0
DA:64,0
DA:65,0
DA:69,0
DA:71,0
DA:73,0
DA:81,0
DA:82,0
DA:92,0
DA:94,0
DA:97,0
DA:98,0
DA:109,0
DA:123,0
DA:136,0
DA:137,0
DA:138,0
DA:139,0
DA:143,0
DA:145,0
DA:147,0
DA:155,0
DA:156,0
DA:166,0
DA:168,0
DA:171,0
DA:172,0
DA:173,0
DA:176,0
DA:187,0
DA:201,0
DA:215,0
DA:216,0
DA:217,0
DA:218,0
DA:222,0
DA:224,0
DA:226,0
DA:230,0
DA:233,0
DA:234,0
DA:240,0
DA:241,0
DA:243,0
DA:246,0
DA:248,0
DA:249,0
DA:250,0
DA:262,0
DA:276,0
DA:290,0
DA:292,0
DA:293,0
DA:297,0
DA:299,0
DA:301,0
DA:305,0
DA:307,0
DA:310,0
DA:311,0
DA:312,0
DA:313,0
DA:319,0
DA:320,0
DA:322,0
DA:325,0
DA:329,0
DA:331,0
DA:333,0
DA:343,0
DA:357,0
DA:371,0
DA:384,0
DA:385,0
DA:386,0
DA:390,0
DA:392,0
DA:394,0
DA:398,0
DA:400,0
DA:403,0
DA:404,0
DA:405,0
DA:406,0
DA:412,0
DA:413,0
DA:415,0
DA:418,0
DA:422,0
DA:424,0
DA:426,0
DA:436,0
DA:450,0
DA:464,0
DA:478,0
DA:480,0
DA:481,0
DA:485,0
DA:487,0
DA:489,0
DA:493,0
DA:495,0
DA:497,0
DA:498,0
DA:499,0
DA:500,0
DA:506,0
DA:507,0
DA:509,0
DA:512,0
DA:515,0
DA:516,0
DA:518,0
DA:520,0
DA:530,0
DA:544,0
DA:558,0
DA:572,0
DA:573,0
DA:574,0
DA:575,0
DA:579,0
DA:581,0
DA:583,0
DA:592,0
DA:593,0
DA:603,0
DA:604,0
DA:606,0
DA:607,0
DA:619,0
DA:634,0
DA:646,0
DA:647,0
DA:648,0
DA:649,0
DA:653,0
DA:655,0
DA:657,0
DA:666,0
DA:667,0
DA:677,0
DA:678,0
DA:680,0
DA:681,0
DA:693,0
DA:708,0
DA:720,0
DA:721,0
DA:722,0
DA:726,0
DA:728,0
DA:730,0
DA:734,0
DA:736,0
DA:739,0
DA:740,0
DA:741,0
DA:742,0
DA:745,0
DA:746,0
DA:751,0
DA:752,0
DA:754,0
DA:757,0
DA:760,0
DA:762,0
DA:770,0
DA:773,0
DA:775,0
DA:783,0
DA:786,0
DA:788,0
DA:796,0
DA:799,0
DA:801,0
DA:809,0
DA:812,0
DA:814,0
DA:822,0
DA:825,0
DA:826,0
DA:828,0
DA:834,0
DA:836,0
DA:837,0
DA:838,0
DA:840,0
DA:842,0
DA:844,0
DA:846,0
DA:847,0
DA:850,0
DA:851,0
DA:852,0
DA:855,0
DA:857,0
DA:859,0
DA:861,0
DA:862,0
DA:863,0
DA:867,0
DA:868,0
DA:870,0
DA:871,0
DA:873,0
DA:875,0
DA:877,0
DA:879,0
DA:881,0
DA:883,0
DA:885,0
DA:886,0
DA:890,0
DA:891,0
DA:899,0
DA:905,0
DA:906,0
DA:914,0
DA:917,0
DA:919,0
DA:920,0
DA:921,0
DA:923,0
DA:924,0
DA:926,0
DA:935,0
DA:946,0
DA:950,0
DA:958,0
DA:963,0
DA:971,0
DA:976,0
DA:977,0
DA:978,0
DA:979,0
DA:981,0
DA:983,0
DA:984,0
DA:986,0
DA:995,0
DA:1006,0
DA:1010,0
DA:1018,0
DA:1023,0
DA:1031,0
DA:1037,0
DA:1040,0
DA:1041,0
DA:1043,0
DA:1044,0
DA:1045,0
DA:1046,0
DA:1048,0
DA:1050,0
DA:1051,0
DA:1052,0
DA:1053,0
DA:1056,0
DA:1065,0
DA:1076,0
DA:1080,0
DA:1088,0
DA:1094,0
DA:1102,0
DA:1109,0
DA:1117,0
DA:1124,0
DA:1138,0
LF:295
LH:0
BRDA:40,0,0,0
BRDA:40,0,1,0
BRDA:71,1,0,0
BRDA:71,1,1,0
BRDA:81,2,0,0
BRDA:81,2,1,0
BRDA:94,3,0,0
BRDA:94,3,1,0
BRDA:145,4,0,0
BRDA:145,4,1,0
BRDA:155,5,0,0
BRDA:155,5,1,0
BRDA:168,6,0,0
BRDA:168,6,1,0
BRDA:224,7,0,0
BRDA:224,7,1,0
BRDA:233,8,0,0
BRDA:233,8,1,0
BRDA:233,9,0,0
BRDA:233,9,1,0
BRDA:246,10,0,0
BRDA:246,10,1,0
BRDA:299,11,0,0
BRDA:299,11,1,0
BRDA:310,12,0,0
BRDA:310,12,1,0
BRDA:310,13,0,0
BRDA:310,13,1,0
BRDA:312,14,0,0
BRDA:312,14,1,0
BRDA:312,15,0,0
BRDA:312,15,1,0
BRDA:325,16,0,0
BRDA:325,16,1,0
BRDA:331,17,0,0
BRDA:331,17,1,0
BRDA:392,18,0,0
BRDA:392,18,1,0
BRDA:403,19,0,0
BRDA:403,19,1,0
BRDA:403,20,0,0
BRDA:403,20,1,0
BRDA:405,21,0,0
BRDA:405,21,1,0
BRDA:405,22,0,0
BRDA:405,22,1,0
BRDA:418,23,0,0
BRDA:418,23,1,0
BRDA:424,24,0,0
BRDA:424,24,1,0
BRDA:487,25,0,0
BRDA:487,25,1,0
BRDA:497,26,0,0
BRDA:497,26,1,0
BRDA:497,27,0,0
BRDA:497,27,1,0
BRDA:499,28,0,0
BRDA:499,28,1,0
BRDA:499,29,0,0
BRDA:499,29,1,0
BRDA:512,30,0,0
BRDA:512,30,1,0
BRDA:518,31,0,0
BRDA:518,31,1,0
BRDA:581,32,0,0
BRDA:581,32,1,0
BRDA:592,33,0,0
BRDA:592,33,1,0
BRDA:604,34,0,0
BRDA:604,34,1,0
BRDA:655,35,0,0
BRDA:655,35,1,0
BRDA:666,36,0,0
BRDA:666,36,1,0
BRDA:678,37,0,0
BRDA:678,37,1,0
BRDA:728,38,0,0
BRDA:728,38,1,0
BRDA:739,39,0,0
BRDA:739,39,1,0
BRDA:739,40,0,0
BRDA:739,40,1,0
BRDA:741,41,0,0
BRDA:741,41,1,0
BRDA:741,42,0,0
BRDA:741,42,1,0
BRDA:757,43,0,0
BRDA:757,43,1,0
BRDA:760,44,0,0
BRDA:760,44,1,0
BRDA:773,45,0,0
BRDA:773,45,1,0
BRDA:786,46,0,0
BRDA:786,46,1,0
BRDA:799,47,0,0
BRDA:799,47,1,0
BRDA:812,48,0,0
BRDA:812,48,1,0
BRDA:826,49,0,0
BRDA:826,49,1,0
BRDA:834,50,0,0
BRDA:834,50,1,0
BRDA:844,51,0,0
BRDA:844,51,1,0
BRDA:847,52,0,0
BRDA:847,52,1,0
BRDA:855,53,0,0
BRDA:855,53,1,0
BRDA:855,54,0,0
BRDA:855,54,1,0
BRDA:857,55,0,0
BRDA:857,55,1,0
BRDA:857,56,0,0
BRDA:857,56,1,0
BRDA:861,57,0,0
BRDA:861,57,1,0
BRDA:870,58,0,0
BRDA:870,58,1,0
BRDA:871,59,0,0
BRDA:871,59,1,0
BRDA:875,60,0,0
BRDA:875,60,1,0
BRDA:881,61,0,0
BRDA:881,61,1,0
BRDA:881,62,0,0
BRDA:881,62,1,0
BRDA:883,63,0,0
BRDA:883,63,1,0
BRDA:917,64,0,0
BRDA:917,64,1,0
BRDA:921,65,0,0
BRDA:921,65,1,0
BRDA:924,66,0,0
BRDA:924,66,1,0
BRDA:979,67,0,0
BRDA:979,67,1,0
BRDA:981,68,0,0
BRDA:981,68,1,0
BRDA:984,69,0,0
BRDA:984,69,1,0
BRDA:1037,70,0,0
BRDA:1037,70,1,0
BRDA:1041,71,0,0
BRDA:1041,71,1,0
BRDA:1046,72,0,0
BRDA:1046,72,1,0
BRDA:1048,73,0,0
BRDA:1048,73,1,0
BRDA:1053,74,0,0
BRDA:1053,74,1,0
BRF:150
BRH:0
end_of_record
TN:
SF:src/controllers/adminlist.controller.js
FN:27,(anonymous_0)
FN:59,(anonymous_1)
FN:157,(anonymous_2)
FN:186,(anonymous_3)
FN:234,(anonymous_4)
FN:276,(anonymous_5)
FN:321,(anonymous_6)
FN:363,(anonymous_7)
FN:419,(anonymous_8)
FN:543,(anonymous_9)
FN:626,(anonymous_10)
FN:670,(anonymous_11)
FN:748,(anonymous_12)
FN:774,(anonymous_13)
FN:808,(anonymous_14)
FN:956,(anonymous_15)
FN:1075,(anonymous_16)
FN:1281,(anonymous_17)
FNF:18
FNH:0
FNDA:0,(anonymous_0)
FNDA:0,(anonymous_1)
FNDA:0,(anonymous_2)
FNDA:0,(anonymous_3)
FNDA:0,(anonymous_4)
FNDA:0,(anonymous_5)
FNDA:0,(anonymous_6)
FNDA:0,(anonymous_7)
FNDA:0,(anonymous_8)
FNDA:0,(anonymous_9)
FNDA:0,(anonymous_10)
FNDA:0,(anonymous_11)
FNDA:0,(anonymous_12)
FNDA:0,(anonymous_13)
FNDA:0,(anonymous_14)
FNDA:0,(anonymous_15)
FNDA:0,(anonymous_16)
FNDA:0,(anonymous_17)
DA:2,0
DA:4,0
DA:6,0
DA:8,0
DA:10,0
DA:12,0
DA:14,0
DA:15,0
DA:16,0
DA:18,0
DA:20,0
DA:21,0
DA:22,0
DA:24,0
DA:25,0
DA:27,0
DA:29,0
DA:31,0
DA:32,0
DA:33,0
DA:35,0
DA:36,0
DA:40,0
DA:41,0
DA:44,0
DA:52,0
DA:59,0
DA:61,0
DA:63,0
DA:64,0
DA:65,0
DA:67,0
DA:71,0
DA:72,0
DA:73,0
DA:80,0
DA:82,0
DA:84,0
DA:91,0
DA:95,0
DA:96,0
DA:98,0
DA:111,0
DA:112,0
DA:114,0
DA:121,0
DA:125,0
DA:133,0
DA:142,0
DA:143,0
DA:150,0
DA:157,0
DA:158,0
DA:159,0
DA:160,0
DA:162,0
DA:164,0
DA:168,0
DA:169,0
DA:173,0
DA:186,0
DA:188,0
DA:189,0
DA:193,0
DA:195,0
DA:197,0
DA:201,0
DA:203,0
DA:204,0
DA:205,0
DA:207,0
DA:208,0
DA:209,0
DA:220,0
DA:228,0
DA:234,0
DA:243,0
DA:244,0
DA:248,0
DA:250,0
DA:252,0
DA:253,0
DA:257,0
DA:258,0
DA:259,0
DA:262,0
DA:270,0
DA:276,0
DA:278,0
DA:279,0
DA:283,0
DA:285,0
DA:287,0
DA:288,0
DA:292,0
DA:293,0
DA:294,0
DA:296,0
DA:297,0
DA:298,0
DA:308,0
DA:316,0
DA:321,0
DA:323,0
DA:325,0
DA:329,0
DA:331,0
DA:333,0
DA:334,0
DA:338,0
DA:339,0
DA:340,0
DA:342,0
DA:343,0
DA:344,0
DA:348,0
DA:356,0
DA:363,0
DA:365,0
DA:366,0
DA:370,0
DA:372,0
DA:374,0
DA:375,0
DA:379,0
DA:382,0
DA:383,0
DA:384,0
DA:388,0
DA:389,0
DA:390,0
DA:391,0
DA:394,0
DA:396,0
DA:399,0
DA:406,0
DA:414,0
DA:419,0
DA:421,0
DA:422,0
DA:424,0
DA:425,0
DA:427,0
DA:429,0
DA:430,0
DA:441,0
DA:443,0
DA:444,0
DA:446,0
DA:448,0
DA:450,0
DA:454,0
DA:457,0
DA:459,0
DA:468,0
DA:470,0
DA:473,0
DA:474,0
DA:475,0
DA:476,0
DA:481,0
DA:482,0
DA:484,0
DA:485,0
DA:486,0
DA:487,0
DA:488,0
DA:489,0
DA:490,0
DA:491,0
DA:497,0
DA:500,0
DA:514,0
DA:516,0
DA:520,0
DA:524,0
DA:525,0
DA:533,0
DA:543,0
DA:545,0
DA:546,0
DA:551,0
DA:555,0
DA:557,0
DA:559,0
DA:560,0
DA:565,0
DA:566,0
DA:569,0
DA:570,0
DA:572,0
DA:582,0
DA:590,0
DA:593,0
DA:597,0
DA:600,0
DA:604,0
DA:611,0
DA:619,0
DA:626,0
DA:629,0
DA:630,0
DA:631,0
DA:632,0
DA:634,0
DA:640,0
DA:644,0
DA:645,0
DA:646,0
DA:648,0
DA:654,0
DA:658,0
DA:664,0
DA:670,0
DA:672,0
DA:673,0
DA:675,0
DA:677,0
DA:679,0
DA:681,0
DA:682,0
DA:687,0
DA:690,0
DA:692,0
DA:693,0
DA:695,0
DA:699,0
DA:700,0
DA:706,0
DA:707,0
DA:708,0
DA:710,0
DA:712,0
DA:715,0
DA:719,0
DA:722,0
DA:725,0
DA:728,0
DA:733,0
DA:741,0
DA:748,0
DA:750,0
DA:751,0
DA:753,0
DA:754,0
DA:758,0
DA:761,0
DA:769,0
DA:774,0
DA:776,0
DA:777,0
DA:779,0
DA:781,0
DA:789,0
DA:793,0
DA:801,0
DA:808,0
DA:810,0
DA:811,0
DA:815,0
DA:817,0
DA:819,0
DA:820,0
DA:824,0
DA:826,0
DA:829,0
DA:830,0
DA:831,0
DA:832,0
DA:836,0
DA:837,0
DA:839,0
DA:842,0
DA:864,0
DA:866,0
DA:867,0
DA:868,0
DA:869,0
DA:871,0
DA:873,0
DA:877,0
DA:880,0
DA:889,0
DA:891,0
DA:898,0
DA:902,0
DA:910,0
DA:915,0
DA:919,0
DA:925,0
DA:933,0
DA:940,0
DA:948,0
DA:956,0
DA:958,0
DA:959,0
DA:963,0
DA:965,0
DA:967,0
DA:968,0
DA:972,0
DA:974,0
DA:977,0
DA:978,0
DA:979,0
DA:980,0
DA:984,0
DA:985,0
DA:987,0
DA:990,0
DA:992,0
DA:993,0
DA:995,0
DA:996,0
DA:997,0
DA:999,0
DA:1008,0
DA:1010,0
DA:1017,0
DA:1021,0
DA:1029,0
DA:1034,0
DA:1038,0
DA:1044,0
DA:1052,0
DA:1059,0
DA:1067,0
DA:1075,0
DA:1077,0
DA:1078,0
DA:1079,0
DA:1080,0
DA:1081,0
DA:1082,0
DA:1083,0
DA:1085,0
DA:1086,0
DA:1090,0
DA:1092,0
DA:1094,0
DA:1095,0
DA:1099,0
DA:1101,0
DA:1104,0
DA:1105,0
DA:1109,0
DA:1110,0
DA:1112,0
DA:1114,0
DA:1116,0
DA:1117,0
DA:1119,0
DA:1121,0
DA:1129,0
DA:1132,0
DA:1134,0
DA:1142,0
DA:1145,0
DA:1146,0
DA:1148,0
DA:1156,0
DA:1160,0
DA:1161,0
DA:1162,0
DA:1163,0
DA:1165,0
DA:1166,0
DA:1167,0
DA:1168,0
DA:1169,0
DA:1170,0
DA:1172,0
DA:1180,0
DA:1186,0
DA:1187,0
DA:1188,0
DA:1189,0
DA:1190,0
DA:1191,0
DA:1192,0
DA:1193,0
DA:1194,0
DA:1195,0
DA:1196,0
DA:1200,0
DA:1202,0
DA:1210,0
DA:1215,0
DA:1216,0
DA:1218,0
DA:1219,0
DA:1220,0
DA:1221,0
DA:1222,0
DA:1223,0
DA:1227,0
DA:1228,0
DA:1229,0
DA:1230,0
DA:1231,0
DA:1232,0
DA:1236,0
DA:1244,0
DA:1250,0
DA:1258,0
DA:1265,0
DA:1273,0
DA:1281,0
DA:1285,0
DA:1286,0
DA:1290,0
DA:1292,0
DA:1294,0
DA:1295,0
DA:1299,0
DA:1301,0
DA:1304,0
DA:1305,0
DA:1309,0
DA:1310,0
DA:1312,0
DA:1314,0
DA:1316,0
DA:1317,0
DA:1329,0
DA:1337,0
DA:1344,0
DA:1352,0
LF:428
LH:0
BRDA:33,0,0,0
BRDA:33,0,1,0
BRDA:65,1,0,0
BRDA:65,1,1,0
BRDA:72,2,0,0
BRDA:72,2,1,0
BRDA:82,3,0,0
BRDA:82,3,1,0
BRDA:112,4,0,0
BRDA:112,4,1,0
BRDA:162,5,0,0
BRDA:162,5,1,0
BRDA:195,6,0,0
BRDA:195,6,1,0
BRDA:203,7,0,0
BRDA:203,7,1,0
BRDA:203,8,0,0
BRDA:203,8,1,0
BRDA:250,9,0,0
BRDA:250,9,1,0
BRDA:285,10,0,0
BRDA:285,10,1,0
BRDA:292,11,0,0
BRDA:292,11,1,0
BRDA:292,12,0,0
BRDA:292,12,1,0
BRDA:331,13,0,0
BRDA:331,13,1,0
BRDA:338,14,0,0
BRDA:338,14,1,0
BRDA:338,15,0,0
BRDA:338,15,1,0
BRDA:372,16,0,0
BRDA:372,16,1,0
BRDA:382,17,0,0
BRDA:382,17,1,0
BRDA:382,18,0,0
BRDA:382,18,1,0
BRDA:390,19,0,0
BRDA:390,19,1,0
BRDA:427,20,0,0
BRDA:427,20,1,0
BRDA:443,21,0,0
BRDA:443,21,1,0
BRDA:448,22,0,0
BRDA:448,22,1,0
BRDA:470,23,0,0
BRDA:470,23,1,0
BRDA:482,24,0,0
BRDA:482,24,1,0
BRDA:510,25,0,0
BRDA:510,25,1,0
BRDA:511,26,0,0
BRDA:511,26,1,0
BRDA:557,27,0,0
BRDA:557,27,1,0
BRDA:566,28,0,0
BRDA:566,28,1,0
BRDA:569,29,0,0
BRDA:569,29,1,0
BRDA:631,30,0,0
BRDA:631,30,1,0
BRDA:632,31,0,0
BRDA:632,31,1,0
BRDA:646,32,0,0
BRDA:646,32,1,0
BRDA:679,33,0,0
BRDA:679,33,1,0
BRDA:695,34,0,0
BRDA:695,34,1,0
BRDA:710,35,0,0
BRDA:710,35,1,0
BRDA:817,36,0,0
BRDA:817,36,1,0
BRDA:829,37,0,0
BRDA:829,37,1,0
BRDA:829,38,0,0
BRDA:829,38,1,0
BRDA:831,39,0,0
BRDA:831,39,1,0
BRDA:831,40,0,0
BRDA:831,40,1,0
BRDA:842,41,0,0
BRDA:842,41,1,0
BRDA:866,42,0,0
BRDA:866,42,1,0
BRDA:871,43,0,0
BRDA:871,43,1,0
BRDA:889,44,0,0
BRDA:889,44,1,0
BRDA:965,45,0,0
BRDA:965,45,1,0
BRDA:977,46,0,0
BRDA:977,46,1,0
BRDA:977,47,0,0
BRDA:977,47,1,0
BRDA:979,48,0,0
BRDA:979,48,1,0
BRDA:979,49,0,0
BRDA:979,49,1,0
BRDA:990,50,0,0
BRDA:990,50,1,0
BRDA:992,51,0,0
BRDA:992,51,1,0
BRDA:995,52,0,0
BRDA:995,52,1,0
BRDA:1008,53,0,0
BRDA:1008,53,1,0
BRDA:1092,54,0,0
BRDA:1092,54,1,0
BRDA:1104,55,0,0
BRDA:1104,55,1,0
BRDA:1104,56,0,0
BRDA:1104,56,1,0
BRDA:1114,57,0,0
BRDA:1114,57,1,0
BRDA:1116,58,0,0
BRDA:1116,58,1,0
BRDA:1117,59,0,0
BRDA:1117,59,1,0
BRDA:1119,60,0,0
BRDA:1119,60,1,0
BRDA:1132,61,0,0
BRDA:1132,61,1,0
BRDA:1146,62,0,0
BRDA:1146,62,1,0
BRDA:1163,63,0,0
BRDA:1163,63,1,0
BRDA:1193,64,0,0
BRDA:1193,64,1,0
BRDA:1200,65,0,0
BRDA:1200,65,1,0
BRDA:1216,66,0,0
BRDA:1216,66,1,0
BRDA:1292,67,0,0
BRDA:1292,67,1,0
BRDA:1304,68,0,0
BRDA:1304,68,1,0
BRDA:1304,69,0,0
BRDA:1304,69,1,0
BRDA:1314,70,0,0
BRDA:1314,70,1,0
BRF:142
BRH:0
end_of_record
TN:
SF:src/controllers/adminsetting.controller.js
FN:18,(anonymous_0)
FN:53,(anonymous_1)
FN:133,(anonymous_2)
FN:218,(anonymous_3)
FNF:4
FNH:0
FNDA:0,(anonymous_0)
FNDA:0,(anonymous_1)
FNDA:0,(anonymous_2)
FNDA:0,(anonymous_3)
DA:2,0
DA:3,0
DA:4,0
DA:5,0
DA:7,0
DA:15,0
DA:16,0
DA:18,0
DA:19,0
DA:20,0
DA:25,0
DA:27,0
DA:29,0
DA:30,0
DA:34,0
DA:35,0
DA:38,0
DA:46,0
DA:53,0
DA:56,0
DA:57,0
DA:58,0
DA:63,0
DA:64,0
DA:66,0
DA:70,0
DA:73,0
DA:74,0
DA:80,0
DA:81,0
DA:83,0
DA:86,0
DA:89,0
DA:90,0
DA:99,0
DA:103,0
DA:111,0
DA:117,0
DA:125,0
DA:133,0
DA:135,0
DA:136,0
DA:138,0
DA:139,0
DA:140,0
DA:142,0
DA:146,0
DA:147,0
DA:148,0
DA:150,0
DA:152,0
DA:155,0
DA:156,0
DA:159,0
DA:160,0
DA:166,0
DA:167,0
DA:169,0
DA:172,0
DA:175,0
DA:176,0
DA:184,0
DA:188,0
DA:196,0
DA:202,0
DA:210,0
DA:218,0
DA:220,0
DA:221,0
DA:225,0
DA:227,0
DA:229,0
DA:233,0
DA:235,0
DA:238,0
DA:239,0
DA:240,0
DA:241,0
DA:247,0
DA:248,0
DA:250,0
DA:253,0
DA:257,0
DA:259,0
DA:261,0
DA:268,0
DA:273,0
DA:280,0
DA:287,0
DA:295,0
DA:302,0
DA:310,0
LF:92
LH:0
BRDA:27,0,0,0
BRDA:27,0,1,0
BRDA:64,1,0,0
BRDA:64,1,1,0
BRDA:73,2,0,0
BRDA:73,2,1,0
BRDA:73,3,0,0
BRDA:73,3,1,0
BRDA:86,4,0,0
BRDA:86,4,1,0
BRDA:140,5,0,0
BRDA:140,5,1,0
BRDA:150,6,0,0
BRDA:150,6,1,0
BRDA:155,7,0,0
BRDA:155,7,1,0
BRDA:156,8,0,0
BRDA:156,8,1,0
BRDA:159,9,0,0
BRDA:159,9,1,0
BRDA:159,10,0,0
BRDA:159,10,1,0
BRDA:159,10,2,0
BRDA:166,11,0,0
BRDA:166,11,1,0
BRDA:167,12,0,0
BRDA:167,12,1,0
BRDA:172,13,0,0
BRDA:172,13,1,0
BRDA:172,14,0,0
BRDA:172,14,1,0
BRDA:227,15,0,0
BRDA:227,15,1,0
BRDA:238,16,0,0
BRDA:238,16,1,0
BRDA:238,17,0,0
BRDA:238,17,1,0
BRDA:240,18,0,0
BRDA:240,18,1,0
BRDA:240,19,0,0
BRDA:240,19,1,0
BRDA:253,20,0,0
BRDA:253,20,1,0
BRDA:259,21,0,0
BRDA:259,21,1,0
BRF:45
BRH:0
end_of_record
TN:
SF:src/controllers/announcementlist.controller.js
FN:19,(anonymous_0)
FN:50,(anonymous_1)
FN:125,(anonymous_2)
FN:201,(anonymous_3)
FN:278,(anonymous_4)
FN:373,(anonymous_5)
FN:469,(anonymous_6)
FNF:7
FNH:0
FNDA:0,(anonymous_0)
FNDA:0,(anonymous_1)
FNDA:0,(anonymous_2)
FNDA:0,(anonymous_3)
FNDA:0,(anonymous_4)
FNDA:0,(anonymous_5)
FNDA:0,(anonymous_6)
DA:2,0
DA:3,0
DA:4,0
DA:5,0
DA:6,0
DA:8,0
DA:16,0
DA:17,0
DA:19,0
DA:21,0
DA:22,0
DA:26,0
DA:28,0
DA:30,0
DA:34,0
DA:37,0
DA:50,0
DA:51,0
DA:52,0
DA:53,0
DA:57,0
DA:59,0
DA:61,0
DA:65,0
DA:68,0
DA:69,0
DA:75,0
DA:76,0
DA:78,0
DA:81,0
DA:84,0
DA:85,0
DA:97,0
DA:111,0
DA:125,0
DA:126,0
DA:127,0
DA:128,0
DA:132,0
DA:134,0
DA:136,0
DA:137,0
DA:141,0
DA:144,0
DA:145,0
DA:151,0
DA:152,0
DA:154,0
DA:157,0
DA:160,0
DA:161,0
DA:173,0
DA:187,0
DA:201,0
DA:202,0
DA:204,0
DA:205,0
DA:208,0
DA:209,0
DA:211,0
DA:213,0
DA:217,0
DA:220,0
DA:221,0
DA:227,0
DA:228,0
DA:230,0
DA:233,0
DA:235,0
DA:237,0
DA:249,0
DA:263,0
DA:278,0
DA:280,0
DA:281,0
DA:285,0
DA:287,0
DA:289,0
DA:293,0
DA:295,0
DA:298,0
DA:299,0
DA:300,0
DA:301,0
DA:307,0
DA:308,0
DA:310,0
DA:313,0
DA:317,0
DA:319,0
DA:321,0
DA:331,0
DA:345,0
DA:359,0
DA:373,0
DA:375,0
DA:376,0
DA:380,0
DA:382,0
DA:384,0
DA:388,0
DA:390,0
DA:393,0
DA:394,0
DA:395,0
DA:396,0
DA:402,0
DA:403,0
DA:405,0
DA:408,0
DA:412,0
DA:414,0
DA:416,0
DA:426,0
DA:440,0
DA:453,0
DA:469,0
DA:471,0
DA:472,0
DA:476,0
DA:478,0
DA:480,0
DA:484,0
DA:486,0
DA:488,0
DA:489,0
DA:490,0
DA:491,0
DA:497,0
DA:498,0
DA:500,0
DA:503,0
DA:506,0
DA:507,0
DA:509,0
DA:511,0
DA:521,0
DA:535,0
DA:549,0
LF:139
LH:0
BRDA:28,0,0,0
BRDA:28,0,1,0
BRDA:59,1,0,0
BRDA:59,1,1,0
BRDA:68,2,0,0
BRDA:68,2,1,0
BRDA:68,3,0,0
BRDA:68,3,1,0
BRDA:81,4,0,0
BRDA:81,4,1,0
BRDA:134,5,0,0
BRDA:134,5,1,0
BRDA:144,6,0,0
BRDA:144,6,1,0
BRDA:144,7,0,0
BRDA:144,7,1,0
BRDA:157,8,0,0
BRDA:157,8,1,0
BRDA:211,9,0,0
BRDA:211,9,1,0
BRDA:220,10,0,0
BRDA:220,10,1,0
BRDA:220,11,0,0
BRDA:220,11,1,0
BRDA:233,12,0,0
BRDA:233,12,1,0
BRDA:287,13,0,0
BRDA:287,13,1,0
BRDA:298,14,0,0
BRDA:298,14,1,0
BRDA:298,15,0,0
BRDA:298,15,1,0
BRDA:300,16,0,0
BRDA:300,16,1,0
BRDA:300,17,0,0
BRDA:300,17,1,0
BRDA:313,18,0,0
BRDA:313,18,1,0
BRDA:319,19,0,0
BRDA:319,19,1,0
BRDA:382,20,0,0
BRDA:382,20,1,0
BRDA:393,21,0,0
BRDA:393,21,1,0
BRDA:393,22,0,0
BRDA:393,22,1,0
BRDA:395,23,0,0
BRDA:395,23,1,0
BRDA:395,24,0,0
BRDA:395,24,1,0
BRDA:408,25,0,0
BRDA:408,25,1,0
BRDA:414,26,0,0
BRDA:414,26,1,0
BRDA:478,27,0,0
BRDA:478,27,1,0
BRDA:488,28,0,0
BRDA:488,28,1,0
BRDA:488,29,0,0
BRDA:488,29,1,0
BRDA:490,30,0,0
BRDA:490,30,1,0
BRDA:490,31,0,0
BRDA:490,31,1,0
BRDA:503,32,0,0
BRDA:503,32,1,0
BRDA:509,33,0,0
BRDA:509,33,1,0
BRF:68
BRH:0
end_of_record
TN:
SF:src/controllers/bannerlist.controller.js
FN:19,(anonymous_0)
FN:51,(anonymous_1)
FN:126,(anonymous_2)
FN:201,(anonymous_3)
FN:277,(anonymous_4)
FN:373,(anonymous_5)
FN:469,(anonymous_6)
FNF:7
FNH:0
FNDA:0,(anonymous_0)
FNDA:0,(anonymous_1)
FNDA:0,(anonymous_2)
FNDA:0,(anonymous_3)
FNDA:0,(anonymous_4)
FNDA:0,(anonymous_5)
FNDA:0,(anonymous_6)
DA:2,0
DA:3,0
DA:4,0
DA:5,0
DA:6,0
DA:8,0
DA:16,0
DA:17,0
DA:19,0
DA:21,0
DA:22,0
DA:26,0
DA:28,0
DA:30,0
DA:34,0
DA:37,0
DA:51,0
DA:52,0
DA:54,0
DA:55,0
DA:59,0
DA:61,0
DA:63,0
DA:67,0
DA:70,0
DA:71,0
DA:77,0
DA:78,0
DA:80,0
DA:83,0
DA:86,0
DA:87,0
DA:99,0
DA:112,0
DA:126,0
DA:127,0
DA:129,0
DA:130,0
DA:135,0
DA:137,0
DA:139,0
DA:143,0
DA:146,0
DA:147,0
DA:159,0
DA:162,0
DA:163,0
DA:174,0
DA:187,0
DA:201,0
DA:202,0
DA:204,0
DA:205,0
DA:209,0
DA:211,0
DA:213,0
DA:217,0
DA:220,0
DA:221,0
DA:227,0
DA:228,0
DA:230,0
DA:233,0
DA:235,0
DA:236,0
DA:237,0
DA:249,0
DA:263,0
DA:277,0
DA:279,0
DA:280,0
DA:284,0
DA:286,0
DA:288,0
DA:292,0
DA:294,0
DA:297,0
DA:298,0
DA:299,0
DA:300,0
DA:306,0
DA:307,0
DA:309,0
DA:312,0
DA:316,0
DA:318,0
DA:320,0
DA:330,0
DA:344,0
DA:357,0
DA:373,0
DA:375,0
DA:376,0
DA:380,0
DA:382,0
DA:384,0
DA:388,0
DA:390,0
DA:393,0
DA:394,0
DA:395,0
DA:396,0
DA:402,0
DA:403,0
DA:405,0
DA:408,0
DA:412,0
DA:414,0
DA:416,0
DA:426,0
DA:440,0
DA:454,0
DA:469,0
DA:471,0
DA:472,0
DA:476,0
DA:478,0
DA:480,0
DA:484,0
DA:486,0
DA:488,0
DA:489,0
DA:490,0
DA:491,0
DA:497,0
DA:498,0
DA:500,0
DA:503,0
DA:507,0
DA:509,0
DA:511,0
DA:521,0
DA:535,0
DA:548,0
LF:134
LH:0
BRDA:28,0,0,0
BRDA:28,0,1,0
BRDA:61,1,0,0
BRDA:61,1,1,0
BRDA:70,2,0,0
BRDA:70,2,1,0
BRDA:70,3,0,0
BRDA:70,3,1,0
BRDA:83,4,0,0
BRDA:83,4,1,0
BRDA:137,5,0,0
BRDA:137,5,1,0
BRDA:146,6,0,0
BRDA:146,6,1,0
BRDA:159,7,0,0
BRDA:159,7,1,0
BRDA:211,8,0,0
BRDA:211,8,1,0
BRDA:220,9,0,0
BRDA:220,9,1,0
BRDA:220,10,0,0
BRDA:220,10,1,0
BRDA:233,11,0,0
BRDA:233,11,1,0
BRDA:286,12,0,0
BRDA:286,12,1,0
BRDA:297,13,0,0
BRDA:297,13,1,0
BRDA:297,14,0,0
BRDA:297,14,1,0
BRDA:299,15,0,0
BRDA:299,15,1,0
BRDA:299,16,0,0
BRDA:299,16,1,0
BRDA:312,17,0,0
BRDA:312,17,1,0
BRDA:318,18,0,0
BRDA:318,18,1,0
BRDA:382,19,0,0
BRDA:382,19,1,0
BRDA:393,20,0,0
BRDA:393,20,1,0
BRDA:393,21,0,0
BRDA:393,21,1,0
BRDA:395,22,0,0
BRDA:395,22,1,0
BRDA:395,23,0,0
BRDA:395,23,1,0
BRDA:408,24,0,0
BRDA:408,24,1,0
BRDA:414,25,0,0
BRDA:414,25,1,0
BRDA:478,26,0,0
BRDA:478,26,1,0
BRDA:488,27,0,0
BRDA:488,27,1,0
BRDA:488,28,0,0
BRDA:488,28,1,0
BRDA:490,29,0,0
BRDA:490,29,1,0
BRDA:490,30,0,0
BRDA:490,30,1,0
BRDA:503,31,0,0
BRDA:503,31,1,0
BRDA:509,32,0,0
BRDA:509,32,1,0
BRF:66
BRH:0
end_of_record
TN:
SF:src/controllers/generallist.controller.js
FN:18,(anonymous_0)
FN:35,searchForId
FN:57,(anonymous_2)
FN:294,(anonymous_3)
FN:374,(anonymous_4)
FN:454,(anonymous_5)
FN:532,(anonymous_6)
FN:558,(anonymous_7)
FN:620,(anonymous_8)
FN:713,(anonymous_9)
FN:806,(anonymous_10)
FNF:11
FNH:0
FNDA:0,(anonymous_0)
FNDA:0,searchForId
FNDA:0,(anonymous_2)
FNDA:0,(anonymous_3)
FNDA:0,(anonymous_4)
FNDA:0,(anonymous_5)
FNDA:0,(anonymous_6)
FNDA:0,(anonymous_7)
FNDA:0,(anonymous_8)
FNDA:0,(anonymous_9)
FNDA:0,(anonymous_10)
DA:2,0
DA:3,0
DA:4,0
DA:5,0
DA:6,0
DA:7,0
DA:9,0
DA:11,0
DA:14,0
DA:15,0
DA:16,0
DA:18,0
DA:19,0
DA:22,0
DA:24,0
DA:26,0
DA:30,0
DA:39,0
DA:40,0
DA:41,0
DA:43,0
DA:45,0
DA:46,0
DA:48,0
DA:54,0
DA:57,0
DA:58,0
DA:60,0
DA:61,0
DA:65,0
DA:67,0
DA:69,0
DA:73,0
DA:76,0
DA:77,0
DA:83,0
DA:84,0
DA:86,0
DA:89,0
DA:92,0
DA:95,0
DA:101,0
DA:102,0
DA:103,0
DA:104,0
DA:105,0
DA:107,0
DA:110,0
DA:111,0
DA:112,0
DA:113,0
DA:114,0
DA:115,0
DA:116,0
DA:120,0
DA:121,0
DA:122,0
DA:124,0
DA:126,0
DA:128,0
DA:129,0
DA:132,0
DA:133,0
DA:135,0
DA:136,0
DA:137,0
DA:138,0
DA:141,0
DA:143,0
DA:145,0
DA:146,0
DA:149,0
DA:150,0
DA:152,0
DA:153,0
DA:154,0
DA:155,0
DA:160,0
DA:162,0
DA:165,0
DA:166,0
DA:168,0
DA:169,0
DA:170,0
DA:171,0
DA:176,0
DA:179,0
DA:182,0
DA:186,0
DA:188,0
DA:192,0
DA:196,0
DA:198,0
DA:204,0
DA:205,0
DA:207,0
DA:213,0
DA:214,0
DA:215,0
DA:216,0
DA:217,0
DA:219,0
DA:221,0
DA:222,0
DA:223,0
DA:224,0
DA:225,0
DA:228,0
DA:229,0
DA:231,0
DA:233,0
DA:234,0
DA:236,0
DA:238,0
DA:240,0
DA:242,0
DA:244,0
DA:248,0
DA:249,0
DA:253,0
DA:264,0
DA:278,0
DA:279,0
DA:294,0
DA:295,0
DA:297,0
DA:298,0
DA:302,0
DA:304,0
DA:306,0
DA:310,0
DA:313,0
DA:314,0
DA:320,0
DA:321,0
DA:323,0
DA:326,0
DA:328,0
DA:331,0
DA:333,0
DA:344,0
DA:358,0
DA:359,0
DA:374,0
DA:375,0
DA:377,0
DA:378,0
DA:382,0
DA:384,0
DA:386,0
DA:390,0
DA:393,0
DA:394,0
DA:400,0
DA:401,0
DA:403,0
DA:406,0
DA:408,0
DA:411,0
DA:413,0
DA:424,0
DA:438,0
DA:439,0
DA:454,0
DA:455,0
DA:457,0
DA:458,0
DA:462,0
DA:464,0
DA:466,0
DA:470,0
DA:473,0
DA:474,0
DA:480,0
DA:481,0
DA:483,0
DA:486,0
DA:488,0
DA:491,0
DA:493,0
DA:504,0
DA:518,0
DA:519,0
DA:532,0
DA:533,0
DA:535,0
DA:537,0
DA:539,0
DA:547,0
DA:550,0
DA:554,0
DA:560,0
DA:564,0
DA:565,0
DA:567,0
DA:568,0
DA:570,0
DA:571,0
DA:572,0
DA:577,0
DA:584,0
DA:592,0
DA:595,0
DA:606,0
DA:607,0
DA:620,0
DA:621,0
DA:623,0
DA:624,0
DA:628,0
DA:630,0
DA:632,0
DA:636,0
DA:639,0
DA:640,0
DA:646,0
DA:647,0
DA:649,0
DA:652,0
DA:655,0
DA:657,0
DA:659,0
DA:667,0
DA:671,0
DA:679,0
DA:684,0
DA:692,0
DA:699,0
DA:700,0
DA:713,0
DA:714,0
DA:716,0
DA:717,0
DA:721,0
DA:723,0
DA:725,0
DA:729,0
DA:732,0
DA:733,0
DA:739,0
DA:740,0
DA:742,0
DA:745,0
DA:748,0
DA:750,0
DA:752,0
DA:760,0
DA:764,0
DA:772,0
DA:777,0
DA:785,0
DA:792,0
DA:793,0
DA:806,0
DA:807,0
DA:809,0
DA:810,0
DA:814,0
DA:816,0
DA:818,0
DA:822,0
DA:825,0
DA:826,0
DA:832,0
DA:833,0
DA:835,0
DA:838,0
DA:841,0
DA:843,0
DA:845,0
DA:853,0
DA:857,0
DA:865,0
DA:870,0
DA:878,0
DA:885,0
DA:886,0
LF:277
LH:0
BRDA:24,0,0,0
BRDA:24,0,1,0
BRDA:43,1,0,0
BRDA:43,1,1,0
BRDA:46,2,0,0
BRDA:46,2,1,0
BRDA:67,3,0,0
BRDA:67,3,1,0
BRDA:76,4,0,0
BRDA:76,4,1,0
BRDA:76,5,0,0
BRDA:76,5,1,0
BRDA:89,6,0,0
BRDA:89,6,1,0
BRDA:122,7,0,0
BRDA:122,7,1,0
BRDA:124,8,0,0
BRDA:124,8,1,0
BRDA:128,9,0,0
BRDA:128,9,1,0
BRDA:132,10,0,0
BRDA:132,10,1,0
BRDA:141,11,0,0
BRDA:141,11,1,0
BRDA:145,12,0,0
BRDA:145,12,1,0
BRDA:149,13,0,0
BRDA:149,13,1,0
BRDA:160,14,0,0
BRDA:160,14,1,0
BRDA:165,15,0,0
BRDA:165,15,1,0
BRDA:179,16,0,0
BRDA:179,16,1,0
BRDA:182,17,0,0
BRDA:182,17,1,0
BRDA:186,18,0,0
BRDA:186,18,1,0
BRDA:234,19,0,0
BRDA:234,19,1,0
BRDA:238,20,0,0
BRDA:238,20,1,0
BRDA:242,21,0,0
BRDA:242,21,1,0
BRDA:304,22,0,0
BRDA:304,22,1,0
BRDA:313,23,0,0
BRDA:313,23,1,0
BRDA:313,24,0,0
BRDA:313,24,1,0
BRDA:326,25,0,0
BRDA:326,25,1,0
BRDA:384,26,0,0
BRDA:384,26,1,0
BRDA:393,27,0,0
BRDA:393,27,1,0
BRDA:393,28,0,0
BRDA:393,28,1,0
BRDA:406,29,0,0
BRDA:406,29,1,0
BRDA:464,30,0,0
BRDA:464,30,1,0
BRDA:473,31,0,0
BRDA:473,31,1,0
BRDA:473,32,0,0
BRDA:473,32,1,0
BRDA:486,33,0,0
BRDA:486,33,1,0
BRDA:537,34,0,0
BRDA:537,34,1,0
BRDA:550,35,0,0
BRDA:550,35,1,0
BRDA:550,36,0,0
BRDA:550,36,1,0
BRDA:564,37,0,0
BRDA:564,37,1,0
BRDA:565,38,0,0
BRDA:565,38,1,0
BRDA:630,39,0,0
BRDA:630,39,1,0
BRDA:639,40,0,0
BRDA:639,40,1,0
BRDA:639,41,0,0
BRDA:639,41,1,0
BRDA:652,42,0,0
BRDA:652,42,1,0
BRDA:657,43,0,0
BRDA:657,43,1,0
BRDA:723,44,0,0
BRDA:723,44,1,0
BRDA:732,45,0,0
BRDA:732,45,1,0
BRDA:732,46,0,0
BRDA:732,46,1,0
BRDA:745,47,0,0
BRDA:745,47,1,0
BRDA:750,48,0,0
BRDA:750,48,1,0
BRDA:816,49,0,0
BRDA:816,49,1,0
BRDA:825,50,0,0
BRDA:825,50,1,0
BRDA:825,51,0,0
BRDA:825,51,1,0
BRDA:838,52,0,0
BRDA:838,52,1,0
BRDA:843,53,0,0
BRDA:843,53,1,0
BRF:108
BRH:0
end_of_record
TN:
SF:src/controllers/interesttype.controller.js
FN:19,(anonymous_0)
FN:100,(anonymous_1)
FN:181,(anonymous_2)
FN:259,(anonymous_3)
FN:340,(anonymous_4)
FN:422,(anonymous_5)
FN:535,(anonymous_6)
FN:646,(anonymous_7)
FNF:8
FNH:0
FNDA:0,(anonymous_0)
FNDA:0,(anonymous_1)
FNDA:0,(anonymous_2)
FNDA:0,(anonymous_3)
FNDA:0,(anonymous_4)
FNDA:0,(anonymous_5)
FNDA:0,(anonymous_6)
FNDA:0,(anonymous_7)
DA:2,0
DA:3,0
DA:4,0
DA:5,0
DA:6,0
DA:8,0
DA:16,0
DA:17,0
DA:19,0
DA:21,0
DA:22,0
DA:24,0
DA:28,0
DA:30,0
DA:32,0
DA:36,0
DA:39,0
DA:40,0
DA:46,0
DA:47,0
DA:49,0
DA:52,0
DA:55,0
DA:57,0
DA:66,0
DA:70,0
DA:78,0
DA:84,0
DA:92,0
DA:100,0
DA:102,0
DA:103,0
DA:105,0
DA:109,0
DA:111,0
DA:113,0
DA:117,0
DA:120,0
DA:121,0
DA:127,0
DA:128,0
DA:130,0
DA:133,0
DA:136,0
DA:138,0
DA:147,0
DA:151,0
DA:159,0
DA:165,0
DA:173,0
DA:181,0
DA:183,0
DA:184,0
DA:186,0
DA:191,0
DA:192,0
DA:194,0
DA:198,0
DA:201,0
DA:202,0
DA:208,0
DA:209,0
DA:211,0
DA:214,0
DA:216,0
DA:218,0
DA:230,0
DA:243,0
DA:259,0
DA:261,0
DA:262,0
DA:264,0
DA:268,0
DA:270,0
DA:272,0
DA:276,0
DA:279,0
DA:280,0
DA:286,0
DA:287,0
DA:289,0
DA:292,0
DA:295,0
DA:297,0
DA:306,0
DA:310,0
DA:318,0
DA:324,0
DA:332,0
DA:340,0
DA:342,0
DA:343,0
DA:345,0
DA:349,0
DA:351,0
DA:353,0
DA:357,0
DA:360,0
DA:361,0
DA:367,0
DA:368,0
DA:370,0
DA:373,0
DA:376,0
DA:378,0
DA:387,0
DA:391,0
DA:399,0
DA:405,0
DA:413,0
DA:422,0
DA:424,0
DA:425,0
DA:430,0
DA:432,0
DA:434,0
DA:438,0
DA:440,0
DA:443,0
DA:444,0
DA:450,0
DA:451,0
DA:453,0
DA:456,0
DA:461,0
DA:462,0
DA:464,0
DA:466,0
DA:467,0
DA:475,0
DA:478,0
DA:480,0
DA:482,0
DA:492,0
DA:506,0
DA:519,0
DA:535,0
DA:537,0
DA:538,0
DA:542,0
DA:544,0
DA:546,0
DA:550,0
DA:552,0
DA:555,0
DA:556,0
DA:562,0
DA:563,0
DA:565,0
DA:568,0
DA:572,0
DA:573,0
DA:575,0
DA:577,0
DA:578,0
DA:586,0
DA:589,0
DA:591,0
DA:593,0
DA:603,0
DA:617,0
DA:630,0
DA:646,0
DA:648,0
DA:649,0
DA:653,0
DA:655,0
DA:657,0
DA:661,0
DA:663,0
DA:665,0
DA:666,0
DA:672,0
DA:673,0
DA:675,0
DA:678,0
DA:680,0
DA:681,0
DA:683,0
DA:685,0
DA:686,0
DA:694,0
DA:697,0
DA:699,0
DA:701,0
DA:711,0
DA:725,0
DA:738,0
LF:188
LH:0
BRDA:30,0,0,0
BRDA:30,0,1,0
BRDA:39,1,0,0
BRDA:39,1,1,0
BRDA:39,2,0,0
BRDA:39,2,1,0
BRDA:52,3,0,0
BRDA:52,3,1,0
BRDA:111,4,0,0
BRDA:111,4,1,0
BRDA:120,5,0,0
BRDA:120,5,1,0
BRDA:120,6,0,0
BRDA:120,6,1,0
BRDA:133,7,0,0
BRDA:133,7,1,0
BRDA:192,8,0,0
BRDA:192,8,1,0
BRDA:201,9,0,0
BRDA:201,9,1,0
BRDA:201,10,0,0
BRDA:201,10,1,0
BRDA:214,11,0,0
BRDA:214,11,1,0
BRDA:270,12,0,0
BRDA:270,12,1,0
BRDA:279,13,0,0
BRDA:279,13,1,0
BRDA:279,14,0,0
BRDA:279,14,1,0
BRDA:292,15,0,0
BRDA:292,15,1,0
BRDA:351,16,0,0
BRDA:351,16,1,0
BRDA:360,17,0,0
BRDA:360,17,1,0
BRDA:360,18,0,0
BRDA:360,18,1,0
BRDA:373,19,0,0
BRDA:373,19,1,0
BRDA:432,20,0,0
BRDA:432,20,1,0
BRDA:443,21,0,0
BRDA:443,21,1,0
BRDA:443,22,0,0
BRDA:443,22,1,0
BRDA:456,23,0,0
BRDA:456,23,1,0
BRDA:466,24,0,0
BRDA:466,24,1,0
BRDA:480,25,0,0
BRDA:480,25,1,0
BRDA:544,26,0,0
BRDA:544,26,1,0
BRDA:555,27,0,0
BRDA:555,27,1,0
BRDA:555,28,0,0
BRDA:555,28,1,0
BRDA:568,29,0,0
BRDA:568,29,1,0
BRDA:577,30,0,0
BRDA:577,30,1,0
BRDA:591,31,0,0
BRDA:591,31,1,0
BRDA:655,32,0,0
BRDA:655,32,1,0
BRDA:665,33,0,0
BRDA:665,33,1,0
BRDA:665,34,0,0
BRDA:665,34,1,0
BRDA:678,35,0,0
BRDA:678,35,1,0
BRDA:685,36,0,0
BRDA:685,36,1,0
BRDA:699,37,0,0
BRDA:699,37,1,0
BRF:76
BRH:0
end_of_record
TN:
SF:src/controllers/linecallback.controller.js
FN:24,(anonymous_0)
FNF:1
FNH:0
FNDA:0,(anonymous_0)
DA:2,0
DA:4,0
DA:6,0
DA:9,0
DA:16,0
DA:18,0
DA:19,0
DA:21,0
DA:22,0
DA:24,0
DA:27,0
DA:30,0
DA:33,0
LF:13
LH:0
BRF:0
BRH:0
end_of_record
TN:
SF:src/controllers/linechat.controller.js
FN:33,encodeToUTF8
FN:37,unicodeToHex
FN:45,hexToUnicode
FN:54,isUnicodeString
FN:63,isUnicodeHex
FN:71,(anonymous_5)
FN:257,(anonymous_6)
FN:447,(anonymous_7)
FN:582,(anonymous_8)
FN:703,(anonymous_9)
FN:824,(anonymous_10)
FN:1069,(anonymous_11)
FN:1236,(anonymous_12)
FN:1596,(anonymous_13)
FN:1954,(anonymous_14)
FN:2339,(anonymous_15)
FN:2725,(anonymous_16)
FN:2896,(anonymous_17)
FN:3060,(anonymous_18)
FN:3139,(anonymous_19)
FN:3280,(anonymous_20)
FN:3359,(anonymous_21)
FN:3508,(anonymous_22)
FN:3996,(anonymous_23)
FN:4090,(anonymous_24)
FN:4200,(anonymous_25)
FN:4313,(anonymous_26)
FN:4394,(anonymous_27)
FN:4473,(anonymous_28)
FN:4552,(anonymous_29)
FN:4641,(anonymous_30)
FN:4720,(anonymous_31)
FN:4799,(anonymous_32)
FN:4888,(anonymous_33)
FN:4967,(anonymous_34)
FN:5046,(anonymous_35)
FN:5125,(anonymous_36)
FN:5214,(anonymous_37)
FN:5482,(anonymous_38)
FNF:39
FNH:0
FNDA:0,encodeToUTF8
FNDA:0,unicodeToHex
FNDA:0,hexToUnicode
FNDA:0,isUnicodeString
FNDA:0,isUnicodeHex
FNDA:0,(anonymous_5)
FNDA:0,(anonymous_6)
FNDA:0,(anonymous_7)
FNDA:0,(anonymous_8)
FNDA:0,(anonymous_9)
FNDA:0,(anonymous_10)
FNDA:0,(anonymous_11)
FNDA:0,(anonymous_12)
FNDA:0,(anonymous_13)
FNDA:0,(anonymous_14)
FNDA:0,(anonymous_15)
FNDA:0,(anonymous_16)
FNDA:0,(anonymous_17)
FNDA:0,(anonymous_18)
FNDA:0,(anonymous_19)
FNDA:0,(anonymous_20)
FNDA:0,(anonymous_21)
FNDA:0,(anonymous_22)
FNDA:0,(anonymous_23)
FNDA:0,(anonymous_24)
FNDA:0,(anonymous_25)
FNDA:0,(anonymous_26)
FNDA:0,(anonymous_27)
FNDA:0,(anonymous_28)
FNDA:0,(anonymous_29)
FNDA:0,(anonymous_30)
FNDA:0,(anonymous_31)
FNDA:0,(anonymous_32)
FNDA:0,(anonymous_33)
FNDA:0,(anonymous_34)
FNDA:0,(anonymous_35)
FNDA:0,(anonymous_36)
FNDA:0,(anonymous_37)
FNDA:0,(anonymous_38)
DA:2,0
DA:3,0
DA:4,0
DA:5,0
DA:6,0
DA:7,0
DA:8,0
DA:9,0
DA:11,0
DA:12,0
DA:13,0
DA:15,0
DA:17,0
DA:18,0
DA:20,0
DA:21,0
DA:23,0
DA:24,0
DA:26,0
DA:27,0
DA:29,0
DA:30,0
DA:34,0
DA:38,0
DA:39,0
DA:40,0
DA:42,0
DA:46,0
DA:47,0
DA:48,0
DA:49,0
DA:51,0
DA:55,0
DA:56,0
DA:57,0
DA:60,0
DA:65,0
DA:68,0
DA:71,0
DA:73,0
DA:74,0
DA:76,0
DA:80,0
DA:81,0
DA:83,0
DA:87,0
DA:90,0
DA:91,0
DA:97,0
DA:98,0
DA:100,0
DA:103,0
DA:105,0
DA:106,0
DA:108,0
DA:110,0
DA:112,0
DA:120,0
DA:123,0
DA:124,0
DA:126,0
DA:134,0
DA:138,0
DA:139,0
DA:140,0
DA:141,0
DA:143,0
DA:144,0
DA:146,0
DA:154,0
DA:158,0
DA:159,0
DA:160,0
DA:161,0
DA:162,0
DA:163,0
DA:170,0
DA:171,0
DA:173,0
DA:180,0
DA:188,0
DA:192,0
DA:193,0
DA:194,0
DA:196,0
DA:203,0
DA:211,0
DA:215,0
DA:223,0
DA:232,0
DA:245,0
DA:257,0
DA:259,0
DA:260,0
DA:262,0
DA:266,0
DA:267,0
DA:269,0
DA:270,0
DA:274,0
DA:277,0
DA:278,0
DA:279,0
DA:285,0
DA:286,0
DA:288,0
DA:291,0
DA:293,0
DA:294,0
DA:296,0
DA:297,0
DA:299,0
DA:301,0
DA:309,0
DA:312,0
DA:314,0
DA:322,0
DA:325,0
DA:326,0
DA:328,0
DA:336,0
DA:340,0
DA:341,0
DA:342,0
DA:343,0
DA:346,0
DA:354,0
DA:358,0
DA:359,0
DA:360,0
DA:361,0
DA:362,0
DA:363,0
DA:364,0
DA:371,0
DA:373,0
DA:374,0
DA:377,0
DA:379,0
DA:380,0
DA:386,0
DA:388,0
DA:389,0
DA:398,0
DA:410,0
DA:418,0
DA:422,0
DA:435,0
DA:447,0
DA:449,0
DA:450,0
DA:452,0
DA:456,0
DA:457,0
DA:459,0
DA:460,0
DA:464,0
DA:467,0
DA:468,0
DA:469,0
DA:475,0
DA:476,0
DA:478,0
DA:481,0
DA:483,0
DA:484,0
DA:486,0
DA:488,0
DA:490,0
DA:498,0
DA:501,0
DA:502,0
DA:503,0
DA:505,0
DA:513,0
DA:517,0
DA:520,0
DA:521,0
DA:522,0
DA:529,0
DA:545,0
DA:553,0
DA:557,0
DA:570,0
DA:582,0
DA:584,0
DA:585,0
DA:587,0
DA:591,0
DA:592,0
DA:594,0
DA:595,0
DA:599,0
DA:602,0
DA:603,0
DA:604,0
DA:610,0
DA:611,0
DA:613,0
DA:616,0
DA:618,0
DA:619,0
DA:621,0
DA:623,0
DA:625,0
DA:633,0
DA:636,0
DA:637,0
DA:638,0
DA:640,0
DA:648,0
DA:652,0
DA:655,0
DA:656,0
DA:658,0
DA:660,0
DA:663,0
DA:664,0
DA:666,0
DA:674,0
DA:678,0
DA:691,0
DA:703,0
DA:705,0
DA:706,0
DA:708,0
DA:712,0
DA:713,0
DA:715,0
DA:716,0
DA:720,0
DA:723,0
DA:724,0
DA:725,0
DA:731,0
DA:732,0
DA:734,0
DA:737,0
DA:739,0
DA:740,0
DA:742,0
DA:744,0
DA:746,0
DA:754,0
DA:757,0
DA:758,0
DA:759,0
DA:761,0
DA:769,0
DA:773,0
DA:776,0
DA:777,0
DA:779,0
DA:781,0
DA:784,0
DA:785,0
DA:787,0
DA:795,0
DA:799,0
DA:812,0
DA:824,0
DA:826,0
DA:827,0
DA:829,0
DA:833,0
DA:834,0
DA:836,0
DA:837,0
DA:841,0
DA:844,0
DA:845,0
DA:846,0
DA:852,0
DA:853,0
DA:855,0
DA:858,0
DA:860,0
DA:861,0
DA:863,0
DA:864,0
DA:865,0
DA:867,0
DA:869,0
DA:877,0
DA:880,0
DA:882,0
DA:890,0
DA:893,0
DA:894,0
DA:895,0
DA:897,0
DA:905,0
DA:909,0
DA:912,0
DA:913,0
DA:915,0
DA:917,0
DA:920,0
DA:921,0
DA:923,0
DA:924,0
DA:925,0
DA:927,0
DA:928,0
DA:930,0
DA:931,0
DA:933,0
DA:934,0
DA:936,0
DA:937,0
DA:938,0
DA:942,0
DA:948,0
DA:949,0
DA:950,0
DA:958,0
DA:965,0
DA:973,0
DA:982,0
DA:986,0
DA:998,0
DA:999,0
DA:1001,0
DA:1018,0
DA:1020,0
DA:1028,0
DA:1037,0
DA:1044,0
DA:1057,0
DA:1069,0
DA:1071,0
DA:1072,0
DA:1074,0
DA:1078,0
DA:1079,0
DA:1081,0
DA:1082,0
DA:1086,0
DA:1089,0
DA:1090,0
DA:1091,0
DA:1097,0
DA:1098,0
DA:1100,0
DA:1103,0
DA:1105,0
DA:1106,0
DA:1108,0
DA:1109,0
DA:1111,0
DA:1113,0
DA:1121,0
DA:1124,0
DA:1126,0
DA:1134,0
DA:1137,0
DA:1138,0
DA:1139,0
DA:1141,0
DA:1149,0
DA:1153,0
DA:1156,0
DA:1157,0
DA:1159,0
DA:1161,0
DA:1164,0
DA:1166,0
DA:1173,0
DA:1174,0
DA:1176,0
DA:1192,0
DA:1195,0
DA:1196,0
DA:1198,0
DA:1206,0
DA:1210,0
DA:1218,0
DA:1224,0
DA:1236,0
DA:1238,0
DA:1239,0
DA:1241,0
DA:1245,0
DA:1246,0
DA:1248,0
DA:1249,0
DA:1253,0
DA:1256,0
DA:1257,0
DA:1258,0
DA:1264,0
DA:1265,0
DA:1267,0
DA:1270,0
DA:1272,0
DA:1273,0
DA:1275,0
DA:1276,0
DA:1277,0
DA:1279,0
DA:1281,0
DA:1289,0
DA:1292,0
DA:1294,0
DA:1302,0
DA:1305,0
DA:1307,0
DA:1315,0
DA:1318,0
DA:1319,0
DA:1320,0
DA:1322,0
DA:1330,0
DA:1334,0
DA:1337,0
DA:1338,0
DA:1340,0
DA:1342,0
DA:1346,0
DA:1347,0
DA:1348,0
DA:1350,0
DA:1351,0
DA:1354,0
DA:1356,0
DA:1357,0
DA:1359,0
DA:1361,0
DA:1373,0
DA:1385,0
DA:1386,0
DA:1390,0
DA:1391,0
DA:1393,0
DA:1396,0
DA:1411,0
DA:1428,0
DA:1438,0
DA:1439,0
DA:1442,0
DA:1444,0
DA:1463,0
DA:1464,0
DA:1467,0
DA:1469,0
DA:1470,0
DA:1472,0
DA:1474,0
DA:1475,0
DA:1476,0
DA:1478,0
DA:1479,0
DA:1484,0
DA:1485,0
DA:1488,0
DA:1490,0
DA:1491,0
DA:1493,0
DA:1496,0
DA:1497,0
DA:1499,0
DA:1507,0
DA:1509,0
DA:1511,0
DA:1512,0
DA:1514,0
DA:1517,0
DA:1525,0
DA:1532,0
DA:1554,0
DA:1555,0
DA:1558,0
DA:1567,0
DA:1571,0
DA:1584,0
DA:1596,0
DA:1598,0
DA:1599,0
DA:1601,0
DA:1605,0
DA:1606,0
DA:1608,0
DA:1609,0
DA:1613,0
DA:1616,0
DA:1617,0
DA:1618,0
DA:1624,0
DA:1625,0
DA:1627,0
DA:1630,0
DA:1632,0
DA:1633,0
DA:1635,0
DA:1636,0
DA:1637,0
DA:1638,0
DA:1640,0
DA:1642,0
DA:1650,0
DA:1653,0
DA:1655,0
DA:1663,0
DA:1666,0
DA:1668,0
DA:1676,0
DA:1679,0
DA:1680,0
DA:1681,0
DA:1683,0
DA:1691,0
DA:1695,0
DA:1699,0
DA:1700,0
DA:1701,0
DA:1703,0
DA:1704,0
DA:1707,0
DA:1709,0
DA:1710,0
DA:1712,0
DA:1714,0
DA:1726,0
DA:1738,0
DA:1739,0
DA:1743,0
DA:1744,0
DA:1746,0
DA:1749,0
DA:1763,0
DA:1782,0
DA:1792,0
DA:1793,0
DA:1796,0
DA:1799,0
DA:1805,0
DA:1822,0
DA:1823,0
DA:1826,0
DA:1828,0
DA:1829,0
DA:1838,0
DA:1839,0
DA:1842,0
DA:1844,0
DA:1845,0
DA:1847,0
DA:1850,0
DA:1858,0
DA:1860,0
DA:1862,0
DA:1863,0
DA:1865,0
DA:1868,0
DA:1876,0
DA:1883,0
DA:1884,0
DA:1886,0
DA:1888,0
DA:1891,0
DA:1913,0
DA:1914,0
DA:1916,0
DA:1925,0
DA:1929,0
DA:1942,0
DA:1954,0
DA:1956,0
DA:1957,0
DA:1959,0
DA:1963,0
DA:1964,0
DA:1966,0
DA:1967,0
DA:1971,0
DA:1974,0
DA:1975,0
DA:1976,0
DA:1982,0
DA:1983,0
DA:1985,0
DA:1988,0
DA:1990,0
DA:1991,0
DA:1993,0
DA:1994,0
DA:1995,0
DA:1996,0
DA:1998,0
DA:2000,0
DA:2008,0
DA:2011,0
DA:2013,0
DA:2021,0
DA:2024,0
DA:2026,0
DA:2034,0
DA:2037,0
DA:2039,0
DA:2047,0
DA:2050,0
DA:2051,0
DA:2052,0
DA:2054,0
DA:2062,0
DA:2066,0
DA:2070,0
DA:2071,0
DA:2072,0
DA:2074,0
DA:2075,0
DA:2078,0
DA:2080,0
DA:2081,0
DA:2083,0
DA:2085,0
DA:2097,0
DA:2108,0
DA:2109,0
DA:2113,0
DA:2114,0
DA:2116,0
DA:2119,0
DA:2134,0
DA:2151,0
DA:2161,0
DA:2162,0
DA:2166,0
DA:2175,0
DA:2177,0
DA:2194,0
DA:2195,0
DA:2196,0
DA:2198,0
DA:2201,0
DA:2202,0
DA:2205,0
DA:2207,0
DA:2208,0
DA:2217,0
DA:2218,0
DA:2221,0
DA:2223,0
DA:2224,0
DA:2226,0
DA:2229,0
DA:2237,0
DA:2239,0
DA:2241,0
DA:2242,0
DA:2244,0
DA:2247,0
DA:2255,0
DA:2262,0
DA:2263,0
DA:2266,0
DA:2268,0
DA:2269,0
DA:2271,0
DA:2273,0
DA:2276,0
DA:2298,0
DA:2299,0
DA:2301,0
DA:2310,0
DA:2314,0
DA:2327,0
DA:2339,0
DA:2341,0
DA:2342,0
DA:2344,0
DA:2348,0
DA:2349,0
DA:2351,0
DA:2352,0
DA:2356,0
DA:2359,0
DA:2360,0
DA:2361,0
DA:2367,0
DA:2368,0
DA:2370,0
DA:2373,0
DA:2375,0
DA:2376,0
DA:2378,0
DA:2379,0
DA:2380,0
DA:2381,0
DA:2383,0
DA:2385,0
DA:2393,0
DA:2396,0
DA:2398,0
DA:2406,0
DA:2409,0
DA:2411,0
DA:2419,0
DA:2422,0
DA:2424,0
DA:2432,0
DA:2435,0
DA:2436,0
DA:2437,0
DA:2439,0
DA:2447,0
DA:2451,0
DA:2455,0
DA:2456,0
DA:2457,0
DA:2459,0
DA:2460,0
DA:2463,0
DA:2465,0
DA:2466,0
DA:2468,0
DA:2470,0
DA:2482,0
DA:2493,0
DA:2494,0
DA:2498,0
DA:2499,0
DA:2501,0
DA:2504,0
DA:2520,0
DA:2537,0
DA:2547,0
DA:2548,0
DA:2552,0
DA:2561,0
DA:2563,0
DA:2580,0
DA:2581,0
DA:2582,0
DA:2584,0
DA:2587,0
DA:2588,0
DA:2591,0
DA:2593,0
DA:2594,0
DA:2603,0
DA:2604,0
DA:2607,0
DA:2609,0
DA:2610,0
DA:2612,0
DA:2615,0
DA:2623,0
DA:2625,0
DA:2627,0
DA:2628,0
DA:2630,0
DA:2633,0
DA:2641,0
DA:2648,0
DA:2649,0
DA:2652,0
DA:2654,0
DA:2655,0
DA:2657,0
DA:2659,0
DA:2662,0
DA:2684,0
DA:2685,0
DA:2687,0
DA:2696,0
DA:2700,0
DA:2713,0
DA:2725,0
DA:2727,0
DA:2728,0
DA:2730,0
DA:2734,0
DA:2735,0
DA:2737,0
DA:2738,0
DA:2742,0
DA:2745,0
DA:2746,0
DA:2747,0
DA:2753,0
DA:2754,0
DA:2756,0
DA:2759,0
DA:2761,0
DA:2762,0
DA:2764,0
DA:2765,0
DA:2767,0
DA:2769,0
DA:2777,0
DA:2780,0
DA:2782,0
DA:2790,0
DA:2794,0
DA:2795,0
DA:2796,0
DA:2798,0
DA:2806,0
DA:2810,0
DA:2813,0
DA:2814,0
DA:2816,0
DA:2817,0
DA:2819,0
DA:2821,0
DA:2824,0
DA:2826,0
DA:2827,0
DA:2829,0
DA:2831,0
DA:2844,0
DA:2859,0
DA:2867,0
DA:2871,0
DA:2884,0
DA:2896,0
DA:2898,0
DA:2899,0
DA:2901,0
DA:2905,0
DA:2906,0
DA:2908,0
DA:2909,0
DA:2913,0
DA:2916,0
DA:2917,0
DA:2918,0
DA:2924,0
DA:2925,0
DA:2927,0
DA:2930,0
DA:2932,0
DA:2933,0
DA:2935,0
DA:2936,0
DA:2938,0
DA:2940,0
DA:2948,0
DA:2951,0
DA:2953,0
DA:2961,0
DA:2964,0
DA:2965,0
DA:2966,0
DA:2968,0
DA:2976,0
DA:2980,0
DA:2983,0
DA:2984,0
DA:2985,0
DA:2989,0
DA:2990,0
DA:2992,0
DA:3000,0
DA:3002,0
DA:3004,0
DA:3012,0
DA:3016,0
DA:3019,0
DA:3021,0
DA:3023,0
DA:3031,0
DA:3035,0
DA:3048,0
DA:3060,0
DA:3062,0
DA:3063,0
DA:3065,0
DA:3069,0
DA:3070,0
DA:3072,0
DA:3073,0
DA:3077,0
DA:3080,0
DA:3081,0
DA:3082,0
DA:3088,0
DA:3089,0
DA:3091,0
DA:3094,0
DA:3096,0
DA:3097,0
DA:3099,0
DA:3100,0
DA:3108,0
DA:3112,0
DA:3125,0
DA:3139,0
DA:3141,0
DA:3142,0
DA:3144,0
DA:3148,0
DA:3149,0
DA:3151,0
DA:3152,0
DA:3156,0
DA:3159,0
DA:3160,0
DA:3161,0
DA:3167,0
DA:3168,0
DA:3170,0
DA:3173,0
DA:3175,0
DA:3176,0
DA:3178,0
DA:3179,0
DA:3180,0
DA:3182,0
DA:3184,0
DA:3192,0
DA:3195,0
DA:3197,0
DA:3205,0
DA:3208,0
DA:3209,0
DA:3210,0
DA:3212,0
DA:3220,0
DA:3224,0
DA:3227,0
DA:3228,0
DA:3230,0
DA:3238,0
DA:3242,0
DA:3255,0
DA:3268,0
DA:3280,0
DA:3282,0
DA:3283,0
DA:3285,0
DA:3289,0
DA:3290,0
DA:3292,0
DA:3293,0
DA:3297,0
DA:3300,0
DA:3301,0
DA:3302,0
DA:3308,0
DA:3309,0
DA:3311,0
DA:3314,0
DA:3316,0
DA:3317,0
DA:3319,0
DA:3320,0
DA:3328,0
DA:3332,0
DA:3345,0
DA:3359,0
DA:3361,0
DA:3362,0
DA:3364,0
DA:3368,0
DA:3369,0
DA:3371,0
DA:3372,0
DA:3376,0
DA:3379,0
DA:3380,0
DA:3381,0
DA:3387,0
DA:3388,0
DA:3390,0
DA:3393,0
DA:3395,0
DA:3396,0
DA:3398,0
DA:3399,0
DA:3400,0
DA:3401,0
DA:3403,0
DA:3405,0
DA:3413,0
DA:3416,0
DA:3418,0
DA:3426,0
DA:3429,0
DA:3430,0
DA:3431,0
DA:3433,0
DA:3441,0
DA:3445,0
DA:3448,0
DA:3456,0
DA:3458,0
DA:3466,0
DA:3470,0
DA:3483,0
DA:3496,0
DA:3508,0
DA:3510,0
DA:3511,0
DA:3513,0
DA:3517,0
DA:3518,0
DA:3520,0
DA:3521,0
DA:3525,0
DA:3528,0
DA:3529,0
DA:3530,0
DA:3536,0
DA:3537,0
DA:3539,0
DA:3542,0
DA:3544,0
DA:3545,0
DA:3547,0
DA:3548,0
DA:3550,0
DA:3552,0
DA:3560,0
DA:3563,0
DA:3565,0
DA:3573,0
DA:3576,0
DA:3577,0
DA:3578,0
DA:3580,0
DA:3588,0
DA:3592,0
DA:3595,0
DA:3596,0
DA:3597,0
DA:3599,0
DA:3601,0
DA:3609,0
DA:3613,0
DA:3621,0
DA:3628,0
DA:3639,0
DA:3645,0
DA:3647,0
DA:3648,0
DA:3649,0
DA:3650,0
DA:3652,0
DA:3655,0
DA:3658,0
DA:3660,0
DA:3662,0
DA:3663,0
DA:3664,0
DA:3666,0
DA:3667,0
DA:3668,0
DA:3670,0
DA:3671,0
DA:3673,0
DA:3677,0
DA:3680,0
DA:3682,0
DA:3684,0
DA:3685,0
DA:3686,0
DA:3687,0
DA:3691,0
DA:3692,0
DA:3694,0
DA:3695,0
DA:3697,0
DA:3699,0
DA:3701,0
DA:3703,0
DA:3704,0
DA:3705,0
DA:3707,0
DA:3709,0
DA:3710,0
DA:3712,0
DA:3716,0
DA:3722,0
DA:3725,0
DA:3727,0
DA:3729,0
DA:3730,0
DA:3731,0
DA:3733,0
DA:3734,0
DA:3735,0
DA:3736,0
DA:3737,0
DA:3740,0
DA:3743,0
DA:3756,0
DA:3757,0
DA:3759,0
DA:3760,0
DA:3763,0
DA:3764,0
DA:3766,0
DA:3767,0
DA:3770,0
DA:3778,0
DA:3780,0
DA:3781,0
DA:3783,0
DA:3791,0
DA:3799,0
DA:3802,0
DA:3809,0
DA:3811,0
DA:3812,0
DA:3813,0
DA:3821,0
DA:3829,0
DA:3833,0
DA:3841,0
DA:3849,0
DA:3855,0
DA:3866,0
DA:3874,0
DA:3879,0
DA:3890,0
DA:3898,0
DA:3903,0
DA:3911,0
DA:3917,0
DA:3925,0
DA:3931,0
DA:3939,0
DA:3947,0
DA:3955,0
DA:3959,0
DA:3967,0
DA:3971,0
DA:3984,0
DA:3996,0
DA:3998,0
DA:3999,0
DA:4001,0
DA:4005,0
DA:4006,0
DA:4008,0
DA:4009,0
DA:4013,0
DA:4016,0
DA:4017,0
DA:4018,0
DA:4024,0
DA:4025,0
DA:4027,0
DA:4030,0
DA:4032,0
DA:4033,0
DA:4035,0
DA:4036,0
DA:4038,0
DA:4046,0
DA:4050,0
DA:4063,0
DA:4076,0
DA:4090,0
DA:4092,0
DA:4093,0
DA:4095,0
DA:4099,0
DA:4100,0
DA:4102,0
DA:4103,0
DA:4107,0
DA:4110,0
DA:4111,0
DA:4112,0
DA:4118,0
DA:4119,0
DA:4121,0
DA:4124,0
DA:4126,0
DA:4127,0
DA:4129,0
DA:4131,0
DA:4133,0
DA:4134,0
DA:4136,0
DA:4144,0
DA:4148,0
DA:4160,0
DA:4173,0
DA:4186,0
DA:4200,0
DA:4202,0
DA:4203,0
DA:4205,0
DA:4209,0
DA:4210,0
DA:4212,0
DA:4213,0
DA:4217,0
DA:4220,0
DA:4221,0
DA:4222,0
DA:4228,0
DA:4229,0
DA:4231,0
DA:4234,0
DA:4236,0
DA:4237,0
DA:4239,0
DA:4241,0
DA:4243,0
DA:4253,0
DA:4254,0
DA:4256,0
DA:4258,0
DA:4259,0
DA:4267,0
DA:4271,0
DA:4272,0
DA:4280,0
DA:4286,0
DA:4299,0
DA:4313,0
DA:4315,0
DA:4316,0
DA:4318,0
DA:4322,0
DA:4323,0
DA:4325,0
DA:4326,0
DA:4330,0
DA:4333,0
DA:4334,0
DA:4335,0
DA:4341,0
DA:4342,0
DA:4344,0
DA:4347,0
DA:4349,0
DA:4350,0
DA:4352,0
DA:4354,0
DA:4355,0
DA:4363,0
DA:4367,0
DA:4380,0
DA:4394,0
DA:4396,0
DA:4397,0
DA:4399,0
DA:4403,0
DA:4404,0
DA:4406,0
DA:4407,0
DA:4411,0
DA:4414,0
DA:4415,0
DA:4416,0
DA:4422,0
DA:4423,0
DA:4425,0
DA:4428,0
DA:4430,0
DA:4431,0
DA:4433,0
DA:4434,0
DA:4442,0
DA:4446,0
DA:4459,0
DA:4473,0
DA:4475,0
DA:4476,0
DA:4478,0
DA:4482,0
DA:4483,0
DA:4485,0
DA:4486,0
DA:4490,0
DA:4493,0
DA:4494,0
DA:4495,0
DA:4501,0
DA:4502,0
DA:4504,0
DA:4507,0
DA:4509,0
DA:4510,0
DA:4512,0
DA:4513,0
DA:4521,0
DA:4525,0
DA:4538,0
DA:4552,0
DA:4554,0
DA:4555,0
DA:4560,0
DA:4561,0
DA:4563,0
DA:4567,0
DA:4569,0
DA:4571,0
DA:4572,0
DA:4578,0
DA:4579,0
DA:4581,0
DA:4584,0
DA:4588,0
DA:4590,0
DA:4592,0
DA:4602,0
DA:4616,0
DA:4629,0
DA:4641,0
DA:4643,0
DA:4644,0
DA:4646,0
DA:4650,0
DA:4651,0
DA:4653,0
DA:4654,0
DA:4658,0
DA:4661,0
DA:4662,0
DA:4663,0
DA:4669,0
DA:4670,0
DA:4672,0
DA:4675,0
DA:4677,0
DA:4678,0
DA:4680,0
DA:4681,0
DA:4689,0
DA:4693,0
DA:4706,0
DA:4720,0
DA:4722,0
DA:4723,0
DA:4725,0
DA:4729,0
DA:4730,0
DA:4732,0
DA:4733,0
DA:4737,0
DA:4740,0
DA:4741,0
DA:4742,0
DA:4748,0
DA:4749,0
DA:4751,0
DA:4754,0
DA:4756,0
DA:4757,0
DA:4759,0
DA:4760,0
DA:4768,0
DA:4772,0
DA:4785,0
DA:4799,0
DA:4801,0
DA:4802,0
DA:4807,0
DA:4808,0
DA:4810,0
DA:4814,0
DA:4816,0
DA:4818,0
DA:4819,0
DA:4825,0
DA:4826,0
DA:4828,0
DA:4831,0
DA:4834,0
DA:4835,0
DA:4837,0
DA:4839,0
DA:4849,0
DA:4863,0
DA:4876,0
DA:4888,0
DA:4890,0
DA:4891,0
DA:4893,0
DA:4897,0
DA:4898,0
DA:4900,0
DA:4901,0
DA:4905,0
DA:4908,0
DA:4909,0
DA:4910,0
DA:4916,0
DA:4917,0
DA:4919,0
DA:4922,0
DA:4924,0
DA:4925,0
DA:4927,0
DA:4928,0
DA:4936,0
DA:4940,0
DA:4953,0
DA:4967,0
DA:4969,0
DA:4970,0
DA:4972,0
DA:4976,0
DA:4977,0
DA:4979,0
DA:4980,0
DA:4984,0
DA:4987,0
DA:4988,0
DA:4989,0
DA:4995,0
DA:4996,0
DA:4998,0
DA:5001,0
DA:5003,0
DA:5004,0
DA:5006,0
DA:5007,0
DA:5015,0
DA:5019,0
DA:5032,0
DA:5046,0
DA:5048,0
DA:5049,0
DA:5051,0
DA:5055,0
DA:5056,0
DA:5058,0
DA:5059,0
DA:5063,0
DA:5066,0
DA:5067,0
DA:5068,0
DA:5074,0
DA:5075,0
DA:5077,0
DA:5080,0
DA:5082,0
DA:5083,0
DA:5085,0
DA:5086,0
DA:5094,0
DA:5098,0
DA:5111,0
DA:5125,0
DA:5127,0
DA:5128,0
DA:5133,0
DA:5134,0
DA:5136,0
DA:5140,0
DA:5142,0
DA:5144,0
DA:5145,0
DA:5151,0
DA:5152,0
DA:5154,0
DA:5157,0
DA:5160,0
DA:5161,0
DA:5163,0
DA:5165,0
DA:5175,0
DA:5189,0
DA:5202,0
DA:5214,0
DA:5216,0
DA:5217,0
DA:5219,0
DA:5221,0
DA:5222,0
DA:5224,0
DA:5225,0
DA:5229,0
DA:5232,0
DA:5233,0
DA:5234,0
DA:5240,0
DA:5241,0
DA:5243,0
DA:5246,0
DA:5248,0
DA:5249,0
DA:5251,0
DA:5252,0
DA:5254,0
DA:5256,0
DA:5264,0
DA:5267,0
DA:5269,0
DA:5277,0
DA:5280,0
DA:5281,0
DA:5282,0
DA:5284,0
DA:5292,0
DA:5296,0
DA:5299,0
DA:5300,0
DA:5302,0
DA:5304,0
DA:5307,0
DA:5309,0
DA:5310,0
DA:5312,0
DA:5313,0
DA:5315,0
DA:5318,0
DA:5330,0
DA:5342,0
DA:5343,0
DA:5345,0
DA:5347,0
DA:5369,0
DA:5372,0
DA:5382,0
DA:5384,0
DA:5407,0
DA:5419,0
DA:5420,0
DA:5422,0
DA:5424,0
DA:5444,0
DA:5452,0
DA:5456,0
DA:5464,0
DA:5470,0
DA:5482,0
DA:5484,0
DA:5485,0
DA:5487,0
DA:5489,0
DA:5490,0
DA:5492,0
DA:5493,0
DA:5497,0
DA:5500,0
DA:5501,0
DA:5502,0
DA:5508,0
DA:5509,0
DA:5511,0
DA:5514,0
DA:5516,0
DA:5517,0
DA:5519,0
DA:5521,0
DA:5523,0
DA:5531,0
DA:5534,0
DA:5535,0
DA:5536,0
DA:5538,0
DA:5546,0
DA:5550,0
DA:5553,0
DA:5554,0
DA:5556,0
DA:5558,0
DA:5561,0
DA:5563,0
DA:5565,0
DA:5573,0
DA:5577,0
DA:5585,0
DA:5591,0
LF:1563
LH:0
BRDA:56,0,0,0
BRDA:56,0,1,0
BRDA:81,1,0,0
BRDA:81,1,1,0
BRDA:90,2,0,0
BRDA:90,2,1,0
BRDA:90,3,0,0
BRDA:90,3,1,0
BRDA:103,4,0,0
BRDA:103,4,1,0
BRDA:108,5,0,0
BRDA:108,5,1,0
BRDA:110,6,0,0
BRDA:110,6,1,0
BRDA:124,7,0,0
BRDA:124,7,1,0
BRDA:141,8,0,0
BRDA:141,8,1,0
BRDA:158,9,0,0
BRDA:158,9,1,0
BRDA:159,10,0,0
BRDA:159,10,1,0
BRDA:160,11,0,0
BRDA:160,11,1,0
BRDA:161,12,0,0
BRDA:161,12,1,0
BRDA:171,13,0,0
BRDA:171,13,1,0
BRDA:194,14,0,0
BRDA:194,14,1,0
BRDA:267,15,0,0
BRDA:267,15,1,0
BRDA:277,16,0,0
BRDA:277,16,1,0
BRDA:277,17,0,0
BRDA:277,17,1,0
BRDA:291,18,0,0
BRDA:291,18,1,0
BRDA:296,19,0,0
BRDA:296,19,1,0
BRDA:297,20,0,0
BRDA:297,20,1,0
BRDA:299,21,0,0
BRDA:299,21,1,0
BRDA:312,22,0,0
BRDA:312,22,1,0
BRDA:326,23,0,0
BRDA:326,23,1,0
BRDA:343,24,0,0
BRDA:343,24,1,0
BRDA:360,25,0,0
BRDA:360,25,1,0
BRDA:361,26,0,0
BRDA:361,26,1,0
BRDA:362,27,0,0
BRDA:362,27,1,0
BRDA:363,28,0,0
BRDA:363,28,1,0
BRDA:364,29,0,0
BRDA:364,29,1,0
BRDA:371,30,0,0
BRDA:371,30,1,0
BRDA:371,31,0,0
BRDA:371,31,1,0
BRDA:374,32,0,0
BRDA:374,32,1,0
BRDA:377,33,0,0
BRDA:377,33,1,0
BRDA:386,34,0,0
BRDA:386,34,1,0
BRDA:457,35,0,0
BRDA:457,35,1,0
BRDA:467,36,0,0
BRDA:467,36,1,0
BRDA:467,37,0,0
BRDA:467,37,1,0
BRDA:481,38,0,0
BRDA:481,38,1,0
BRDA:486,39,0,0
BRDA:486,39,1,0
BRDA:488,40,0,0
BRDA:488,40,1,0
BRDA:503,41,0,0
BRDA:503,41,1,0
BRDA:537,42,0,0
BRDA:537,42,1,0
BRDA:538,43,0,0
BRDA:538,43,1,0
BRDA:539,44,0,0
BRDA:539,44,1,0
BRDA:540,45,0,0
BRDA:540,45,1,0
BRDA:592,46,0,0
BRDA:592,46,1,0
BRDA:602,47,0,0
BRDA:602,47,1,0
BRDA:602,48,0,0
BRDA:602,48,1,0
BRDA:616,49,0,0
BRDA:616,49,1,0
BRDA:621,50,0,0
BRDA:621,50,1,0
BRDA:623,51,0,0
BRDA:623,51,1,0
BRDA:638,52,0,0
BRDA:638,52,1,0
BRDA:658,53,0,0
BRDA:658,53,1,0
BRDA:713,54,0,0
BRDA:713,54,1,0
BRDA:723,55,0,0
BRDA:723,55,1,0
BRDA:723,56,0,0
BRDA:723,56,1,0
BRDA:737,57,0,0
BRDA:737,57,1,0
BRDA:742,58,0,0
BRDA:742,58,1,0
BRDA:744,59,0,0
BRDA:744,59,1,0
BRDA:759,60,0,0
BRDA:759,60,1,0
BRDA:779,61,0,0
BRDA:779,61,1,0
BRDA:834,62,0,0
BRDA:834,62,1,0
BRDA:844,63,0,0
BRDA:844,63,1,0
BRDA:844,64,0,0
BRDA:844,64,1,0
BRDA:858,65,0,0
BRDA:858,65,1,0
BRDA:863,66,0,0
BRDA:863,66,1,0
BRDA:864,67,0,0
BRDA:864,67,1,0
BRDA:865,68,0,0
BRDA:865,68,1,0
BRDA:867,69,0,0
BRDA:867,69,1,0
BRDA:880,70,0,0
BRDA:880,70,1,0
BRDA:895,71,0,0
BRDA:895,71,1,0
BRDA:915,72,0,0
BRDA:915,72,1,0
BRDA:925,73,0,0
BRDA:925,73,1,0
BRDA:928,74,0,0
BRDA:928,74,1,0
BRDA:931,75,0,0
BRDA:931,75,1,0
BRDA:934,76,0,0
BRDA:934,76,1,0
BRDA:937,77,0,0
BRDA:937,77,1,0
BRDA:938,78,0,0
BRDA:938,78,1,0
BRDA:942,79,0,0
BRDA:942,79,1,0
BRDA:1079,80,0,0
BRDA:1079,80,1,0
BRDA:1089,81,0,0
BRDA:1089,81,1,0
BRDA:1089,82,0,0
BRDA:1089,82,1,0
BRDA:1103,83,0,0
BRDA:1103,83,1,0
BRDA:1108,84,0,0
BRDA:1108,84,1,0
BRDA:1109,85,0,0
BRDA:1109,85,1,0
BRDA:1111,86,0,0
BRDA:1111,86,1,0
BRDA:1124,87,0,0
BRDA:1124,87,1,0
BRDA:1139,88,0,0
BRDA:1139,88,1,0
BRDA:1159,89,0,0
BRDA:1159,89,1,0
BRDA:1173,90,0,0
BRDA:1173,90,1,0
BRDA:1246,91,0,0
BRDA:1246,91,1,0
BRDA:1256,92,0,0
BRDA:1256,92,1,0
BRDA:1256,93,0,0
BRDA:1256,93,1,0
BRDA:1270,94,0,0
BRDA:1270,94,1,0
BRDA:1275,95,0,0
BRDA:1275,95,1,0
BRDA:1276,96,0,0
BRDA:1276,96,1,0
BRDA:1277,97,0,0
BRDA:1277,97,1,0
BRDA:1279,98,0,0
BRDA:1279,98,1,0
BRDA:1292,99,0,0
BRDA:1292,99,1,0
BRDA:1305,100,0,0
BRDA:1305,100,1,0
BRDA:1320,101,0,0
BRDA:1320,101,1,0
BRDA:1340,102,0,0
BRDA:1340,102,1,0
BRDA:1351,103,0,0
BRDA:1351,103,1,0
BRDA:1354,104,0,0
BRDA:1354,104,1,0
BRDA:1359,105,0,0
BRDA:1359,105,1,0
BRDA:1393,106,0,0
BRDA:1393,106,1,0
BRDA:1393,107,0,0
BRDA:1393,107,1,0
BRDA:1467,108,0,0
BRDA:1467,108,1,0
BRDA:1472,109,0,0
BRDA:1472,109,1,0
BRDA:1476,110,0,0
BRDA:1476,110,1,0
BRDA:1488,111,0,0
BRDA:1488,111,1,0
BRDA:1491,112,0,0
BRDA:1491,112,1,0
BRDA:1509,113,0,0
BRDA:1509,113,1,0
BRDA:1512,114,0,0
BRDA:1512,114,1,0
BRDA:1606,115,0,0
BRDA:1606,115,1,0
BRDA:1616,116,0,0
BRDA:1616,116,1,0
BRDA:1616,117,0,0
BRDA:1616,117,1,0
BRDA:1630,118,0,0
BRDA:1630,118,1,0
BRDA:1635,119,0,0
BRDA:1635,119,1,0
BRDA:1636,120,0,0
BRDA:1636,120,1,0
BRDA:1637,121,0,0
BRDA:1637,121,1,0
BRDA:1638,122,0,0
BRDA:1638,122,1,0
BRDA:1640,123,0,0
BRDA:1640,123,1,0
BRDA:1653,124,0,0
BRDA:1653,124,1,0
BRDA:1666,125,0,0
BRDA:1666,125,1,0
BRDA:1681,126,0,0
BRDA:1681,126,1,0
BRDA:1704,127,0,0
BRDA:1704,127,1,0
BRDA:1707,128,0,0
BRDA:1707,128,1,0
BRDA:1712,129,0,0
BRDA:1712,129,1,0
BRDA:1746,130,0,0
BRDA:1746,130,1,0
BRDA:1746,131,0,0
BRDA:1746,131,1,0
BRDA:1826,132,0,0
BRDA:1826,132,1,0
BRDA:1842,133,0,0
BRDA:1842,133,1,0
BRDA:1845,134,0,0
BRDA:1845,134,1,0
BRDA:1860,135,0,0
BRDA:1860,135,1,0
BRDA:1863,136,0,0
BRDA:1863,136,1,0
BRDA:1886,137,0,0
BRDA:1886,137,1,0
BRDA:1964,138,0,0
BRDA:1964,138,1,0
BRDA:1974,139,0,0
BRDA:1974,139,1,0
BRDA:1974,140,0,0
BRDA:1974,140,1,0
BRDA:1988,141,0,0
BRDA:1988,141,1,0
BRDA:1993,142,0,0
BRDA:1993,142,1,0
BRDA:1994,143,0,0
BRDA:1994,143,1,0
BRDA:1995,144,0,0
BRDA:1995,144,1,0
BRDA:1996,145,0,0
BRDA:1996,145,1,0
BRDA:1998,146,0,0
BRDA:1998,146,1,0
BRDA:2011,147,0,0
BRDA:2011,147,1,0
BRDA:2024,148,0,0
BRDA:2024,148,1,0
BRDA:2037,149,0,0
BRDA:2037,149,1,0
BRDA:2052,150,0,0
BRDA:2052,150,1,0
BRDA:2075,151,0,0
BRDA:2075,151,1,0
BRDA:2078,152,0,0
BRDA:2078,152,1,0
BRDA:2083,153,0,0
BRDA:2083,153,1,0
BRDA:2116,154,0,0
BRDA:2116,154,1,0
BRDA:2116,155,0,0
BRDA:2116,155,1,0
BRDA:2196,156,0,0
BRDA:2196,156,1,0
BRDA:2205,157,0,0
BRDA:2205,157,1,0
BRDA:2221,158,0,0
BRDA:2221,158,1,0
BRDA:2224,159,0,0
BRDA:2224,159,1,0
BRDA:2239,160,0,0
BRDA:2239,160,1,0
BRDA:2242,161,0,0
BRDA:2242,161,1,0
BRDA:2271,162,0,0
BRDA:2271,162,1,0
BRDA:2349,163,0,0
BRDA:2349,163,1,0
BRDA:2359,164,0,0
BRDA:2359,164,1,0
BRDA:2359,165,0,0
BRDA:2359,165,1,0
BRDA:2373,166,0,0
BRDA:2373,166,1,0
BRDA:2378,167,0,0
BRDA:2378,167,1,0
BRDA:2379,168,0,0
BRDA:2379,168,1,0
BRDA:2380,169,0,0
BRDA:2380,169,1,0
BRDA:2381,170,0,0
BRDA:2381,170,1,0
BRDA:2383,171,0,0
BRDA:2383,171,1,0
BRDA:2396,172,0,0
BRDA:2396,172,1,0
BRDA:2409,173,0,0
BRDA:2409,173,1,0
BRDA:2422,174,0,0
BRDA:2422,174,1,0
BRDA:2437,175,0,0
BRDA:2437,175,1,0
BRDA:2460,176,0,0
BRDA:2460,176,1,0
BRDA:2463,177,0,0
BRDA:2463,177,1,0
BRDA:2468,178,0,0
BRDA:2468,178,1,0
BRDA:2501,179,0,0
BRDA:2501,179,1,0
BRDA:2501,180,0,0
BRDA:2501,180,1,0
BRDA:2582,181,0,0
BRDA:2582,181,1,0
BRDA:2591,182,0,0
BRDA:2591,182,1,0
BRDA:2607,183,0,0
BRDA:2607,183,1,0
BRDA:2610,184,0,0
BRDA:2610,184,1,0
BRDA:2625,185,0,0
BRDA:2625,185,1,0
BRDA:2628,186,0,0
BRDA:2628,186,1,0
BRDA:2657,187,0,0
BRDA:2657,187,1,0
BRDA:2735,188,0,0
BRDA:2735,188,1,0
BRDA:2745,189,0,0
BRDA:2745,189,1,0
BRDA:2745,190,0,0
BRDA:2745,190,1,0
BRDA:2759,191,0,0
BRDA:2759,191,1,0
BRDA:2764,192,0,0
BRDA:2764,192,1,0
BRDA:2765,193,0,0
BRDA:2765,193,1,0
BRDA:2767,194,0,0
BRDA:2767,194,1,0
BRDA:2780,195,0,0
BRDA:2780,195,1,0
BRDA:2796,196,0,0
BRDA:2796,196,1,0
BRDA:2819,197,0,0
BRDA:2819,197,1,0
BRDA:2827,198,0,0
BRDA:2827,198,1,0
BRDA:2829,199,0,0
BRDA:2829,199,1,0
BRDA:2906,200,0,0
BRDA:2906,200,1,0
BRDA:2916,201,0,0
BRDA:2916,201,1,0
BRDA:2916,202,0,0
BRDA:2916,202,1,0
BRDA:2930,203,0,0
BRDA:2930,203,1,0
BRDA:2935,204,0,0
BRDA:2935,204,1,0
BRDA:2936,205,0,0
BRDA:2936,205,1,0
BRDA:2938,206,0,0
BRDA:2938,206,1,0
BRDA:2951,207,0,0
BRDA:2951,207,1,0
BRDA:2966,208,0,0
BRDA:2966,208,1,0
BRDA:2990,209,0,0
BRDA:2990,209,1,0
BRDA:3002,210,0,0
BRDA:3002,210,1,0
BRDA:3070,211,0,0
BRDA:3070,211,1,0
BRDA:3080,212,0,0
BRDA:3080,212,1,0
BRDA:3080,213,0,0
BRDA:3080,213,1,0
BRDA:3094,214,0,0
BRDA:3094,214,1,0
BRDA:3149,215,0,0
BRDA:3149,215,1,0
BRDA:3159,216,0,0
BRDA:3159,216,1,0
BRDA:3159,217,0,0
BRDA:3159,217,1,0
BRDA:3173,218,0,0
BRDA:3173,218,1,0
BRDA:3178,219,0,0
BRDA:3178,219,1,0
BRDA:3179,220,0,0
BRDA:3179,220,1,0
BRDA:3180,221,0,0
BRDA:3180,221,1,0
BRDA:3182,222,0,0
BRDA:3182,222,1,0
BRDA:3195,223,0,0
BRDA:3195,223,1,0
BRDA:3210,224,0,0
BRDA:3210,224,1,0
BRDA:3228,225,0,0
BRDA:3228,225,1,0
BRDA:3290,226,0,0
BRDA:3290,226,1,0
BRDA:3300,227,0,0
BRDA:3300,227,1,0
BRDA:3300,228,0,0
BRDA:3300,228,1,0
BRDA:3314,229,0,0
BRDA:3314,229,1,0
BRDA:3369,230,0,0
BRDA:3369,230,1,0
BRDA:3379,231,0,0
BRDA:3379,231,1,0
BRDA:3379,232,0,0
BRDA:3379,232,1,0
BRDA:3393,233,0,0
BRDA:3393,233,1,0
BRDA:3398,234,0,0
BRDA:3398,234,1,0
BRDA:3399,235,0,0
BRDA:3399,235,1,0
BRDA:3400,236,0,0
BRDA:3400,236,1,0
BRDA:3401,237,0,0
BRDA:3401,237,1,0
BRDA:3403,238,0,0
BRDA:3403,238,1,0
BRDA:3416,239,0,0
BRDA:3416,239,1,0
BRDA:3431,240,0,0
BRDA:3431,240,1,0
BRDA:3456,241,0,0
BRDA:3456,241,1,0
BRDA:3518,242,0,0
BRDA:3518,242,1,0
BRDA:3528,243,0,0
BRDA:3528,243,1,0
BRDA:3528,244,0,0
BRDA:3528,244,1,0
BRDA:3542,245,0,0
BRDA:3542,245,1,0
BRDA:3547,246,0,0
BRDA:3547,246,1,0
BRDA:3548,247,0,0
BRDA:3548,247,1,0
BRDA:3550,248,0,0
BRDA:3550,248,1,0
BRDA:3563,249,0,0
BRDA:3563,249,1,0
BRDA:3578,250,0,0
BRDA:3578,250,1,0
BRDA:3595,251,0,0
BRDA:3595,251,1,0
BRDA:3597,252,0,0
BRDA:3597,252,1,0
BRDA:3599,253,0,0
BRDA:3599,253,1,0
BRDA:3645,254,0,0
BRDA:3645,254,1,0
BRDA:3658,255,0,0
BRDA:3658,255,1,0
BRDA:3660,256,0,0
BRDA:3660,256,1,0
BRDA:3663,257,0,0
BRDA:3663,257,1,0
BRDA:3664,258,0,0
BRDA:3664,258,1,0
BRDA:3671,259,0,0
BRDA:3671,259,1,0
BRDA:3680,260,0,0
BRDA:3680,260,1,0
BRDA:3680,261,0,0
BRDA:3680,261,1,0
BRDA:3682,262,0,0
BRDA:3682,262,1,0
BRDA:3682,263,0,0
BRDA:3682,263,1,0
BRDA:3684,264,0,0
BRDA:3684,264,1,0
BRDA:3694,265,0,0
BRDA:3694,265,1,0
BRDA:3695,266,0,0
BRDA:3695,266,1,0
BRDA:3701,267,0,0
BRDA:3701,267,1,0
BRDA:3705,268,0,0
BRDA:3705,268,1,0
BRDA:3705,269,0,0
BRDA:3705,269,1,0
BRDA:3707,270,0,0
BRDA:3707,270,1,0
BRDA:3727,271,0,0
BRDA:3727,271,1,0
BRDA:3731,272,0,0
BRDA:3731,272,1,0
BRDA:3734,273,0,0
BRDA:3734,273,1,0
BRDA:3735,274,0,0
BRDA:3735,274,1,0
BRDA:3740,275,0,0
BRDA:3740,275,1,0
BRDA:3759,276,0,0
BRDA:3759,276,1,0
BRDA:3766,277,0,0
BRDA:3766,277,1,0
BRDA:3778,278,0,0
BRDA:3778,278,1,0
BRDA:3809,279,0,0
BRDA:3809,279,1,0
BRDA:4006,280,0,0
BRDA:4006,280,1,0
BRDA:4016,281,0,0
BRDA:4016,281,1,0
BRDA:4016,282,0,0
BRDA:4016,282,1,0
BRDA:4030,283,0,0
BRDA:4030,283,1,0
BRDA:4036,284,0,0
BRDA:4036,284,1,0
BRDA:4100,285,0,0
BRDA:4100,285,1,0
BRDA:4110,286,0,0
BRDA:4110,286,1,0
BRDA:4110,287,0,0
BRDA:4110,287,1,0
BRDA:4124,288,0,0
BRDA:4124,288,1,0
BRDA:4131,289,0,0
BRDA:4131,289,1,0
BRDA:4134,290,0,0
BRDA:4134,290,1,0
BRDA:4210,291,0,0
BRDA:4210,291,1,0
BRDA:4220,292,0,0
BRDA:4220,292,1,0
BRDA:4220,293,0,0
BRDA:4220,293,1,0
BRDA:4234,294,0,0
BRDA:4234,294,1,0
BRDA:4241,295,0,0
BRDA:4241,295,1,0
BRDA:4256,296,0,0
BRDA:4256,296,1,0
BRDA:4323,297,0,0
BRDA:4323,297,1,0
BRDA:4333,298,0,0
BRDA:4333,298,1,0
BRDA:4333,299,0,0
BRDA:4333,299,1,0
BRDA:4347,300,0,0
BRDA:4347,300,1,0
BRDA:4352,301,0,0
BRDA:4352,301,1,0
BRDA:4404,302,0,0
BRDA:4404,302,1,0
BRDA:4414,303,0,0
BRDA:4414,303,1,0
BRDA:4414,304,0,0
BRDA:4414,304,1,0
BRDA:4428,305,0,0
BRDA:4428,305,1,0
BRDA:4483,306,0,0
BRDA:4483,306,1,0
BRDA:4493,307,0,0
BRDA:4493,307,1,0
BRDA:4493,308,0,0
BRDA:4493,308,1,0
BRDA:4507,309,0,0
BRDA:4507,309,1,0
BRDA:4561,310,0,0
BRDA:4561,310,1,0
BRDA:4571,311,0,0
BRDA:4571,311,1,0
BRDA:4571,312,0,0
BRDA:4571,312,1,0
BRDA:4584,313,0,0
BRDA:4584,313,1,0
BRDA:4590,314,0,0
BRDA:4590,314,1,0
BRDA:4651,315,0,0
BRDA:4651,315,1,0
BRDA:4661,316,0,0
BRDA:4661,316,1,0
BRDA:4661,317,0,0
BRDA:4661,317,1,0
BRDA:4675,318,0,0
BRDA:4675,318,1,0
BRDA:4730,319,0,0
BRDA:4730,319,1,0
BRDA:4740,320,0,0
BRDA:4740,320,1,0
BRDA:4740,321,0,0
BRDA:4740,321,1,0
BRDA:4754,322,0,0
BRDA:4754,322,1,0
BRDA:4808,323,0,0
BRDA:4808,323,1,0
BRDA:4818,324,0,0
BRDA:4818,324,1,0
BRDA:4818,325,0,0
BRDA:4818,325,1,0
BRDA:4831,326,0,0
BRDA:4831,326,1,0
BRDA:4837,327,0,0
BRDA:4837,327,1,0
BRDA:4898,328,0,0
BRDA:4898,328,1,0
BRDA:4908,329,0,0
BRDA:4908,329,1,0
BRDA:4908,330,0,0
BRDA:4908,330,1,0
BRDA:4922,331,0,0
BRDA:4922,331,1,0
BRDA:4977,332,0,0
BRDA:4977,332,1,0
BRDA:4987,333,0,0
BRDA:4987,333,1,0
BRDA:4987,334,0,0
BRDA:4987,334,1,0
BRDA:5001,335,0,0
BRDA:5001,335,1,0
BRDA:5056,336,0,0
BRDA:5056,336,1,0
BRDA:5066,337,0,0
BRDA:5066,337,1,0
BRDA:5066,338,0,0
BRDA:5066,338,1,0
BRDA:5080,339,0,0
BRDA:5080,339,1,0
BRDA:5134,340,0,0
BRDA:5134,340,1,0
BRDA:5144,341,0,0
BRDA:5144,341,1,0
BRDA:5144,342,0,0
BRDA:5144,342,1,0
BRDA:5157,343,0,0
BRDA:5157,343,1,0
BRDA:5163,344,0,0
BRDA:5163,344,1,0
BRDA:5222,345,0,0
BRDA:5222,345,1,0
BRDA:5232,346,0,0
BRDA:5232,346,1,0
BRDA:5232,347,0,0
BRDA:5232,347,1,0
BRDA:5246,348,0,0
BRDA:5246,348,1,0
BRDA:5251,349,0,0
BRDA:5251,349,1,0
BRDA:5252,350,0,0
BRDA:5252,350,1,0
BRDA:5254,351,0,0
BRDA:5254,351,1,0
BRDA:5267,352,0,0
BRDA:5267,352,1,0
BRDA:5282,353,0,0
BRDA:5282,353,1,0
BRDA:5302,354,0,0
BRDA:5302,354,1,0
BRDA:5310,355,0,0
BRDA:5310,355,1,0
BRDA:5315,356,0,0
BRDA:5315,356,1,0
BRDA:5345,357,0,0
BRDA:5345,357,1,0
BRDA:5382,358,0,0
BRDA:5382,358,1,0
BRDA:5422,359,0,0
BRDA:5422,359,1,0
BRDA:5490,360,0,0
BRDA:5490,360,1,0
BRDA:5500,361,0,0
BRDA:5500,361,1,0
BRDA:5500,362,0,0
BRDA:5500,362,1,0
BRDA:5514,363,0,0
BRDA:5514,363,1,0
BRDA:5519,364,0,0
BRDA:5519,364,1,0
BRDA:5521,365,0,0
BRDA:5521,365,1,0
BRDA:5536,366,0,0
BRDA:5536,366,1,0
BRDA:5556,367,0,0
BRDA:5556,367,1,0
BRF:736
BRH:0
end_of_record
TN:
SF:src/controllers/linechatsetting.controller.js
FN:19,(anonymous_0)
FN:52,(anonymous_1)
FN:128,(anonymous_2)
FN:204,(anonymous_3)
FN:283,(anonymous_4)
FN:379,(anonymous_5)
FN:473,(anonymous_6)
FNF:7
FNH:0
FNDA:0,(anonymous_0)
FNDA:0,(anonymous_1)
FNDA:0,(anonymous_2)
FNDA:0,(anonymous_3)
FNDA:0,(anonymous_4)
FNDA:0,(anonymous_5)
FNDA:0,(anonymous_6)
DA:2,0
DA:3,0
DA:4,0
DA:5,0
DA:6,0
DA:8,0
DA:16,0
DA:17,0
DA:19,0
DA:21,0
DA:22,0
DA:27,0
DA:29,0
DA:31,0
DA:35,0
DA:38,0
DA:52,0
DA:54,0
DA:55,0
DA:57,0
DA:61,0
DA:62,0
DA:64,0
DA:68,0
DA:71,0
DA:72,0
DA:78,0
DA:79,0
DA:81,0
DA:84,0
DA:87,0
DA:88,0
DA:100,0
DA:113,0
DA:128,0
DA:130,0
DA:131,0
DA:133,0
DA:137,0
DA:138,0
DA:140,0
DA:144,0
DA:147,0
DA:148,0
DA:154,0
DA:155,0
DA:157,0
DA:160,0
DA:163,0
DA:164,0
DA:176,0
DA:189,0
DA:204,0
DA:206,0
DA:207,0
DA:209,0
DA:214,0
DA:216,0
DA:218,0
DA:222,0
DA:225,0
DA:226,0
DA:232,0
DA:233,0
DA:235,0
DA:238,0
DA:240,0
DA:241,0
DA:242,0
DA:254,0
DA:267,0
DA:283,0
DA:285,0
DA:286,0
DA:290,0
DA:291,0
DA:293,0
DA:297,0
DA:299,0
DA:302,0
DA:303,0
DA:309,0
DA:310,0
DA:312,0
DA:318,0
DA:322,0
DA:324,0
DA:326,0
DA:336,0
DA:350,0
DA:363,0
DA:379,0
DA:381,0
DA:382,0
DA:386,0
DA:388,0
DA:390,0
DA:394,0
DA:396,0
DA:399,0
DA:400,0
DA:406,0
DA:407,0
DA:409,0
DA:412,0
DA:416,0
DA:418,0
DA:420,0
DA:430,0
DA:444,0
DA:457,0
DA:473,0
DA:475,0
DA:476,0
DA:481,0
DA:482,0
DA:484,0
DA:488,0
DA:490,0
DA:492,0
DA:493,0
DA:499,0
DA:500,0
DA:502,0
DA:505,0
DA:508,0
DA:509,0
DA:511,0
DA:513,0
DA:523,0
DA:537,0
DA:550,0
LF:132
LH:0
BRDA:29,0,0,0
BRDA:29,0,1,0
BRDA:62,1,0,0
BRDA:62,1,1,0
BRDA:71,2,0,0
BRDA:71,2,1,0
BRDA:71,3,0,0
BRDA:71,3,1,0
BRDA:84,4,0,0
BRDA:84,4,1,0
BRDA:138,5,0,0
BRDA:138,5,1,0
BRDA:147,6,0,0
BRDA:147,6,1,0
BRDA:147,7,0,0
BRDA:147,7,1,0
BRDA:160,8,0,0
BRDA:160,8,1,0
BRDA:216,9,0,0
BRDA:216,9,1,0
BRDA:225,10,0,0
BRDA:225,10,1,0
BRDA:225,11,0,0
BRDA:225,11,1,0
BRDA:238,12,0,0
BRDA:238,12,1,0
BRDA:291,13,0,0
BRDA:291,13,1,0
BRDA:302,14,0,0
BRDA:302,14,1,0
BRDA:302,15,0,0
BRDA:302,15,1,0
BRDA:318,16,0,0
BRDA:318,16,1,0
BRDA:324,17,0,0
BRDA:324,17,1,0
BRDA:388,18,0,0
BRDA:388,18,1,0
BRDA:399,19,0,0
BRDA:399,19,1,0
BRDA:399,20,0,0
BRDA:399,20,1,0
BRDA:412,21,0,0
BRDA:412,21,1,0
BRDA:418,22,0,0
BRDA:418,22,1,0
BRDA:482,23,0,0
BRDA:482,23,1,0
BRDA:492,24,0,0
BRDA:492,24,1,0
BRDA:492,25,0,0
BRDA:492,25,1,0
BRDA:505,26,0,0
BRDA:505,26,1,0
BRDA:511,27,0,0
BRDA:511,27,1,0
BRF:56
BRH:0
end_of_record
TN:
SF:src/controllers/linelogin.controller.js
FN:24,(anonymous_0)
FN:58,(anonymous_1)
FN:256,(anonymous_2)
FN:362,(anonymous_3)
FN:441,(anonymous_4)
FN:540,(anonymous_5)
FN:823,(anonymous_6)
FNF:7
FNH:0
FNDA:0,(anonymous_0)
FNDA:0,(anonymous_1)
FNDA:0,(anonymous_2)
FNDA:0,(anonymous_3)
FNDA:0,(anonymous_4)
FNDA:0,(anonymous_5)
FNDA:0,(anonymous_6)
DA:2,0
DA:3,0
DA:4,0
DA:5,0
DA:6,0
DA:7,0
DA:8,0
DA:9,0
DA:11,0
DA:13,0
DA:15,0
DA:16,0
DA:18,0
DA:19,0
DA:21,0
DA:22,0
DA:24,0
DA:25,0
DA:26,0
DA:27,0
DA:31,0
DA:33,0
DA:35,0
DA:36,0
DA:40,0
DA:41,0
DA:44,0
DA:58,0
DA:59,0
DA:61,0
DA:62,0
DA:66,0
DA:69,0
DA:71,0
DA:72,0
DA:76,0
DA:77,0
DA:79,0
DA:81,0
DA:89,0
DA:92,0
DA:94,0
DA:97,0
DA:98,0
DA:99,0
DA:101,0
DA:102,0
DA:104,0
DA:109,0
DA:116,0
DA:118,0
DA:119,0
DA:121,0
DA:129,0
DA:132,0
DA:145,0
DA:150,0
DA:158,0
DA:164,0
DA:169,0
DA:177,0
DA:183,0
DA:191,0
DA:199,0
DA:201,0
DA:203,0
DA:210,0
DA:212,0
DA:222,0
DA:226,0
DA:234,0
DA:240,0
DA:241,0
DA:249,0
DA:256,0
DA:257,0
DA:259,0
DA:260,0
DA:264,0
DA:266,0
DA:268,0
DA:269,0
DA:273,0
DA:274,0
DA:276,0
DA:278,0
DA:286,0
DA:290,0
DA:293,0
DA:296,0
DA:313,0
DA:326,0
DA:329,0
DA:334,0
DA:342,0
DA:346,0
DA:347,0
DA:355,0
DA:362,0
DA:363,0
DA:365,0
DA:366,0
DA:370,0
DA:372,0
DA:374,0
DA:375,0
DA:379,0
DA:380,0
DA:382,0
DA:384,0
DA:392,0
DA:395,0
DA:396,0
DA:398,0
DA:400,0
DA:408,0
DA:412,0
DA:420,0
DA:425,0
DA:426,0
DA:434,0
DA:441,0
DA:442,0
DA:444,0
DA:445,0
DA:449,0
DA:451,0
DA:453,0
DA:454,0
DA:458,0
DA:459,0
DA:461,0
DA:463,0
DA:471,0
DA:474,0
DA:475,0
DA:477,0
DA:479,0
DA:481,0
DA:485,0
DA:486,0
DA:488,0
DA:490,0
DA:500,0
DA:512,0
DA:516,0
DA:524,0
DA:525,0
DA:533,0
DA:540,0
DA:541,0
DA:543,0
DA:544,0
DA:548,0
DA:550,0
DA:552,0
DA:553,0
DA:557,0
DA:558,0
DA:560,0
DA:561,0
DA:562,0
DA:563,0
DA:564,0
DA:565,0
DA:566,0
DA:567,0
DA:568,0
DA:587,0
DA:588,0
DA:590,0
DA:592,0
DA:594,0
DA:595,0
DA:602,0
DA:613,0
DA:642,0
DA:643,0
DA:644,0
DA:645,0
DA:646,0
DA:647,0
DA:648,0
DA:649,0
DA:651,0
DA:652,0
DA:654,0
DA:657,0
DA:659,0
DA:667,0
DA:670,0
DA:672,0
DA:674,0
DA:675,0
DA:676,0
DA:678,0
DA:679,0
DA:682,0
DA:683,0
DA:685,0
DA:687,0
DA:688,0
DA:690,0
DA:691,0
DA:692,0
DA:693,0
DA:694,0
DA:695,0
DA:697,0
DA:698,0
DA:699,0
DA:701,0
DA:702,0
DA:704,0
DA:705,0
DA:706,0
DA:707,0
DA:708,0
DA:709,0
DA:710,0
DA:711,0
DA:712,0
DA:713,0
DA:715,0
DA:716,0
DA:717,0
DA:718,0
DA:719,0
DA:720,0
DA:722,0
DA:723,0
DA:724,0
DA:725,0
DA:727,0
DA:728,0
DA:729,0
DA:731,0
DA:732,0
DA:734,0
DA:735,0
DA:737,0
DA:740,0
DA:741,0
DA:742,0
DA:743,0
DA:745,0
DA:746,0
DA:747,0
DA:748,0
DA:749,0
DA:750,0
DA:751,0
DA:752,0
DA:753,0
DA:754,0
DA:755,0
DA:757,0
DA:758,0
DA:759,0
DA:763,0
DA:764,0
DA:766,0
DA:767,0
DA:774,0
DA:793,0
DA:797,0
DA:809,0
DA:810,0
DA:818,0
DA:823,0
DA:824,0
DA:826,0
DA:827,0
DA:831,0
DA:833,0
DA:834,0
DA:836,0
DA:840,0
DA:841,0
DA:843,0
DA:845,0
DA:853,0
DA:856,0
DA:858,0
DA:860,0
DA:870,0
DA:881,0
DA:882,0
DA:890,0
LF:289
LH:0
BRDA:33,0,0,0
BRDA:33,0,1,0
BRDA:69,1,0,0
BRDA:69,1,1,0
BRDA:79,2,0,0
BRDA:79,2,1,0
BRDA:94,3,0,0
BRDA:94,3,1,0
BRDA:99,4,0,0
BRDA:99,4,1,0
BRDA:102,5,0,0
BRDA:102,5,1,0
BRDA:116,6,0,0
BRDA:116,6,1,0
BRDA:119,7,0,0
BRDA:119,7,1,0
BRDA:210,8,0,0
BRDA:210,8,1,0
BRDA:266,9,0,0
BRDA:266,9,1,0
BRDA:276,10,0,0
BRDA:276,10,1,0
BRDA:296,11,0,0
BRDA:296,11,1,0
BRDA:315,12,0,0
BRDA:315,12,1,0
BRDA:316,13,0,0
BRDA:316,13,1,0
BRDA:372,14,0,0
BRDA:372,14,1,0
BRDA:382,15,0,0
BRDA:382,15,1,0
BRDA:398,16,0,0
BRDA:398,16,1,0
BRDA:451,17,0,0
BRDA:451,17,1,0
BRDA:461,18,0,0
BRDA:461,18,1,0
BRDA:481,19,0,0
BRDA:481,19,1,0
BRDA:550,20,0,0
BRDA:550,20,1,0
BRDA:560,21,0,0
BRDA:560,21,1,0
BRDA:561,22,0,0
BRDA:561,22,1,0
BRDA:562,23,0,0
BRDA:562,23,1,0
BRDA:563,24,0,0
BRDA:563,24,1,0
BRDA:564,25,0,0
BRDA:564,25,1,0
BRDA:565,26,0,0
BRDA:565,26,1,0
BRDA:566,27,0,0
BRDA:566,27,1,0
BRDA:567,28,0,0
BRDA:567,28,1,0
BRDA:568,29,0,0
BRDA:568,29,1,0
BRDA:588,30,0,0
BRDA:588,30,1,0
BRDA:647,31,0,0
BRDA:647,31,1,0
BRDA:649,32,0,0
BRDA:649,32,1,0
BRDA:657,33,0,0
BRDA:657,33,1,0
BRDA:737,34,0,0
BRDA:737,34,1,0
BRDA:741,35,0,0
BRDA:741,35,1,0
BRDA:758,36,0,0
BRDA:758,36,1,0
BRDA:834,37,0,0
BRDA:834,37,1,0
BRDA:843,38,0,0
BRDA:843,38,1,0
BRDA:858,39,0,0
BRDA:858,39,1,0
BRF:80
BRH:0
end_of_record
TN:
SF:src/controllers/linewebhook.controller.js
FN:30,encodeToUTF8
FN:34,unicodeToHex
FN:42,hexToUnicode
FN:51,isUnicodeString
FN:60,isUnicodeHex
FN:68,readQRCode
FN:98,(anonymous_6)
FN:100,(anonymous_7)
FN:103,(anonymous_8)
FN:120,(anonymous_9)
FN:124,(anonymous_10)
FN:144,(anonymous_11)
FNF:12
FNH:0
FNDA:0,encodeToUTF8
FNDA:0,unicodeToHex
FNDA:0,hexToUnicode
FNDA:0,isUnicodeString
FNDA:0,isUnicodeHex
FNDA:0,readQRCode
FNDA:0,(anonymous_6)
FNDA:0,(anonymous_7)
FNDA:0,(anonymous_8)
FNDA:0,(anonymous_9)
FNDA:0,(anonymous_10)
FNDA:0,(anonymous_11)
DA:2,0
DA:3,0
DA:4,0
DA:5,0
DA:7,0
DA:8,0
DA:9,0
DA:11,0
DA:13,0
DA:14,0
DA:16,0
DA:17,0
DA:19,0
DA:20,0
DA:22,0
DA:23,0
DA:24,0
DA:25,0
DA:26,0
DA:27,0
DA:31,0
DA:35,0
DA:36,0
DA:37,0
DA:39,0
DA:43,0
DA:44,0
DA:45,0
DA:46,0
DA:48,0
DA:52,0
DA:53,0
DA:54,0
DA:57,0
DA:62,0
DA:65,0
DA:69,0
DA:71,0
DA:74,0
DA:75,0
DA:76,0
DA:79,0
DA:82,0
DA:84,0
DA:87,0
DA:90,0
DA:94,0
DA:98,0
DA:100,0
DA:101,0
DA:103,0
DA:104,0
DA:107,0
DA:111,0
DA:113,0
DA:116,0
DA:120,0
DA:121,0
DA:123,0
DA:124,0
DA:125,0
DA:128,0
DA:131,0
DA:134,0
DA:136,0
DA:139,0
DA:144,0
DA:145,0
DA:146,0
DA:149,0
DA:151,0
DA:152,0
DA:154,0
DA:156,0
DA:157,0
DA:158,0
DA:159,0
DA:162,0
DA:165,0
DA:167,0
DA:168,0
DA:169,0
DA:172,0
DA:177,0
DA:178,0
DA:186,0
DA:189,0
DA:190,0
DA:191,0
DA:193,0
DA:194,0
DA:196,0
DA:197,0
DA:199,0
DA:200,0
DA:201,0
DA:202,0
DA:203,0
DA:205,0
DA:213,0
DA:217,0
DA:218,0
DA:219,0
DA:220,0
DA:221,0
DA:222,0
DA:230,0
DA:231,0
DA:232,0
DA:240,0
DA:243,0
DA:244,0
DA:252,0
DA:258,0
DA:260,0
DA:261,0
DA:265,0
DA:267,0
DA:268,0
DA:270,0
DA:271,0
DA:272,0
DA:278,0
DA:279,0
DA:281,0
DA:283,0
DA:284,0
DA:285,0
DA:287,0
DA:288,0
DA:289,0
DA:290,0
DA:291,0
DA:292,0
DA:293,0
DA:294,0
DA:295,0
DA:296,0
DA:297,0
DA:305,0
DA:309,0
DA:310,0
DA:311,0
DA:312,0
DA:313,0
DA:314,0
DA:315,0
DA:316,0
DA:317,0
DA:324,0
DA:325,0
DA:326,0
DA:327,0
DA:335,0
DA:336,0
DA:338,0
DA:339,0
DA:341,0
DA:342,0
DA:343,0
DA:344,0
DA:348,0
DA:349,0
DA:350,0
DA:351,0
DA:352,0
DA:353,0
DA:355,0
DA:362,0
DA:363,0
DA:364,0
DA:366,0
DA:367,0
DA:368,0
DA:370,0
DA:371,0
DA:372,0
DA:374,0
DA:375,0
DA:376,0
DA:378,0
DA:379,0
DA:380,0
DA:382,0
DA:383,0
DA:384,0
DA:387,0
DA:389,0
DA:390,0
DA:392,0
DA:393,0
DA:394,0
DA:395,0
DA:408,0
DA:419,0
DA:420,0
DA:423,0
DA:426,0
DA:441,0
DA:452,0
DA:453,0
DA:456,0
DA:457,0
DA:458,0
DA:459,0
DA:460,0
DA:461,0
DA:462,0
DA:465,0
DA:470,0
DA:471,0
DA:472,0
DA:473,0
DA:474,0
DA:480,0
DA:481,0
DA:482,0
DA:483,0
DA:484,0
DA:485,0
DA:486,0
DA:487,0
DA:490,0
DA:495,0
DA:496,0
DA:501,0
DA:502,0
DA:504,0
DA:505,0
DA:507,0
DA:508,0
DA:510,0
DA:511,0
DA:513,0
DA:514,0
DA:518,0
DA:523,0
DA:538,0
DA:563,0
DA:570,0
DA:574,0
DA:577,0
DA:580,0
DA:581,0
DA:587,0
LF:245
LH:0
BRDA:53,0,0,0
BRDA:53,0,1,0
BRDA:84,1,0,0
BRDA:84,1,1,0
BRDA:154,2,0,0
BRDA:154,2,1,0
BRDA:157,3,0,0
BRDA:157,3,1,0
BRDA:167,4,0,0
BRDA:167,4,1,0
BRDA:177,5,0,0
BRDA:177,5,1,0
BRDA:196,6,0,0
BRDA:196,6,1,0
BRDA:200,7,0,0
BRDA:200,7,1,0
BRDA:217,8,0,0
BRDA:217,8,1,0
BRDA:218,9,0,0
BRDA:218,9,1,0
BRDA:219,10,0,0
BRDA:219,10,1,0
BRDA:220,11,0,0
BRDA:220,11,1,0
BRDA:231,12,0,0
BRDA:231,12,1,0
BRDA:265,13,0,0
BRDA:265,13,1,0
BRDA:267,14,0,0
BRDA:267,14,1,0
BRDA:271,15,0,0
BRDA:271,15,1,0
BRDA:278,16,0,0
BRDA:278,16,1,0
BRDA:281,17,0,0
BRDA:281,17,1,0
BRDA:283,18,0,0
BRDA:283,18,1,0
BRDA:284,19,0,0
BRDA:284,19,1,0
BRDA:285,20,0,0
BRDA:285,20,1,0
BRDA:290,21,0,0
BRDA:290,21,1,0
BRDA:292,22,0,0
BRDA:292,22,1,0
BRDA:295,23,0,0
BRDA:295,23,1,0
BRDA:311,24,0,0
BRDA:311,24,1,0
BRDA:312,25,0,0
BRDA:312,25,1,0
BRDA:313,26,0,0
BRDA:313,26,1,0
BRDA:314,27,0,0
BRDA:314,27,1,0
BRDA:315,28,0,0
BRDA:315,28,1,0
BRDA:324,29,0,0
BRDA:324,29,1,0
BRDA:324,30,0,0
BRDA:324,30,1,0
BRDA:325,31,0,0
BRDA:325,31,1,0
BRDA:341,32,0,0
BRDA:341,32,1,0
BRDA:344,33,0,0
BRDA:344,33,1,0
BRDA:348,34,0,0
BRDA:348,34,1,0
BRDA:349,35,0,0
BRDA:349,35,1,0
BRDA:350,36,0,0
BRDA:350,36,1,0
BRDA:351,37,0,0
BRDA:351,37,1,0
BRDA:353,38,0,0
BRDA:353,38,1,0
BRDA:363,39,0,0
BRDA:363,39,1,0
BRDA:366,40,0,0
BRDA:366,40,1,0
BRDA:368,41,0,0
BRDA:368,41,1,0
BRDA:370,42,0,0
BRDA:370,42,1,0
BRDA:372,43,0,0
BRDA:372,43,1,0
BRDA:374,44,0,0
BRDA:374,44,1,0
BRDA:376,45,0,0
BRDA:376,45,1,0
BRDA:378,46,0,0
BRDA:378,46,1,0
BRDA:380,47,0,0
BRDA:380,47,1,0
BRDA:382,48,0,0
BRDA:382,48,1,0
BRDA:384,49,0,0
BRDA:384,49,1,0
BRDA:390,50,0,0
BRDA:390,50,1,0
BRDA:394,51,0,0
BRDA:394,51,1,0
BRDA:457,52,0,0
BRDA:457,52,1,0
BRDA:458,53,0,0
BRDA:458,53,1,0
BRDA:461,54,0,0
BRDA:461,54,1,0
BRDA:462,55,0,0
BRDA:462,55,1,0
BRDA:465,56,0,0
BRDA:465,56,1,0
BRDA:473,57,0,0
BRDA:473,57,1,0
BRDA:480,58,0,0
BRDA:480,58,1,0
BRDA:483,59,0,0
BRDA:483,59,1,0
BRDA:486,60,0,0
BRDA:486,60,1,0
BRDA:487,61,0,0
BRDA:487,61,1,0
BRDA:490,62,0,0
BRDA:490,62,1,0
BRDA:501,63,0,0
BRDA:501,63,1,0
BRDA:501,64,0,0
BRDA:501,64,1,0
BRDA:504,65,0,0
BRDA:504,65,1,0
BRDA:507,66,0,0
BRDA:507,66,1,0
BRDA:507,67,0,0
BRDA:507,67,1,0
BRDA:510,68,0,0
BRDA:510,68,1,0
BRDA:513,69,0,0
BRDA:513,69,1,0
BRDA:567,70,0,0
BRDA:567,70,1,0
BRDA:568,71,0,0
BRDA:568,71,1,0
BRF:144
BRH:0
end_of_record
TN:
SF:src/controllers/loanlist.controller.js
FN:27,(anonymous_0)
FN:34,(anonymous_1)
FN:88,(anonymous_2)
FN:183,(anonymous_3)
FN:277,(anonymous_4)
FN:380,(anonymous_5)
FN:509,(anonymous_6)
FN:605,(anonymous_7)
FN:701,(anonymous_8)
FN:797,(anonymous_9)
FN:893,(anonymous_10)
FN:989,(anonymous_11)
FN:1086,(anonymous_12)
FN:1137,(anonymous_13)
FN:1209,(anonymous_14)
FN:1308,(anonymous_15)
FN:1568,(anonymous_16)
FN:1832,(anonymous_17)
FN:2094,(anonymous_18)
FN:2358,(anonymous_19)
FN:2486,(anonymous_20)
FN:2692,(anonymous_21)
FN:2887,(anonymous_22)
FN:3063,(anonymous_23)
FN:3189,(anonymous_24)
FN:3256,(anonymous_25)
FN:3318,(anonymous_26)
FN:3443,(anonymous_27)
FN:3512,(anonymous_28)
FNF:29
FNH:0
FNDA:0,(anonymous_0)
FNDA:0,(anonymous_1)
FNDA:0,(anonymous_2)
FNDA:0,(anonymous_3)
FNDA:0,(anonymous_4)
FNDA:0,(anonymous_5)
FNDA:0,(anonymous_6)
FNDA:0,(anonymous_7)
FNDA:0,(anonymous_8)
FNDA:0,(anonymous_9)
FNDA:0,(anonymous_10)
FNDA:0,(anonymous_11)
FNDA:0,(anonymous_12)
FNDA:0,(anonymous_13)
FNDA:0,(anonymous_14)
FNDA:0,(anonymous_15)
FNDA:0,(anonymous_16)
FNDA:0,(anonymous_17)
FNDA:0,(anonymous_18)
FNDA:0,(anonymous_19)
FNDA:0,(anonymous_20)
FNDA:0,(anonymous_21)
FNDA:0,(anonymous_22)
FNDA:0,(anonymous_23)
FNDA:0,(anonymous_24)
FNDA:0,(anonymous_25)
FNDA:0,(anonymous_26)
FNDA:0,(anonymous_27)
FNDA:0,(anonymous_28)
DA:2,0
DA:3,0
DA:4,0
DA:5,0
DA:6,0
DA:8,0
DA:10,0
DA:12,0
DA:19,0
DA:21,0
DA:22,0
DA:24,0
DA:25,0
DA:27,0
DA:29,0
DA:32,0
DA:34,0
DA:36,0
DA:37,0
DA:39,0
DA:40,0
DA:42,0
DA:43,0
DA:44,0
DA:45,0
DA:47,0
DA:48,0
DA:49,0
DA:50,0
DA:51,0
DA:52,0
DA:53,0
DA:54,0
DA:56,0
DA:57,0
DA:62,0
DA:72,0
DA:88,0
DA:90,0
DA:91,0
DA:96,0
DA:98,0
DA:100,0
DA:104,0
DA:106,0
DA:109,0
DA:110,0
DA:116,0
DA:117,0
DA:119,0
DA:122,0
DA:126,0
DA:128,0
DA:130,0
DA:140,0
DA:154,0
DA:167,0
DA:183,0
DA:185,0
DA:186,0
DA:190,0
DA:192,0
DA:194,0
DA:198,0
DA:200,0
DA:203,0
DA:204,0
DA:210,0
DA:211,0
DA:213,0
DA:216,0
DA:220,0
DA:222,0
DA:224,0
DA:234,0
DA:248,0
DA:261,0
DA:277,0
DA:279,0
DA:280,0
DA:282,0
DA:286,0
DA:288,0
DA:290,0
DA:294,0
DA:297,0
DA:298,0
DA:304,0
DA:305,0
DA:307,0
DA:310,0
DA:312,0
DA:313,0
DA:314,0
DA:315,0
DA:316,0
DA:317,0
DA:318,0
DA:319,0
DA:321,0
DA:322,0
DA:324,0
DA:332,0
DA:336,0
DA:344,0
DA:350,0
DA:358,0
DA:364,0
DA:372,0
DA:380,0
DA:382,0
DA:383,0
DA:385,0
DA:389,0
DA:391,0
DA:393,0
DA:397,0
DA:400,0
DA:401,0
DA:407,0
DA:408,0
DA:410,0
DA:413,0
DA:415,0
DA:416,0
DA:417,0
DA:419,0
DA:420,0
DA:421,0
DA:422,0
DA:423,0
DA:424,0
DA:425,0
DA:426,0
DA:427,0
DA:428,0
DA:430,0
DA:431,0
DA:432,0
DA:433,0
DA:435,0
DA:436,0
DA:438,0
DA:446,0
DA:450,0
DA:451,0
DA:453,0
DA:461,0
DA:465,0
DA:473,0
DA:479,0
DA:487,0
DA:493,0
DA:501,0
DA:509,0
DA:511,0
DA:512,0
DA:514,0
DA:518,0
DA:520,0
DA:522,0
DA:526,0
DA:529,0
DA:530,0
DA:536,0
DA:537,0
DA:539,0
DA:542,0
DA:544,0
DA:546,0
DA:547,0
DA:549,0
DA:557,0
DA:561,0
DA:569,0
DA:575,0
DA:583,0
DA:589,0
DA:597,0
DA:605,0
DA:607,0
DA:608,0
DA:610,0
DA:614,0
DA:616,0
DA:618,0
DA:622,0
DA:625,0
DA:626,0
DA:632,0
DA:633,0
DA:635,0
DA:638,0
DA:640,0
DA:642,0
DA:643,0
DA:645,0
DA:653,0
DA:657,0
DA:665,0
DA:671,0
DA:679,0
DA:685,0
DA:693,0
DA:701,0
DA:703,0
DA:704,0
DA:706,0
DA:710,0
DA:712,0
DA:714,0
DA:718,0
DA:721,0
DA:722,0
DA:728,0
DA:729,0
DA:731,0
DA:734,0
DA:736,0
DA:738,0
DA:739,0
DA:741,0
DA:749,0
DA:753,0
DA:761,0
DA:767,0
DA:775,0
DA:781,0
DA:789,0
DA:797,0
DA:799,0
DA:800,0
DA:802,0
DA:806,0
DA:808,0
DA:810,0
DA:814,0
DA:817,0
DA:818,0
DA:824,0
DA:825,0
DA:827,0
DA:830,0
DA:832,0
DA:834,0
DA:835,0
DA:837,0
DA:845,0
DA:849,0
DA:857,0
DA:863,0
DA:871,0
DA:877,0
DA:885,0
DA:893,0
DA:895,0
DA:896,0
DA:898,0
DA:902,0
DA:904,0
DA:906,0
DA:910,0
DA:913,0
DA:914,0
DA:920,0
DA:921,0
DA:923,0
DA:926,0
DA:928,0
DA:930,0
DA:931,0
DA:933,0
DA:941,0
DA:945,0
DA:953,0
DA:959,0
DA:967,0
DA:973,0
DA:981,0
DA:989,0
DA:991,0
DA:992,0
DA:994,0
DA:998,0
DA:1000,0
DA:1002,0
DA:1006,0
DA:1009,0
DA:1010,0
DA:1016,0
DA:1017,0
DA:1019,0
DA:1022,0
DA:1024,0
DA:1026,0
DA:1027,0
DA:1029,0
DA:1037,0
DA:1042,0
DA:1050,0
DA:1056,0
DA:1064,0
DA:1070,0
DA:1078,0
DA:1086,0
DA:1088,0
DA:1089,0
DA:1093,0
DA:1095,0
DA:1097,0
DA:1101,0
DA:1103,0
DA:1106,0
DA:1107,0
DA:1113,0
DA:1114,0
DA:1116,0
DA:1119,0
DA:1121,0
DA:1122,0
DA:1124,0
DA:1132,0
DA:1135,0
DA:1137,0
DA:1138,0
DA:1140,0
DA:1148,0
DA:1152,0
DA:1154,0
DA:1156,0
DA:1163,0
DA:1167,0
DA:1175,0
DA:1182,0
DA:1190,0
DA:1196,0
DA:1204,0
DA:1209,0
DA:1212,0
DA:1213,0
DA:1217,0
DA:1219,0
DA:1221,0
DA:1225,0
DA:1227,0
DA:1230,0
DA:1231,0
DA:1237,0
DA:1238,0
DA:1240,0
DA:1243,0
DA:1246,0
DA:1248,0
DA:1250,0
DA:1258,0
DA:1262,0
DA:1270,0
DA:1277,0
DA:1285,0
DA:1291,0
DA:1299,0
DA:1308,0
DA:1312,0
DA:1313,0
DA:1315,0
DA:1319,0
DA:1321,0
DA:1323,0
DA:1327,0
DA:1330,0
DA:1331,0
DA:1339,0
DA:1340,0
DA:1342,0
DA:1345,0
DA:1348,0
DA:1349,0
DA:1351,0
DA:1352,0
DA:1354,0
DA:1356,0
DA:1364,0
DA:1368,0
DA:1369,0
DA:1370,0
DA:1372,0
DA:1373,0
DA:1374,0
DA:1376,0
DA:1377,0
DA:1379,0
DA:1381,0
DA:1390,0
DA:1393,0
DA:1395,0
DA:1404,0
DA:1407,0
DA:1408,0
DA:1410,0
DA:1419,0
DA:1423,0
DA:1424,0
DA:1425,0
DA:1426,0
DA:1428,0
DA:1435,0
DA:1436,0
DA:1437,0
DA:1438,0
DA:1439,0
DA:1440,0
DA:1441,0
DA:1442,0
DA:1443,0
DA:1444,0
DA:1445,0
DA:1449,0
DA:1451,0
DA:1459,0
DA:1463,0
DA:1464,0
DA:1466,0
DA:1467,0
DA:1470,0
DA:1472,0
DA:1477,0
DA:1486,0
DA:1491,0
DA:1497,0
DA:1499,0
DA:1508,0
DA:1512,0
DA:1513,0
DA:1514,0
DA:1515,0
DA:1519,0
DA:1521,0
DA:1522,0
DA:1525,0
DA:1534,0
DA:1539,0
DA:1548,0
DA:1554,0
DA:1563,0
DA:1568,0
DA:1571,0
DA:1572,0
DA:1574,0
DA:1578,0
DA:1580,0
DA:1582,0
DA:1588,0
DA:1591,0
DA:1592,0
DA:1598,0
DA:1599,0
DA:1601,0
DA:1604,0
DA:1606,0
DA:1607,0
DA:1609,0
DA:1610,0
DA:1612,0
DA:1614,0
DA:1623,0
DA:1627,0
DA:1628,0
DA:1629,0
DA:1631,0
DA:1632,0
DA:1633,0
DA:1635,0
DA:1636,0
DA:1638,0
DA:1640,0
DA:1649,0
DA:1652,0
DA:1654,0
DA:1663,0
DA:1666,0
DA:1667,0
DA:1669,0
DA:1678,0
DA:1682,0
DA:1683,0
DA:1684,0
DA:1685,0
DA:1687,0
DA:1693,0
DA:1694,0
DA:1695,0
DA:1696,0
DA:1697,0
DA:1698,0
DA:1699,0
DA:1700,0
DA:1701,0
DA:1702,0
DA:1703,0
DA:1707,0
DA:1709,0
DA:1718,0
DA:1722,0
DA:1723,0
DA:1725,0
DA:1726,0
DA:1730,0
DA:1732,0
DA:1738,0
DA:1747,0
DA:1752,0
DA:1758,0
DA:1760,0
DA:1769,0
DA:1773,0
DA:1774,0
DA:1775,0
DA:1776,0
DA:1780,0
DA:1782,0
DA:1783,0
DA:1786,0
DA:1795,0
DA:1800,0
DA:1809,0
DA:1815,0
DA:1824,0
DA:1832,0
DA:1835,0
DA:1836,0
DA:1838,0
DA:1842,0
DA:1844,0
DA:1846,0
DA:1850,0
DA:1853,0
DA:1854,0
DA:1859,0
DA:1860,0
DA:1862,0
DA:1863,0
DA:1865,0
DA:1868,0
DA:1870,0
DA:1871,0
DA:1873,0
DA:1875,0
DA:1884,0
DA:1888,0
DA:1889,0
DA:1890,0
DA:1892,0
DA:1893,0
DA:1894,0
DA:1896,0
DA:1897,0
DA:1899,0
DA:1901,0
DA:1910,0
DA:1913,0
DA:1915,0
DA:1924,0
DA:1927,0
DA:1928,0
DA:1930,0
DA:1939,0
DA:1943,0
DA:1944,0
DA:1945,0
DA:1946,0
DA:1948,0
DA:1955,0
DA:1956,0
DA:1957,0
DA:1958,0
DA:1959,0
DA:1960,0
DA:1961,0
DA:1962,0
DA:1963,0
DA:1964,0
DA:1965,0
DA:1969,0
DA:1971,0
DA:1980,0
DA:1984,0
DA:1985,0
DA:1987,0
DA:1988,0
DA:1992,0
DA:1994,0
DA:2000,0
DA:2009,0
DA:2014,0
DA:2020,0
DA:2022,0
DA:2031,0
DA:2035,0
DA:2036,0
DA:2037,0
DA:2038,0
DA:2042,0
DA:2044,0
DA:2045,0
DA:2048,0
DA:2057,0
DA:2062,0
DA:2071,0
DA:2077,0
DA:2086,0
DA:2094,0
DA:2097,0
DA:2098,0
DA:2100,0
DA:2104,0
DA:2106,0
DA:2108,0
DA:2112,0
DA:2115,0
DA:2116,0
DA:2122,0
DA:2123,0
DA:2125,0
DA:2128,0
DA:2130,0
DA:2131,0
DA:2133,0
DA:2134,0
DA:2136,0
DA:2138,0
DA:2147,0
DA:2151,0
DA:2155,0
DA:2159,0
DA:2160,0
DA:2162,0
DA:2164,0
DA:2173,0
DA:2176,0
DA:2178,0
DA:2187,0
DA:2190,0
DA:2191,0
DA:2193,0
DA:2202,0
DA:2206,0
DA:2207,0
DA:2208,0
DA:2209,0
DA:2211,0
DA:2218,0
DA:2219,0
DA:2220,0
DA:2221,0
DA:2222,0
DA:2223,0
DA:2224,0
DA:2225,0
DA:2226,0
DA:2227,0
DA:2228,0
DA:2232,0
DA:2234,0
DA:2243,0
DA:2247,0
DA:2248,0
DA:2250,0
DA:2251,0
DA:2255,0
DA:2257,0
DA:2263,0
DA:2272,0
DA:2277,0
DA:2283,0
DA:2286,0
DA:2295,0
DA:2299,0
DA:2300,0
DA:2301,0
DA:2302,0
DA:2306,0
DA:2308,0
DA:2309,0
DA:2312,0
DA:2321,0
DA:2326,0
DA:2335,0
DA:2341,0
DA:2350,0
DA:2358,0
DA:2360,0
DA:2361,0
DA:2363,0
DA:2367,0
DA:2369,0
DA:2371,0
DA:2375,0
DA:2378,0
DA:2379,0
DA:2385,0
DA:2386,0
DA:2388,0
DA:2391,0
DA:2394,0
DA:2395,0
DA:2396,0
DA:2397,0
DA:2399,0
DA:2401,0
DA:2410,0
DA:2413,0
DA:2415,0
DA:2416,0
DA:2425,0
DA:2428,0
DA:2429,0
DA:2431,0
DA:2439,0
DA:2443,0
DA:2451,0
DA:2456,0
DA:2464,0
DA:2470,0
DA:2478,0
DA:2486,0
DA:2488,0
DA:2489,0
DA:2491,0
DA:2495,0
DA:2497,0
DA:2499,0
DA:2503,0
DA:2506,0
DA:2507,0
DA:2513,0
DA:2514,0
DA:2516,0
DA:2519,0
DA:2522,0
DA:2523,0
DA:2524,0
DA:2526,0
DA:2527,0
DA:2528,0
DA:2529,0
DA:2531,0
DA:2532,0
DA:2533,0
DA:2534,0
DA:2536,0
DA:2537,0
DA:2538,0
DA:2539,0
DA:2541,0
DA:2542,0
DA:2543,0
DA:2544,0
DA:2546,0
DA:2547,0
DA:2548,0
DA:2549,0
DA:2551,0
DA:2553,0
DA:2561,0
DA:2564,0
DA:2565,0
DA:2566,0
DA:2568,0
DA:2576,0
DA:2579,0
DA:2581,0
DA:2582,0
DA:2591,0
DA:2595,0
DA:2597,0
DA:2606,0
DA:2609,0
DA:2610,0
DA:2612,0
DA:2620,0
DA:2623,0
DA:2632,0
DA:2634,0
DA:2642,0
DA:2649,0
DA:2657,0
DA:2662,0
DA:2670,0
DA:2676,0
DA:2684,0
DA:2692,0
DA:2694,0
DA:2695,0
DA:2697,0
DA:2701,0
DA:2703,0
DA:2705,0
DA:2709,0
DA:2712,0
DA:2713,0
DA:2716,0
DA:2717,0
DA:2722,0
DA:2723,0
DA:2725,0
DA:2728,0
DA:2731,0
DA:2732,0
DA:2733,0
DA:2735,0
DA:2736,0
DA:2737,0
DA:2738,0
DA:2739,0
DA:2741,0
DA:2742,0
DA:2750,0
DA:2753,0
DA:2755,0
DA:2763,0
DA:2766,0
DA:2767,0
DA:2768,0
DA:2770,0
DA:2779,0
DA:2782,0
DA:2784,0
DA:2793,0
DA:2796,0
DA:2797,0
DA:2806,0
DA:2809,0
DA:2810,0
DA:2812,0
DA:2820,0
DA:2823,0
DA:2827,0
DA:2829,0
DA:2837,0
DA:2844,0
DA:2852,0
DA:2857,0
DA:2865,0
DA:2871,0
DA:2879,0
DA:2887,0
DA:2889,0
DA:2890,0
DA:2892,0
DA:2896,0
DA:2898,0
DA:2900,0
DA:2904,0
DA:2907,0
DA:2908,0
DA:2911,0
DA:2912,0
DA:2917,0
DA:2918,0
DA:2920,0
DA:2923,0
DA:2926,0
DA:2927,0
DA:2928,0
DA:2930,0
DA:2932,0
DA:2940,0
DA:2943,0
DA:2944,0
DA:2945,0
DA:2947,0
DA:2956,0
DA:2959,0
DA:2960,0
DA:2962,0
DA:2971,0
DA:2974,0
DA:2976,0
DA:2985,0
DA:2988,0
DA:2989,0
DA:2998,0
DA:3002,0
DA:3006,0
DA:3009,0
DA:3017,0
DA:3022,0
DA:3030,0
DA:3035,0
DA:3043,0
DA:3049,0
DA:3057,0
DA:3063,0
DA:3065,0
DA:3066,0
DA:3068,0
DA:3072,0
DA:3074,0
DA:3076,0
DA:3080,0
DA:3083,0
DA:3085,0
DA:3091,0
DA:3092,0
DA:3094,0
DA:3097,0
DA:3099,0
DA:3100,0
DA:3101,0
DA:3106,0
DA:3107,0
DA:3109,0
DA:3111,0
DA:3121,0
DA:3125,0
DA:3126,0
DA:3128,0
DA:3130,0
DA:3140,0
DA:3143,0
DA:3144,0
DA:3146,0
DA:3147,0
DA:3149,0
DA:3159,0
DA:3163,0
DA:3164,0
DA:3165,0
DA:3166,0
DA:3167,0
DA:3168,0
DA:3169,0
DA:3170,0
DA:3171,0
DA:3173,0
DA:3178,0
DA:3188,0
DA:3189,0
DA:3190,0
DA:3195,0
DA:3198,0
DA:3208,0
DA:3214,0
DA:3215,0
DA:3217,0
DA:3227,0
DA:3231,0
DA:3232,0
DA:3234,0
DA:3235,0
DA:3236,0
DA:3237,0
DA:3238,0
DA:3239,0
DA:3240,0
DA:3242,0
DA:3246,0
DA:3255,0
DA:3256,0
DA:3257,0
DA:3262,0
DA:3265,0
DA:3275,0
[...]
BRDA:1380,694,1,0
BRDA:1380,695,0,0
BRDA:1380,695,1,0
BRDA:1380,695,2,0
BRDA:1380,696,0,0
BRDA:1380,696,1,0
BRDA:1381,697,0,0
BRDA:1381,697,1,0
BRDA:1390,698,0,0
BRDA:1390,698,1,0
BRDA:1390,698,2,0
BRDA:1390,698,3,0
BRDA:1390,699,0,0
BRDA:1390,699,1,0
BRDA:1395,700,0,0
BRDA:1395,700,1,0
BRDA:1400,701,0,0
BRDA:1400,701,1,0
BRDA:1400,702,0,0
BRDA:1400,702,1,0
BRDA:1400,703,0,0
BRDA:1400,703,1,0
BRDA:1402,704,0,0
BRDA:1402,704,1,0
BRDA:1402,705,0,0
BRDA:1402,705,1,0
BRDA:1402,706,0,0
BRDA:1402,706,1,0
BRDA:1402,707,0,0
BRDA:1402,707,1,0
BRDA:1402,708,0,0
BRDA:1402,708,1,0
BRDA:1402,709,0,0
BRDA:1402,709,1,0
BRDA:1403,710,0,0
BRDA:1403,710,1,0
BRDA:1404,711,0,0
BRDA:1404,711,1,0
BRDA:1408,712,0,0
BRDA:1408,712,1,0
BRDA:1410,713,0,0
BRDA:1410,713,1,0
BRDA:1410,714,0,0
BRDA:1410,714,1,0
BRDA:1410,715,0,0
BRDA:1410,715,1,0
BRDA:1410,716,0,0
BRDA:1410,716,1,0
BRDA:1410,717,0,0
BRDA:1410,717,1,0
BRDA:1415,718,0,0
BRDA:1415,718,1,0
BRDA:1415,719,0,0
BRDA:1415,719,1,0
BRDA:1415,720,0,0
BRDA:1415,720,1,0
BRDA:1415,721,0,0
BRDA:1415,721,1,0
BRDA:1415,722,0,0
BRDA:1415,722,1,0
BRDA:1415,723,0,0
BRDA:1415,723,1,0
BRDA:1415,724,0,0
BRDA:1415,724,1,0
BRDA:1415,724,2,0
BRDA:1415,724,3,0
BRDA:1427,725,0,0
BRDA:1427,725,1,0
BRDA:1439,726,0,0
BRDA:1439,726,1,0
BRDA:1439,727,0,0
BRDA:1439,727,1,0
BRDA:1439,727,2,0
BRDA:1443,728,0,0
BRDA:1443,728,1,0
BRDA:1444,729,0,0
BRDA:1444,729,1,0
BRDA:1448,730,0,0
BRDA:1448,730,1,0
BRDA:1450,731,0,0
BRDA:1450,731,1,0
BRDA:1450,732,0,0
BRDA:1450,732,1,0
BRDA:1450,733,0,0
BRDA:1450,733,1,0
BRDA:1450,734,0,0
BRDA:1450,734,1,0
BRDA:1450,735,0,0
BRDA:1450,735,1,0
BRDA:1455,736,0,0
BRDA:1455,736,1,0
BRDA:1464,737,0,0
BRDA:1464,737,1,0
BRDA:1464,738,0,0
BRDA:1464,738,1,0
BRDA:1464,739,0,0
BRDA:1464,739,1,0
BRDA:1468,740,0,0
BRDA:1468,740,1,0
BRDA:1468,740,2,0
BRDA:1469,741,0,0
BRDA:1469,741,1,0
BRDA:1470,742,0,0
BRDA:1470,742,1,0
BRDA:1470,743,0,0
BRDA:1470,743,1,0
BRDA:1470,744,0,0
BRDA:1470,744,1,0
BRDA:1470,745,0,0
BRDA:1470,745,1,0
BRDA:1470,746,0,0
BRDA:1470,746,1,0
BRDA:1470,746,2,0
BRDA:1470,747,0,0
BRDA:1470,747,1,0
BRDA:1480,748,0,0
BRDA:1480,748,1,0
BRDA:1481,749,0,0
BRDA:1481,749,1,0
BRDA:1493,750,0,0
BRDA:1493,750,1,0
BRDA:1493,751,0,0
BRDA:1493,751,1,0
BRDA:1494,752,0,0
BRDA:1494,752,1,0
BRDA:1497,753,0,0
BRDA:1497,753,1,0
BRDA:1498,754,0,0
BRDA:1498,754,1,0
BRDA:1499,755,0,0
BRDA:1499,755,1,0
BRDA:1502,756,0,0
BRDA:1502,756,1,0
BRDA:1502,757,0,0
BRDA:1502,757,1,0
BRDA:1509,758,0,0
BRDA:1509,758,1,0
BRDA:1515,759,0,0
BRDA:1515,759,1,0
BRDA:1515,759,2,0
BRDA:1519,760,0,0
BRDA:1519,760,1,0
BRDA:1523,761,0,0
BRDA:1523,761,1,0
BRDA:1531,762,0,0
BRDA:1531,762,1,0
BRDA:1531,763,0,0
BRDA:1531,763,1,0
BRDA:1537,764,0,0
BRDA:1537,764,1,0
BRDA:1540,765,0,0
BRDA:1540,765,1,0
BRDA:1544,766,0,0
BRDA:1544,766,1,0
BRDA:1544,767,0,0
BRDA:1544,767,1,0
BRDA:1544,768,0,0
BRDA:1544,768,1,0
BRDA:1549,769,0,0
BRDA:1549,769,1,0
BRDA:1551,770,0,0
BRDA:1551,770,1,0
BRDA:1551,771,0,0
BRDA:1551,771,1,0
BRDA:1551,772,0,0
BRDA:1551,772,1,0
BRDA:1551,773,0,0
BRDA:1551,773,1,0
BRDA:1551,774,0,0
BRDA:1551,774,1,0
BRDA:1555,775,0,0
BRDA:1555,775,1,0
BRDA:1555,776,0,0
BRDA:1555,776,1,0
BRDA:1555,777,0,0
BRDA:1555,777,1,0
BRDA:1555,778,0,0
BRDA:1555,778,1,0
BRDA:1555,779,0,0
BRDA:1555,779,1,0
BRDA:1555,780,0,0
BRDA:1555,780,1,0
BRDA:1555,781,0,0
BRDA:1555,781,1,0
BRDA:1555,782,0,0
BRDA:1555,782,1,0
BRDA:1555,783,0,0
BRDA:1555,783,1,0
BRDA:1555,784,0,0
BRDA:1555,784,1,0
BRDA:1555,785,0,0
BRDA:1555,785,1,0
BRDA:1555,786,0,0
BRDA:1555,786,1,0
BRDA:1555,787,0,0
BRDA:1555,787,1,0
BRDA:1555,788,0,0
BRDA:1555,788,1,0
BRDA:1555,789,0,0
BRDA:1555,789,1,0
BRDA:1555,790,0,0
BRDA:1555,790,1,0
BRDA:1555,791,0,0
BRDA:1555,791,1,0
BRDA:1555,792,0,0
BRDA:1555,792,1,0
BRDA:1559,793,0,0
BRDA:1559,793,1,0
BRDA:1559,794,0,0
BRDA:1559,794,1,0
BRDA:1559,795,0,0
BRDA:1559,795,1,0
BRDA:1559,796,0,0
BRDA:1559,796,1,0
BRDA:1561,797,0,0
BRDA:1561,797,1,0
BRDA:1561,798,0,0
BRDA:1561,798,1,0
BRDA:1561,799,0,0
BRDA:1561,799,1,0
BRDA:1562,800,0,0
BRDA:1562,800,1,0
BRDA:1566,801,0,0
BRDA:1566,801,1,0
BRDA:1571,802,0,0
BRDA:1571,802,1,0
BRDA:1580,803,0,0
BRDA:1580,803,1,0
BRDA:1580,803,2,0
BRDA:1580,804,0,0
BRDA:1580,804,1,0
BRDA:1580,804,2,0
BRDA:1580,805,0,0
BRDA:1580,805,1,0
BRDA:1580,806,0,0
BRDA:1580,806,1,0
BRDA:1580,807,0,0
BRDA:1580,807,1,0
BRDA:1581,808,0,0
BRDA:1581,808,1,0
BRDA:1581,809,0,0
BRDA:1581,809,1,0
BRDA:1581,810,0,0
BRDA:1581,810,1,0
BRDA:1581,811,0,0
BRDA:1581,811,1,0
BRDA:1581,812,0,0
BRDA:1581,812,1,0
BRDA:1581,812,2,0
BRDA:1581,813,0,0
BRDA:1581,813,1,0
BRDA:1581,814,0,0
BRDA:1581,814,1,0
BRDA:1582,815,0,0
BRDA:1582,815,1,0
BRDA:1582,816,0,0
BRDA:1582,816,1,0
BRDA:1582,817,0,0
BRDA:1582,817,1,0
BRDA:1582,818,0,0
BRDA:1582,818,1,0
BRDA:1583,819,0,0
BRDA:1583,819,1,0
BRDA:1583,820,0,0
BRDA:1583,820,1,0
BRDA:1583,821,0,0
BRDA:1583,821,1,0
BRDA:1611,822,0,0
BRDA:1611,822,1,0
BRDA:1615,823,0,0
BRDA:1615,823,1,0
BRDA:1615,824,0,0
BRDA:1615,824,1,0
BRDA:1615,825,0,0
BRDA:1615,825,1,0
BRDA:1615,826,0,0
BRDA:1615,826,1,0
BRDA:1615,827,0,0
BRDA:1615,827,1,0
BRDA:1616,828,0,0
BRDA:1616,828,1,0
BRDA:1616,829,0,0
BRDA:1616,829,1,0
BRDA:1616,830,0,0
BRDA:1616,830,1,0
BRDA:1616,831,0,0
BRDA:1616,831,1,0
BRDA:1616,832,0,0
BRDA:1616,832,1,0
BRDA:1621,833,0,0
BRDA:1621,833,1,0
BRDA:1621,834,0,0
BRDA:1621,834,1,0
BRDA:1621,835,0,0
BRDA:1621,835,1,0
BRDA:1621,836,0,0
BRDA:1621,836,1,0
BRDA:1621,836,2,0
BRDA:1622,837,0,0
BRDA:1622,837,1,0
BRDA:1623,838,0,0
BRDA:1623,838,1,0
BRDA:1624,839,0,0
BRDA:1624,839,1,0
BRDA:1624,840,0,0
BRDA:1624,840,1,0
BRDA:1624,841,0,0
BRDA:1624,841,1,0
BRDA:1624,841,2,0
BRDA:1625,842,0,0
BRDA:1625,842,1,0
BRDA:1626,843,0,0
BRDA:1626,843,1,0
BRDA:1626,843,2,0
BRDA:1635,844,0,0
BRDA:1635,844,1,0
BRDA:1635,844,2,0
BRDA:1635,844,3,0
BRDA:1653,845,0,0
BRDA:1653,845,1,0
BRDA:1653,845,2,0
BRDA:1653,845,3,0
BRDA:1671,846,0,0
BRDA:1671,846,1,0
BRDA:1671,846,2,0
BRDA:1683,847,0,0
BRDA:1683,847,1,0
BRDA:1683,848,0,0
BRDA:1683,848,1,0
BRDA:1683,848,2,0
BRDA:1688,849,0,0
BRDA:1688,849,1,0
BRDA:1701,850,0,0
BRDA:1701,850,1,0
BRDA:1701,850,2,0
BRDA:1701,850,3,0
BRDA:1701,851,0,0
BRDA:1701,851,1,0
BRDA:1714,852,0,0
BRDA:1714,852,1,0
BRDA:1714,853,0,0
BRDA:1714,853,1,0
BRDA:1720,854,0,0
BRDA:1720,854,1,0
BRDA:1720,855,0,0
BRDA:1720,855,1,0
BRDA:1720,856,0,0
BRDA:1720,856,1,0
BRDA:1720,857,0,0
BRDA:1720,857,1,0
BRDA:1720,858,0,0
BRDA:1720,858,1,0
BRDA:1720,859,0,0
BRDA:1720,859,1,0
BRDA:1720,860,0,0
BRDA:1720,860,1,0
BRDA:1720,861,0,0
BRDA:1720,861,1,0
BRDA:1720,862,0,0
BRDA:1720,862,1,0
BRDA:1720,863,0,0
BRDA:1720,863,1,0
BRDA:1720,864,0,0
BRDA:1720,864,1,0
BRDA:1720,865,0,0
BRDA:1720,865,1,0
BRDA:1720,866,0,0
BRDA:1720,866,1,0
BRDA:1720,867,0,0
BRDA:1720,867,1,0
BRDA:1720,868,0,0
BRDA:1720,868,1,0
BRDA:1720,869,0,0
BRDA:1720,869,1,0
BRDA:1720,870,0,0
BRDA:1720,870,1,0
BRDA:1720,871,0,0
BRDA:1720,871,1,0
BRDA:1720,872,0,0
BRDA:1720,872,1,0
BRDA:1720,873,0,0
BRDA:1720,873,1,0
BRDA:1721,874,0,0
BRDA:1721,874,1,0
BRDA:1721,875,0,0
BRDA:1721,875,1,0
BRDA:1721,876,0,0
BRDA:1721,876,1,0
BRDA:1722,877,0,0
BRDA:1722,877,1,0
BRDA:1722,878,0,0
BRDA:1722,878,1,0
BRDA:1722,879,0,0
BRDA:1722,879,1,0
BRDA:1727,880,0,0
BRDA:1727,880,1,0
BRDA:1727,881,0,0
BRDA:1727,881,1,0
BRDA:1732,882,0,0
BRDA:1732,882,1,0
BRDA:1734,883,0,0
BRDA:1734,883,1,0
BRDA:1734,884,0,0
BRDA:1734,884,1,0
BRDA:1734,885,0,0
BRDA:1734,885,1,0
BRDA:1734,886,0,0
BRDA:1734,886,1,0
BRDA:1734,887,0,0
BRDA:1734,887,1,0
BRDA:1749,888,0,0
BRDA:1749,888,1,0
BRDA:1749,889,0,0
BRDA:1749,889,1,0
BRDA:1749,890,0,0
BRDA:1749,890,1,0
BRDA:1749,891,0,0
BRDA:1749,891,1,0
BRDA:1751,892,0,0
BRDA:1751,892,1,0
BRDA:1751,893,0,0
BRDA:1751,893,1,0
BRDA:1754,894,0,0
BRDA:1754,894,1,0
BRDA:1754,895,0,0
BRDA:1754,895,1,0
BRDA:1755,896,0,0
BRDA:1755,896,1,0
BRDA:1755,897,0,0
BRDA:1755,897,1,0
BRDA:1757,898,0,0
BRDA:1757,898,1,0
BRDA:1758,899,0,0
BRDA:1758,899,1,0
BRDA:1764,900,0,0
BRDA:1764,900,1,0
BRDA:1764,901,0,0
BRDA:1764,901,1,0
BRDA:1773,902,0,0
BRDA:1773,902,1,0
BRDA:1773,902,2,0
BRDA:1773,903,0,0
BRDA:1773,903,1,0
BRDA:1775,904,0,0
BRDA:1775,904,1,0
BRDA:1777,905,0,0
BRDA:1777,905,1,0
BRDA:1777,906,0,0
BRDA:1777,906,1,0
BRDA:1777,907,0,0
BRDA:1777,907,1,0
BRDA:1779,908,0,0
BRDA:1779,908,1,0
BRDA:1785,909,0,0
BRDA:1785,909,1,0
BRDA:1785,909,2,0
BRDA:1786,910,0,0
BRDA:1786,910,1,0
BRDA:1786,910,2,0
BRDA:1787,911,0,0
BRDA:1787,911,1,0
BRDA:1787,912,0,0
BRDA:1787,912,1,0
BRDA:1787,913,0,0
BRDA:1787,913,1,0
BRDA:1787,913,2,0
BRDA:1787,914,0,0
BRDA:1787,914,1,0
BRDA:1791,915,0,0
BRDA:1791,915,1,0
BRDA:1791,916,0,0
BRDA:1791,916,1,0
BRDA:1791,916,2,0
BRDA:1791,916,3,0
BRDA:1791,917,0,0
BRDA:1791,917,1,0
BRDA:1791,918,0,0
BRDA:1791,918,1,0
BRDA:1791,919,0,0
BRDA:1791,919,1,0
BRDA:1791,920,0,0
BRDA:1791,920,1,0
BRDA:1791,921,0,0
BRDA:1791,921,1,0
BRDA:1791,922,0,0
BRDA:1791,922,1,0
BRDA:1791,923,0,0
BRDA:1791,923,1,0
BRDA:1791,924,0,0
BRDA:1791,924,1,0
BRDA:1794,925,0,0
BRDA:1794,925,1,0
BRDA:1795,926,0,0
BRDA:1795,926,1,0
BRDA:1795,927,0,0
BRDA:1795,927,1,0
BRDA:1795,928,0,0
BRDA:1795,928,1,0
BRDA:1795,929,0,0
BRDA:1795,929,1,0
BRDA:1795,929,2,0
BRDA:1798,930,0,0
BRDA:1798,930,1,0
BRDA:1807,931,0,0
BRDA:1807,931,1,0
BRDA:1807,932,0,0
BRDA:1807,932,1,0
BRDA:1807,933,0,0
BRDA:1807,933,1,0
BRDA:1809,934,0,0
BRDA:1809,934,1,0
BRDA:1813,935,0,0
BRDA:1813,935,1,0
BRDA:1815,936,0,0
BRDA:1815,936,1,0
BRDA:1815,937,0,0
BRDA:1815,937,1,0
BRDA:1815,938,0,0
BRDA:1815,938,1,0
BRDA:1815,939,0,0
BRDA:1815,939,1,0
BRDA:1815,940,0,0
BRDA:1815,940,1,0
BRDA:1817,941,0,0
BRDA:1817,941,1,0
BRDA:1817,942,0,0
BRDA:1817,942,1,0
BRDA:1817,943,0,0
BRDA:1817,943,1,0
BRDA:1817,944,0,0
BRDA:1817,944,1,0
BRDA:1817,945,0,0
BRDA:1817,945,1,0
BRDA:1817,946,0,0
BRDA:1817,946,1,0
BRDA:1820,947,0,0
BRDA:1820,947,1,0
BRDA:1820,948,0,0
BRDA:1820,948,1,0
BRDA:1820,948,2,0
BRDA:1820,948,3,0
BRDA:1820,949,0,0
BRDA:1820,949,1,0
BRDA:1820,950,0,0
BRDA:1820,950,1,0
BRDA:1823,951,0,0
BRDA:1823,951,1,0
BRDA:1847,952,0,0
BRDA:1847,952,1,0
BRDA:1847,953,0,0
BRDA:1847,953,1,0
BRDA:1847,954,0,0
BRDA:1847,954,1,0
BRDA:1847,955,0,0
BRDA:1847,955,1,0
BRDA:1852,956,0,0
BRDA:1852,956,1,0
BRDA:1852,957,0,0
BRDA:1852,957,1,0
BRDA:1857,958,0,0
BRDA:1857,958,1,0
BRDA:1859,959,0,0
BRDA:1859,959,1,0
BRDA:1859,960,0,0
BRDA:1859,960,1,0
BRDA:1859,961,0,0
BRDA:1859,961,1,0
BRDA:1859,962,0,0
BRDA:1859,962,1,0
BRDA:1859,963,0,0
BRDA:1859,963,1,0
BRDA:1863,964,0,0
BRDA:1863,964,1,0
BRDA:1863,965,0,0
BRDA:1863,965,1,0
BRDA:1863,966,0,0
BRDA:1863,966,1,0
BRDA:1863,967,0,0
BRDA:1863,967,1,0
BRDA:1863,968,0,0
BRDA:1863,968,1,0
BRDA:1863,969,0,0
BRDA:1863,969,1,0
BRDA:1865,970,0,0
BRDA:1865,970,1,0
BRDA:1866,971,0,0
BRDA:1866,971,1,0
BRDA:1868,972,0,0
BRDA:1868,972,1,0
BRDA:1868,973,0,0
BRDA:1868,973,1,0
BRDA:1868,973,2,0
BRDA:1868,973,3,0
BRDA:1868,973,4,0
BRDA:1869,974,0,0
BRDA:1869,974,1,0
BRDA:1873,975,0,0
BRDA:1873,975,1,0
BRDA:1878,976,0,0
BRDA:1878,976,1,0
BRDA:1880,977,0,0
BRDA:1880,977,1,0
BRDA:1880,978,0,0
BRDA:1880,978,1,0
BRDA:1880,979,0,0
BRDA:1880,979,1,0
BRDA:1880,980,0,0
BRDA:1880,980,1,0
BRDA:1880,981,0,0
BRDA:1880,981,1,0
BRDA:1880,982,0,0
BRDA:1880,982,1,0
BRDA:1883,983,0,0
BRDA:1883,983,1,0
BRDA:1885,984,0,0
BRDA:1885,984,1,0
BRDA:1885,985,0,0
BRDA:1885,985,1,0
BRDA:1885,986,0,0
BRDA:1885,986,1,0
BRDA:1885,987,0,0
BRDA:1885,987,1,0
BRDA:1885,988,0,0
BRDA:1885,988,1,0
BRF:2144
BRH:0
end_of_record
TN:
SF:src/public/dist/js/sidebarmenu.js
FN:10,(anonymous_0)
FN:14,(anonymous_1)
FN:17,(anonymous_2)
FN:38,(anonymous_3)
FN:56,(anonymous_4)
FNF:5
FNH:0
FNDA:0,(anonymous_0)
FNDA:0,(anonymous_1)
FNDA:0,(anonymous_2)
FNDA:0,(anonymous_3)
FNDA:0,(anonymous_4)
DA:10,0
DA:12,0
DA:13,0
DA:14,0
DA:15,0
DA:17,0
DA:19,0
DA:21,0
DA:22,0
DA:26,0
DA:28,0
DA:31,0
DA:32,0
DA:37,0
DA:38,0
DA:40,0
DA:42,0
DA:43,0
DA:46,0
DA:47,0
DA:50,0
DA:51,0
DA:52,0
DA:53,0
DA:56,0
DA:57,0
LF:26
LH:0
BRDA:15,0,0,0
BRDA:15,0,1,0
BRDA:19,1,0,0
BRDA:19,1,1,0
BRDA:19,2,0,0
BRDA:19,2,1,0
BRDA:22,3,0,0
BRDA:22,3,1,0
BRDA:26,4,0,0
BRDA:26,4,1,0
BRDA:26,5,0,0
BRDA:26,5,1,0
BRDA:31,6,0,0
BRDA:31,6,1,0
BRDA:40,7,0,0
BRDA:40,7,1,0
BRDA:50,8,0,0
BRDA:50,8,1,0
BRF:18
BRH:0
end_of_record
TN:
SF:src/public/dist/js/waves.js
FN:1,(anonymous_0)
FN:1,e
FN:1,n
FN:1,a
FN:1,i
FN:1,o
FN:1,r
FN:1,(anonymous_7)
FN:1,(anonymous_8)
FN:1,(anonymous_9)
FN:1,(anonymous_10)
FN:1,(anonymous_11)
FN:1,(anonymous_12)
FN:1,(anonymous_13)
FN:1,(anonymous_14)
FN:1,(anonymous_15)
FN:1,(anonymous_16)
FN:1,(anonymous_17)
FNF:18
FNH:0
FNDA:0,(anonymous_0)
FNDA:0,e
FNDA:0,n
FNDA:0,a
FNDA:0,i
FNDA:0,o
FNDA:0,r
FNDA:0,(anonymous_7)
FNDA:0,(anonymous_8)
FNDA:0,(anonymous_9)
FNDA:0,(anonymous_10)
FNDA:0,(anonymous_11)
FNDA:0,(anonymous_12)
FNDA:0,(anonymous_13)
FNDA:0,(anonymous_14)
FNDA:0,(anonymous_15)
FNDA:0,(anonymous_16)
FNDA:0,(anonymous_17)
DA:1,0
LF:1
LH:0
BRDA:1,0,0,0
BRDA:1,0,1,0
BRDA:1,1,0,0
BRDA:1,1,1,0
BRDA:1,2,0,0
BRDA:1,2,1,0
BRDA:1,3,0,0
BRDA:1,3,1,0
BRDA:1,4,0,0
BRDA:1,4,1,0
BRDA:1,5,0,0
BRDA:1,5,1,0
BRDA:1,6,0,0
BRDA:1,6,1,0
BRDA:1,7,0,0
BRDA:1,7,1,0
BRDA:1,8,0,0
BRDA:1,8,1,0
BRDA:1,9,0,0
BRDA:1,9,1,0
BRDA:1,10,0,0
BRDA:1,10,1,0
BRDA:1,11,0,0
BRDA:1,11,1,0
BRDA:1,12,0,0
BRDA:1,12,1,0
BRDA:1,13,0,0
BRDA:1,13,1,0
BRDA:1,14,0,0
BRDA:1,14,1,0
BRDA:1,15,0,0
BRDA:1,15,1,0
BRDA:1,16,0,0
BRDA:1,16,1,0
BRDA:1,17,0,0
BRDA:1,17,1,0
BRDA:1,18,0,0
BRDA:1,18,1,0
BRDA:1,19,0,0
BRDA:1,19,1,0
BRDA:1,20,0,0
BRDA:1,20,1,0
BRDA:1,21,0,0
BRDA:1,21,1,0
BRDA:1,22,0,0
BRDA:1,22,1,0
BRDA:1,23,0,0
BRDA:1,23,1,0
BRDA:1,24,0,0
BRDA:1,24,1,0
BRDA:1,25,0,0
BRDA:1,25,1,0
BRDA:1,26,0,0
BRDA:1,26,1,0
BRDA:1,27,0,0
BRDA:1,27,1,0
BRDA:1,27,2,0
BRDA:1,28,0,0
BRDA:1,28,1,0
BRDA:1,29,0,0
BRDA:1,29,1,0
BRDA:1,30,0,0
BRDA:1,30,1,0
BRDA:1,31,0,0
BRDA:1,31,1,0
BRDA:1,32,0,0
BRDA:1,32,1,0
BRF:67
BRH:0
end_of_record
TN:
SF:src/public/dist/js/pages/dashboards/dashboard1.js
FN:7,(anonymous_0)
FN:32,(anonymous_1)
FN:42,(anonymous_2)
FN:51,(anonymous_3)
FNF:4
FNH:0
FNDA:0,(anonymous_0)
FNDA:0,(anonymous_1)
FNDA:0,(anonymous_2)
FNDA:0,(anonymous_3)
DA:7,0
DA:13,0
DA:33,0
DA:42,0
DA:43,0
DA:44,0
DA:51,0
DA:52,0
DA:53,0
DA:69,0
LF:10
LH:0
BRDA:43,0,0,0
BRDA:43,0,1,0
BRF:2
BRH:0
end_of_record
TN:
SF:src/routes/adminbanklist.route.js
FNF:0
FNH:0
DA:1,0
DA:2,0
DA:3,0
DA:4,0
DA:6,0
DA:8,0
DA:10,0
DA:12,0
DA:14,0
DA:16,0
DA:18,0
DA:20,0
DA:22,0
DA:24,0
DA:28,0
LF:15
LH:0
BRF:0
BRH:0
end_of_record
TN:
SF:src/routes/adminlist.route.js
FNF:0
FNH:0
DA:1,0
DA:2,0
DA:3,0
DA:4,0
DA:6,0
DA:9,0
DA:11,0
DA:13,0
DA:15,0
DA:17,0
DA:19,0
DA:22,0
DA:24,0
DA:26,0
DA:28,0
DA:30,0
DA:32,0
DA:34,0
DA:38,0
LF:19
LH:0
BRF:0
BRH:0
end_of_record
TN:
SF:src/routes/adminsetting.route.js
FNF:0
FNH:0
DA:1,0
DA:2,0
DA:3,0
DA:4,0
DA:6,0
DA:35,0
DA:37,0
DA:39,0
DA:42,0
LF:9
LH:0
BRF:0
BRH:0
end_of_record
TN:
SF:src/routes/announcementsetting.route.js
FNF:0
FNH:0
DA:1,0
DA:2,0
DA:3,0
DA:4,0
DA:6,0
DA:8,0
DA:10,0
DA:12,0
DA:14,0
DA:16,0
DA:18,0
DA:20,0
LF:12
LH:0
BRF:0
BRH:0
end_of_record
TN:
SF:src/routes/bannersetting.route.js
FNF:0
FNH:0
DA:1,0
DA:2,0
DA:3,0
DA:4,0
DA:6,0
DA:8,0
DA:10,0
DA:12,0
DA:14,0
DA:16,0
DA:18,0
DA:20,0
LF:12
LH:0
BRF:0
BRH:0
end_of_record
TN:
SF:src/routes/general.route.js
FNF:0
FNH:0
DA:1,0
DA:2,0
DA:3,0
DA:4,0
DA:6,0
DA:8,0
DA:10,0
DA:12,0
DA:14,0
DA:16,0
DA:18,0
DA:20,0
DA:22,0
DA:25,0
LF:14
LH:0
BRF:0
BRH:0
end_of_record
TN:
SF:src/routes/interesttype.route.js
FNF:0
FNH:0
DA:1,0
DA:2,0
DA:3,0
DA:4,0
DA:6,0
DA:8,0
DA:10,0
DA:12,0
DA:14,0
DA:16,0
DA:18,0
DA:20,0
DA:22,0
DA:24,0
LF:14
LH:0
BRF:0
BRH:0
end_of_record
TN:
SF:src/routes/line.route.js
FNF:0
FNH:0
DA:1,0
DA:2,0
DA:3,0
DA:4,0
DA:6,0
DA:8,0
DA:11,0
LF:7
LH:0
BRF:0
BRH:0
end_of_record
TN:
SF:src/routes/linechat.route.js
FNF:0
FNH:0
DA:1,0
DA:2,0
DA:3,0
DA:4,0
DA:6,0
DA:8,0
DA:10,0
DA:12,0
DA:14,0
DA:16,0
DA:18,0
DA:20,0
DA:22,0
DA:24,0
DA:26,0
DA:28,0
DA:30,0
DA:32,0
DA:34,0
DA:36,0
DA:38,0
DA:40,0
DA:42,0
DA:44,0
DA:46,0
DA:48,0
DA:50,0
DA:52,0
DA:54,0
DA:56,0
DA:58,0
DA:60,0
DA:62,0
DA:64,0
DA:66,0
DA:68,0
DA:70,0
DA:72,0
DA:74,0
DA:76,0
LF:40
LH:0
BRF:0
BRH:0
end_of_record
TN:
SF:src/routes/linechatsetting.route.js
FNF:0
FNH:0
DA:1,0
DA:2,0
DA:3,0
DA:4,0
DA:6,0
DA:8,0
DA:10,0
DA:12,0
DA:14,0
DA:16,0
DA:18,0
DA:20,0
LF:12
LH:0
BRF:0
BRH:0
end_of_record
TN:
SF:src/routes/linelogin.route.js
FNF:0
FNH:0
DA:1,0
DA:2,0
DA:3,0
DA:5,0
DA:7,0
DA:9,0
DA:11,0
DA:13,0
DA:15,0
DA:17,0
DA:19,0
DA:21,0
DA:23,0
LF:13
LH:0
BRF:0
BRH:0
end_of_record
TN:
SF:src/routes/linewebhook.route.js
FN:28,(anonymous_0)
FNF:1
FNH:0
FNDA:0,(anonymous_0)
DA:1,0
DA:2,0
DA:28,0
DA:29,0
DA:31,0
DA:33,0
DA:35,0
DA:36,0
DA:37,0
DA:39,0
LF:10
LH:0
BRF:0
BRH:0
end_of_record
TN:
SF:src/routes/loanlist.route.js
FNF:0
FNH:0
DA:1,0
DA:2,0
DA:3,0
DA:4,0
DA:6,0
DA:10,0
DA:12,0
DA:14,0
DA:16,0
DA:18,0
DA:20,0
DA:22,0
DA:24,0
DA:26,0
DA:28,0
DA:30,0
DA:32,0
DA:34,0
DA:36,0
DA:38,0
DA:40,0
DA:42,0
DA:44,0
DA:46,0
DA:48,0
DA:50,0
DA:52,0
DA:54,0
LF:28
LH:0
BRF:0
BRH:0
end_of_record
TN:
SF:src/routes/memberlist.route.js
FNF:0
FNH:0
DA:1,0
DA:2,0
DA:3,0
DA:4,0
DA:6,0
DA:8,0
DA:10,0
DA:12,0
DA:14,0
DA:16,0
DA:18,0
DA:20,0
DA:22,0
DA:24,0
DA:26,0
DA:28,0
DA:30,0
DA:32,0
DA:34,0
DA:36,0
DA:38,0
DA:40,0
DA:42,0
DA:44,0
DA:46,0
DA:48,0
DA:50,0
DA:52,0
DA:54,0
DA:56,0
DA:58,0
DA:60,0
DA:62,0
DA:64,0
DA:66,0
DA:68,0
DA:70,0
DA:72,0
DA:74,0
DA:76,0
DA:78,0
DA:80,0
DA:82,0
DA:84,0
DA:86,0
DA:88,0
DA:90,0
DA:92,0
DA:94,0
DA:96,0
DA:98,0
DA:100,0
DA:102,0
DA:104,0
DA:106,0
DA:108,0
DA:110,0
DA:112,0
DA:114,0
LF:59
LH:0
BRF:0
BRH:0
end_of_record
TN:
SF:src/routes/otpmanage.route.js
FNF:0
FNH:0
DA:1,0
DA:2,0
DA:3,0
DA:4,0
DA:6,0
DA:8,0
DA:10,0
DA:12,0
DA:14,0
LF:9
LH:0
BRF:0
BRH:0
end_of_record
TN:
SF:src/routes/popupsetting.route.js
FNF:0
FNH:0
DA:1,0
DA:2,0
DA:3,0
DA:4,0
DA:6,0
DA:8,0
DA:10,0
DA:12,0
DA:14,0
DA:16,0
DA:18,0
DA:20,0
LF:12
LH:0
BRF:0
BRH:0
end_of_record
TN:
SF:src/routes/product.route.js
FNF:0
FNH:0
DA:1,0
DA:2,0
DA:3,0
DA:4,0
DA:6,0
DA:9,0
DA:13,0
DA:15,0
DA:17,0
DA:19,0
DA:21,0
DA:23,0
DA:25,0
DA:27,0
DA:29,0
DA:31,0
DA:33,0
DA:35,0
DA:37,0
DA:39,0
DA:41,0
DA:43,0
DA:45,0
DA:47,0
DA:49,0
DA:51,0
DA:53,0
DA:55,0
DA:57,0
DA:59,0
DA:61,0
DA:63,0
DA:65,0
DA:67,0
DA:69,0
LF:35
LH:0
BRF:0
BRH:0
end_of_record
TN:
SF:src/routes/promotionlist.route.js
FNF:0
FNH:0
DA:1,0
DA:2,0
DA:3,0
DA:4,0
DA:6,0
DA:8,0
DA:10,0
DA:12,0
DA:14,0
DA:16,0
DA:18,0
DA:20,0
LF:12
LH:0
BRF:0
BRH:0
end_of_record
TN:
SF:src/routes/referlist.route.js
FNF:0
FNH:0
DA:1,0
DA:2,0
DA:3,0
DA:4,0
DA:6,0
DA:8,0
DA:10,0
DA:12,0
DA:14,0
DA:16,0
DA:18,0
DA:20,0
LF:12
LH:0
BRF:0
BRH:0
end_of_record
TN:
SF:src/routes/report.route.js
FNF:0
FNH:0
DA:1,0
DA:2,0
DA:3,0
DA:5,0
DA:7,0
DA:35,0
DA:49,0
DA:53,0
LF:8
LH:0
BRF:0
BRH:0
end_of_record
TN:
SF:src/routes/scb.route.js
FNF:0
FNH:0
DA:1,0
DA:2,0
DA:3,0
DA:5,0
DA:7,0
DA:9,0
DA:11,0
DA:13,0
DA:15,0
DA:17,0
DA:19,0
DA:23,0
LF:12
LH:0
BRF:0
BRH:0
end_of_record
TN:
SF:src/routes/staffgrouplist.route.js
FNF:0
FNH:0
DA:1,0
DA:2,0
DA:3,0
DA:4,0
DA:6,0
DA:8,0
DA:10,0
DA:12,0
DA:14,0
DA:16,0
DA:18,0
DA:20,0
DA:22,0
DA:24,0
DA:26,0
DA:28,0
DA:30,0
LF:17
LH:0
BRF:0
BRH:0
end_of_record
TN:
SF:src/routes/stafflist.route.js
FNF:0
FNH:0
DA:1,0
DA:2,0
DA:3,0
DA:4,0
DA:6,0
DA:8,0
DA:10,0
DA:12,0
DA:14,0
DA:16,0
DA:18,0
LF:11
LH:0
BRF:0
BRH:0
end_of_record
TN:
SF:src/routes/subscriptiongroup.route.js
FNF:0
FNH:0
DA:1,0
DA:2,0
DA:3,0
DA:4,0
DA:6,0
DA:8,0
DA:10,0
DA:12,0
DA:14,0
DA:16,0
DA:18,0
DA:20,0
DA:22,0
DA:24,0
DA:26,0
DA:28,0
DA:30,0
DA:32,0
DA:34,0
DA:36,0
DA:38,0
LF:21
LH:0
BRF:0
BRH:0
end_of_record
TN:
SF:src/routes/subscriptiontype.route.js
FNF:0
FNH:0
DA:1,0
DA:2,0
DA:3,0
DA:4,0
DA:6,0
DA:8,0
DA:10,0
DA:12,0
DA:14,0
DA:16,0
DA:18,0
DA:20,0
LF:12
LH:0
BRF:0
BRH:0
end_of_record
TN:
SF:src/routes/transaction.route.js
FNF:0
FNH:0
DA:1,0
DA:2,0
DA:3,0
DA:4,0
DA:6,0
DA:8,0
DA:10,0
DA:12,0
DA:14,0
DA:16,0
DA:18,0
DA:20,0
DA:22,0
LF:13
LH:0
BRF:0
BRH:0
end_of_record
TN:
SF:src/routes/uploadfile.route.js
FN:14,(anonymous_0)
FN:17,(anonymous_1)
FNF:2
FNH:0
FNDA:0,(anonymous_0)
FNDA:0,(anonymous_1)
DA:1,0
DA:2,0
DA:3,0
DA:5,0
DA:7,0
DA:9,0
DA:10,0
DA:13,0
DA:15,0
DA:18,0
DA:22,0
DA:24,0
DA:26,0
DA:28,0
DA:30,0
DA:32,0
DA:34,0
DA:36,0
DA:39,0
LF:19
LH:0
BRF:0
BRH:0
end_of_record
